2020-06-23 14:46:36,800 - INFO - Assemble, Step 1, Build Dataset
2020-06-23 14:46:36,801 - INFO - current dataset length is 1 in D:\DB-master\dataset\ours\train_images
2020-06-23 14:46:36,801 - INFO - Assemble, Step 2, Build Dataloader
2020-06-23 14:46:36,801 - INFO - Assemble, Step 3, Build Model
2020-06-23 14:46:36,925 - INFO - ResNet init weights from pretreain
2020-06-23 14:46:37,079 - INFO - GFPN init weights
2020-06-23 14:46:37,118 - INFO - Using GPU 0
2020-06-23 14:46:38,111 - INFO - Assemble, Step 5, Build Criterion
2020-06-23 14:46:38,112 - INFO - Assemble, Step 6, Build Optimizer
2020-06-23 14:46:38,113 - INFO - Assemble, Step 7, Build LR scheduler
2020-06-23 14:46:38,114 - INFO - Assemble, Step 8, Build Runner
2020-06-23 14:46:38,115 - INFO - Start train...
2020-06-23 14:46:46,141 - INFO - [{'precision': 0, 'recall': 0.0, 'hmean': 0, 'pairs': [], 'iouMat': [[0.0]], 'gtPolPoints': [tensor([[  2., 270.],
        [ 29., 270.],
        [ 29., 373.],
        [  2., 373.]])], 'detPolPoints': [], 'gtCare': 1, 'detCare': 0, 'gtDontCare': [], 'detDontCare': [], 'detMatched': 0, 'evaluationLog': 'GT polygons: 1\nDET polygons: 0\n'}]
2020-06-23 14:46:46,142 - INFO - Train, Iter 10, LR [0.001] loss 0.8514657020568848
2020-06-23 14:46:46,142 - INFO - bce:	0.6616103053092957
2020-06-23 14:46:46,142 - INFO - mask l1:	0.13592006266117096
2020-06-23 14:46:46,143 - INFO - dice loss:	0.053935375064611435
2020-06-23 14:46:48,781 - INFO - [{'precision': 0, 'recall': 0.0, 'hmean': 0, 'pairs': [], 'iouMat': [[0.0]], 'gtPolPoints': [tensor([[  2., 270.],
        [ 29., 270.],
        [ 29., 373.],
        [  2., 373.]])], 'detPolPoints': [], 'gtCare': 1, 'detCare': 0, 'gtDontCare': [], 'detDontCare': [], 'detMatched': 0, 'evaluationLog': 'GT polygons: 1\nDET polygons: 0\n'}]
2020-06-23 14:46:48,782 - INFO - Train, Iter 20, LR [0.001] loss 0.5088269114494324
2020-06-23 14:46:48,782 - INFO - bce:	0.3751416504383087
2020-06-23 14:46:48,782 - INFO - mask l1:	0.09900429844856262
2020-06-23 14:46:48,783 - INFO - dice loss:	0.03468095138669014
2020-06-23 14:46:57,293 - INFO - [{'precision': 0, 'recall': 0.0, 'hmean': 0, 'pairs': [], 'iouMat': [[0.0]], 'gtPolPoints': [tensor([[  2., 270.],
        [ 29., 270.],
        [ 29., 373.],
        [  2., 373.]])], 'detPolPoints': [], 'gtCare': 1, 'detCare': 0, 'gtDontCare': [], 'detDontCare': [], 'detMatched': 0, 'evaluationLog': 'GT polygons: 1\nDET polygons: 0\n'}]
2020-06-23 14:46:57,293 - INFO - Train, Iter 30, LR [0.001] loss 1.0673305988311768
2020-06-23 14:46:57,294 - INFO - bce:	0.8425856232643127
2020-06-23 14:46:57,294 - INFO - mask l1:	0.1277797818183899
2020-06-23 14:46:57,294 - INFO - dice loss:	0.09696511179208755
2020-06-23 14:47:00,525 - INFO - [{'precision': 0, 'recall': 0.0, 'hmean': 0, 'pairs': [], 'iouMat': [[0.0]], 'gtPolPoints': [tensor([[  2., 270.],
        [ 29., 270.],
        [ 29., 373.],
        [  2., 373.]])], 'detPolPoints': [], 'gtCare': 1, 'detCare': 0, 'gtDontCare': [], 'detDontCare': [], 'detMatched': 0, 'evaluationLog': 'GT polygons: 1\nDET polygons: 0\n'}]
2020-06-23 14:47:00,526 - INFO - Train, Iter 40, LR [0.001] loss 0.2703556418418884
2020-06-23 14:47:00,526 - INFO - bce:	0.18173395097255707
2020-06-23 14:47:00,527 - INFO - mask l1:	0.06521748006343842
2020-06-23 14:47:00,527 - INFO - dice loss:	0.023404205217957497
2020-06-23 14:47:03,758 - INFO - [{'precision': 0.0, 'recall': 0.0, 'hmean': 0, 'pairs': [], 'iouMat': [[0.0]], 'gtPolPoints': [tensor([[  2., 270.],
        [ 29., 270.],
        [ 29., 373.],
        [  2., 373.]])], 'detPolPoints': [[[19.0, 28.0], [161.0, 28.0], [161.0, 74.0], [19.0, 74.0]]], 'gtCare': 1, 'detCare': 1, 'gtDontCare': [], 'detDontCare': [], 'detMatched': 0, 'evaluationLog': 'GT polygons: 1\nDET polygons: 1\n'}]
2020-06-23 14:47:03,759 - INFO - Train, Iter 50, LR [0.001] loss 0.24871337413787842
2020-06-23 14:47:03,759 - INFO - bce:	0.16402000188827515
2020-06-23 14:47:03,760 - INFO - mask l1:	0.06679292768239975
2020-06-23 14:47:03,760 - INFO - dice loss:	0.01790045015513897
2020-06-23 14:47:12,094 - INFO - [{'precision': 0.0, 'recall': 0.0, 'hmean': 0, 'pairs': [], 'iouMat': [[0.0]], 'gtPolPoints': [tensor([[  2., 270.],
        [ 29., 270.],
        [ 29., 373.],
        [  2., 373.]])], 'detPolPoints': [[[58.0, 153.0], [201.0, 139.0], [205.0, 186.0], [62.0, 200.0]]], 'gtCare': 1, 'detCare': 1, 'gtDontCare': [], 'detDontCare': [], 'detMatched': 0, 'evaluationLog': 'GT polygons: 1\nDET polygons: 1\n'}]
2020-06-23 14:47:12,104 - INFO - Train, Iter 60, LR [0.001] loss 0.2399546504020691
2020-06-23 14:47:12,104 - INFO - bce:	0.15469329059123993
2020-06-23 14:47:12,104 - INFO - mask l1:	0.06459807604551315
2020-06-23 14:47:12,105 - INFO - dice loss:	0.02066328004002571
