2020-06-23 14:51:15,318 - INFO - Assemble, Step 1, Build Dataset
2020-06-23 14:51:15,318 - INFO - current dataset length is 1 in D:\DB-master\dataset\ours\train_images
2020-06-23 14:51:15,318 - INFO - Assemble, Step 2, Build Dataloader
2020-06-23 14:51:15,318 - INFO - Assemble, Step 3, Build Model
2020-06-23 14:51:15,458 - INFO - ResNet init weights from pretreain
2020-06-23 14:51:15,718 - INFO - GFPN init weights
2020-06-23 14:51:15,764 - INFO - Using GPU 0
2020-06-23 14:51:16,757 - INFO - Assemble, Step 5, Build Criterion
2020-06-23 14:51:16,758 - INFO - Assemble, Step 6, Build Optimizer
2020-06-23 14:51:16,759 - INFO - Assemble, Step 7, Build LR scheduler
2020-06-23 14:51:16,760 - INFO - Assemble, Step 8, Build Runner
2020-06-23 14:51:16,761 - INFO - Start train...
2020-06-23 14:51:23,695 - INFO - [{'precision': 0, 'recall': 0.0, 'hmean': 0, 'pairs': [], 'iouMat': [[0.0]], 'gtPolPoints': [tensor([[  2., 270.],
        [ 29., 270.],
        [ 29., 373.],
        [  2., 373.]])], 'detPolPoints': [], 'gtCare': 1, 'detCare': 0, 'gtDontCare': [], 'detDontCare': [], 'detMatched': 0, 'evaluationLog': 'GT polygons: 1\nDET polygons: 0\n'}]
2020-06-23 14:51:23,695 - INFO - Train, Iter 10, LR [0.001] loss 0.32390376925468445
2020-06-23 14:51:23,696 - INFO - bce:	0.2197810560464859
2020-06-23 14:51:23,696 - INFO - mask l1:	0.08413101732730865
2020-06-23 14:51:23,696 - INFO - dice loss:	0.01999170146882534
2020-06-23 14:51:25,853 - INFO - [{'precision': 0.0, 'recall': 0.0, 'hmean': 0, 'pairs': [], 'iouMat': [[0.0]], 'gtPolPoints': [tensor([[  2., 270.],
        [ 29., 270.],
        [ 29., 373.],
        [  2., 373.]])], 'detPolPoints': [[[127.0, 60.0], [400.0, 60.0], [400.0, 146.0], [127.0, 146.0]]], 'gtCare': 1, 'detCare': 1, 'gtDontCare': [], 'detDontCare': [], 'detMatched': 0, 'evaluationLog': 'GT polygons: 1\nDET polygons: 1\n'}]
2020-06-23 14:51:25,853 - INFO - Train, Iter 20, LR [0.001] loss 0.10783770680427551
2020-06-23 14:51:25,853 - INFO - bce:	0.0606672540307045
2020-06-23 14:51:25,854 - INFO - mask l1:	0.037566374987363815
2020-06-23 14:51:25,854 - INFO - dice loss:	0.009604073129594326
2020-06-23 14:51:28,002 - INFO - [{'precision': 0.0, 'recall': 0.0, 'hmean': 0, 'pairs': [], 'iouMat': [[0.0]], 'gtPolPoints': [tensor([[  2., 270.],
        [ 29., 270.],
        [ 29., 373.],
        [  2., 373.]])], 'detPolPoints': [[[126.0, 59.0], [399.0, 59.0], [399.0, 145.0], [126.0, 145.0]]], 'gtCare': 1, 'detCare': 1, 'gtDontCare': [], 'detDontCare': [], 'detMatched': 0, 'evaluationLog': 'GT polygons: 1\nDET polygons: 1\n'}]
2020-06-23 14:51:28,002 - INFO - Train, Iter 30, LR [0.001] loss 0.060405224561691284
2020-06-23 14:51:28,003 - INFO - bce:	0.03175785019993782
2020-06-23 14:51:28,003 - INFO - mask l1:	0.022524625062942505
2020-06-23 14:51:28,003 - INFO - dice loss:	0.0061227502301335335
2020-06-23 14:51:33,421 - INFO - [{'precision': 0.0, 'recall': 0.0, 'hmean': 0, 'pairs': [], 'iouMat': [[0.0, 0.0]], 'gtPolPoints': [tensor([[  2., 270.],
        [ 29., 270.],
        [ 29., 373.],
        [  2., 373.]])], 'detPolPoints': [[[106.0, 171.0], [135.0, 171.0], [135.0, 234.0], [106.0, 234.0]], [[128.0, 60.0], [398.0, 60.0], [398.0, 145.0], [128.0, 145.0]]], 'gtCare': 1, 'detCare': 2, 'gtDontCare': [], 'detDontCare': [], 'detMatched': 0, 'evaluationLog': 'GT polygons: 1\nDET polygons: 2\n'}]
2020-06-23 14:51:33,421 - INFO - Train, Iter 40, LR [0.001] loss 0.04536759853363037
2020-06-23 14:51:33,422 - INFO - bce:	0.020457560196518898
2020-06-23 14:51:33,422 - INFO - mask l1:	0.020108669996261597
2020-06-23 14:51:33,422 - INFO - dice loss:	0.004801368806511164
2020-06-23 14:51:38,847 - INFO - [{'precision': 0.0, 'recall': 0.0, 'hmean': 0, 'pairs': [], 'iouMat': [[0.0, 0.0]], 'gtPolPoints': [tensor([[  2., 270.],
        [ 29., 270.],
        [ 29., 373.],
        [  2., 373.]])], 'detPolPoints': [[[108.0, 173.0], [133.0, 173.0], [133.0, 233.0], [108.0, 233.0]], [[128.0, 61.0], [397.0, 61.0], [397.0, 143.0], [128.0, 143.0]]], 'gtCare': 1, 'detCare': 2, 'gtDontCare': [], 'detDontCare': [], 'detMatched': 0, 'evaluationLog': 'GT polygons: 1\nDET polygons: 2\n'}]
2020-06-23 14:51:38,847 - INFO - Train, Iter 50, LR [0.001] loss 0.03627573698759079
2020-06-23 14:51:38,848 - INFO - bce:	0.013836552388966084
2020-06-23 14:51:38,848 - INFO - mask l1:	0.018635889515280724
2020-06-23 14:51:38,848 - INFO - dice loss:	0.003803294850513339
2020-06-23 14:51:43,551 - INFO - [{'precision': 0.0, 'recall': 0.0, 'hmean': 0, 'pairs': [], 'iouMat': [[0.0, 0.0, 0.0]], 'gtPolPoints': [tensor([[  2., 270.],
        [ 29., 270.],
        [ 29., 373.],
        [  2., 373.]])], 'detPolPoints': [[[108.0, 173.0], [133.0, 173.0], [133.0, 232.0], [108.0, 232.0]], [[32.0, 173.0], [49.0, 173.0], [49.0, 233.0], [32.0, 233.0]], [[128.0, 59.0], [398.0, 59.0], [398.0, 144.0], [128.0, 144.0]]], 'gtCare': 1, 'detCare': 3, 'gtDontCare': [], 'detDontCare': [], 'detMatched': 0, 'evaluationLog': 'GT polygons: 1\nDET polygons: 3\n'}]
2020-06-23 14:51:43,551 - INFO - Train, Iter 60, LR [0.001] loss 0.025844721123576164
2020-06-23 14:51:43,551 - INFO - bce:	0.008688192814588547
2020-06-23 14:51:43,552 - INFO - mask l1:	0.01370992511510849
2020-06-23 14:51:43,552 - INFO - dice loss:	0.003446602961048484
2020-06-23 14:51:48,592 - INFO - [{'precision': 0.0, 'recall': 0.0, 'hmean': 0, 'pairs': [], 'iouMat': [[0.0, 0.0, 0.0, 0.0]], 'gtPolPoints': [tensor([[  2., 270.],
        [ 29., 270.],
        [ 29., 373.],
        [  2., 373.]])], 'detPolPoints': [[[106.0, 172.0], [135.0, 172.0], [135.0, 233.0], [106.0, 233.0]], [[32.0, 173.0], [49.0, 173.0], [49.0, 232.0], [32.0, 232.0]], [[75.0, 174.0], [86.0, 174.0], [86.0, 229.0], [75.0, 229.0]], [[127.0, 60.0], [398.0, 60.0], [398.0, 145.0], [127.0, 145.0]]], 'gtCare': 1, 'detCare': 4, 'gtDontCare': [], 'detDontCare': [], 'detMatched': 0, 'evaluationLog': 'GT polygons: 1\nDET polygons: 4\n'}]
2020-06-23 14:51:48,593 - INFO - Train, Iter 70, LR [0.0009] loss 0.025054998695850372
2020-06-23 14:51:48,593 - INFO - bce:	0.006080810911953449
2020-06-23 14:51:48,593 - INFO - mask l1:	0.016253015026450157
2020-06-23 14:51:48,594 - INFO - dice loss:	0.0027211725246161222
2020-06-23 14:51:52,047 - INFO - [{'precision': 0.0, 'recall': 0.0, 'hmean': 0, 'pairs': [], 'iouMat': [[0.0, 0.0, 0.0]], 'gtPolPoints': [tensor([[  2., 270.],
        [ 29., 270.],
        [ 29., 373.],
        [  2., 373.]])], 'detPolPoints': [[[108.0, 172.0], [133.0, 172.0], [133.0, 231.0], [108.0, 231.0]], [[35.0, 174.0], [46.0, 174.0], [46.0, 230.0], [35.0, 230.0]], [[127.0, 59.0], [397.0, 59.0], [397.0, 144.0], [127.0, 144.0]]], 'gtCare': 1, 'detCare': 3, 'gtDontCare': [], 'detDontCare': [], 'detMatched': 0, 'evaluationLog': 'GT polygons: 1\nDET polygons: 3\n'}]
2020-06-23 14:51:52,048 - INFO - Train, Iter 80, LR [0.0009] loss 0.02046290412545204
2020-06-23 14:51:52,048 - INFO - bce:	0.004289119970053434
2020-06-23 14:51:52,049 - INFO - mask l1:	0.013256523758172989
2020-06-23 14:51:52,049 - INFO - dice loss:	0.002917259931564331
2020-06-23 14:51:55,006 - INFO - [{'precision': 0.0, 'recall': 0.0, 'hmean': 0, 'pairs': [], 'iouMat': [[0.0, 0.0, 0.0, 0.0]], 'gtPolPoints': [tensor([[  2., 270.],
        [ 29., 270.],
        [ 29., 373.],
        [  2., 373.]])], 'detPolPoints': [[[108.0, 173.0], [133.0, 173.0], [133.0, 231.0], [108.0, 231.0]], [[33.0, 174.0], [47.0, 174.0], [47.0, 232.0], [33.0, 232.0]], [[77.0, 175.0], [84.0, 175.0], [84.0, 228.0], [77.0, 228.0]], [[128.0, 61.0], [398.0, 61.0], [398.0, 146.0], [128.0, 146.0]]], 'gtCare': 1, 'detCare': 4, 'gtDontCare': [], 'detDontCare': [], 'detMatched': 0, 'evaluationLog': 'GT polygons: 1\nDET polygons: 4\n'}]
2020-06-23 14:51:55,007 - INFO - Train, Iter 90, LR [0.0009] loss 0.021186847239732742
2020-06-23 14:51:55,007 - INFO - bce:	0.003431119257584214
2020-06-23 14:51:55,008 - INFO - mask l1:	0.014967543072998524
2020-06-23 14:51:55,008 - INFO - dice loss:	0.0027881860733032227
2020-06-23 14:51:57,952 - INFO - [{'precision': 0.0, 'recall': 0.0, 'hmean': 0, 'pairs': [], 'iouMat': [[0.0, 0.0, 0.0, 0.0]], 'gtPolPoints': [tensor([[  2., 270.],
        [ 29., 270.],
        [ 29., 373.],
        [  2., 373.]])], 'detPolPoints': [[[107.0, 174.0], [133.0, 174.0], [133.0, 232.0], [107.0, 232.0]], [[35.0, 175.0], [46.0, 175.0], [46.0, 230.0], [35.0, 230.0]], [[77.0, 174.0], [84.0, 174.0], [84.0, 228.0], [77.0, 228.0]], [[128.0, 61.0], [396.0, 61.0], [396.0, 143.0], [128.0, 143.0]]], 'gtCare': 1, 'detCare': 4, 'gtDontCare': [], 'detDontCare': [], 'detMatched': 0, 'evaluationLog': 'GT polygons: 1\nDET polygons: 4\n'}]
2020-06-23 14:51:57,952 - INFO - Train, Iter 100, LR [0.0009] loss 0.018620658665895462
2020-06-23 14:51:57,953 - INFO - bce:	0.0024975186679512262
2020-06-23 14:51:57,953 - INFO - mask l1:	0.013431544415652752
2020-06-23 14:51:57,953 - INFO - dice loss:	0.002691596746444702
2020-06-23 14:52:00,815 - INFO - [{'precision': 0.0, 'recall': 0.0, 'hmean': 0, 'pairs': [], 'iouMat': [[0.0, 0.0, 0.0, 0.0]], 'gtPolPoints': [tensor([[  2., 270.],
        [ 29., 270.],
        [ 29., 373.],
        [  2., 373.]])], 'detPolPoints': [[[108.0, 174.0], [133.0, 174.0], [133.0, 231.0], [108.0, 231.0]], [[35.0, 175.0], [46.0, 175.0], [46.0, 230.0], [35.0, 230.0]], [[77.0, 175.0], [84.0, 175.0], [84.0, 228.0], [77.0, 228.0]], [[129.0, 62.0], [397.0, 62.0], [397.0, 144.0], [129.0, 144.0]]], 'gtCare': 1, 'detCare': 4, 'gtDontCare': [], 'detDontCare': [], 'detMatched': 0, 'evaluationLog': 'GT polygons: 1\nDET polygons: 4\n'}]
2020-06-23 14:52:00,816 - INFO - Train, Iter 110, LR [0.0009] loss 0.016962312161922455
2020-06-23 14:52:00,816 - INFO - bce:	0.0020660627633333206
2020-06-23 14:52:00,816 - INFO - mask l1:	0.012333303689956665
2020-06-23 14:52:00,817 - INFO - dice loss:	0.0025629461742937565
2020-06-23 14:52:07,568 - INFO - [{'precision': 0.0, 'recall': 0.0, 'hmean': 0, 'pairs': [], 'iouMat': [[0.020623220218319888, 0.0, 0.0, 0.0, 0.0]], 'gtPolPoints': [tensor([[  2., 270.],
        [ 29., 270.],
        [ 29., 373.],
        [  2., 373.]])], 'detPolPoints': [[[0.0, 147.0], [448.0, 147.0], [448.0, 448.0], [0.0, 448.0]], [[103.0, 171.0], [138.0, 171.0], [138.0, 237.0], [103.0, 237.0]], [[31.0, 172.0], [49.0, 172.0], [49.0, 229.0], [31.0, 229.0]], [[71.0, 169.0], [88.0, 169.0], [88.0, 232.0], [71.0, 232.0]], [[129.0, 61.0], [396.0, 61.0], [396.0, 143.0], [129.0, 143.0]]], 'gtCare': 1, 'detCare': 5, 'gtDontCare': [], 'detDontCare': [], 'detMatched': 0, 'evaluationLog': 'GT polygons: 1\nDET polygons: 5\n'}]
2020-06-23 14:52:07,569 - INFO - Train, Iter 120, LR [0.0009] loss 0.057969190180301666
2020-06-23 14:52:07,569 - INFO - bce:	0.040436040610075
2020-06-23 14:52:07,569 - INFO - mask l1:	0.01181066408753395
2020-06-23 14:52:07,569 - INFO - dice loss:	0.00572248687967658
2020-06-23 14:52:11,056 - INFO - [{'precision': 0.0, 'recall': 0.0, 'hmean': 0, 'pairs': [], 'iouMat': [[0.02104267554479419, 0.0, 0.0]], 'gtPolPoints': [tensor([[  2., 270.],
        [ 29., 270.],
        [ 29., 373.],
        [  2., 373.]])], 'detPolPoints': [[[0.0, 153.0], [448.0, 153.0], [448.0, 448.0], [0.0, 448.0]], [[105.0, 173.0], [136.0, 173.0], [136.0, 234.0], [105.0, 234.0]], [[127.0, 60.0], [398.0, 60.0], [398.0, 145.0], [127.0, 145.0]]], 'gtCare': 1, 'detCare': 3, 'gtDontCare': [], 'detDontCare': [], 'detMatched': 0, 'evaluationLog': 'GT polygons: 1\nDET polygons: 3\n'}]
2020-06-23 14:52:11,056 - INFO - Train, Iter 130, LR [0.0009] loss 0.03934893757104874
2020-06-23 14:52:11,057 - INFO - bce:	0.015619663521647453
2020-06-23 14:52:11,057 - INFO - mask l1:	0.020087942481040955
2020-06-23 14:52:11,057 - INFO - dice loss:	0.003641331335529685
2020-06-23 14:52:14,429 - INFO - [{'precision': 0.0, 'recall': 0.0, 'hmean': 0, 'pairs': [], 'iouMat': [[0.02083083652924257, 0.0, 0.0]], 'gtPolPoints': [tensor([[  2., 270.],
        [ 29., 270.],
        [ 29., 373.],
        [  2., 373.]])], 'detPolPoints': [[[0.0, 150.0], [448.0, 150.0], [448.0, 448.0], [0.0, 448.0]], [[106.0, 172.0], [135.0, 172.0], [135.0, 233.0], [106.0, 233.0]], [[126.0, 59.0], [397.0, 59.0], [397.0, 144.0], [126.0, 144.0]]], 'gtCare': 1, 'detCare': 3, 'gtDontCare': [], 'detDontCare': [], 'detMatched': 0, 'evaluationLog': 'GT polygons: 1\nDET polygons: 3\n'}]
2020-06-23 14:52:14,430 - INFO - Train, Iter 140, LR [0.0009] loss 0.02888215333223343
2020-06-23 14:52:14,430 - INFO - bce:	0.009225788526237011
2020-06-23 14:52:14,430 - INFO - mask l1:	0.016215704381465912
2020-06-23 14:52:14,431 - INFO - dice loss:	0.0034406601916998625
