2020-06-23 16:13:42,139 - INFO - Assemble, Step 1, Build Dataset
2020-06-23 16:13:42,139 - INFO - current dataset length is 1 in D:\DB-master\dataset\ours\train_images
2020-06-23 16:13:42,140 - INFO - current dataset length is 1 in D:\DB-master\dataset\ours\train_images
2020-06-23 16:13:42,140 - INFO - Assemble, Step 2, Build Dataloader
2020-06-23 16:13:42,141 - INFO - Assemble, Step 3, Build Model
2020-06-23 16:13:42,268 - INFO - ResNet init weights from pretreain
2020-06-23 16:13:42,584 - INFO - GFPN init weights
2020-06-23 16:13:42,618 - INFO - Using GPU 0
2020-06-23 16:13:43,606 - INFO - Assemble, Step 5, Build Criterion
2020-06-23 16:13:43,607 - INFO - Assemble, Step 6, Build Optimizer
2020-06-23 16:13:43,609 - INFO - Assemble, Step 7, Build LR scheduler
2020-06-23 16:13:43,610 - INFO - Assemble, Step 8, Build Runner
2020-06-23 16:13:43,610 - INFO - Start train...
2020-06-23 16:13:44,469 - INFO - Iteration 1, Start validating
2020-06-23 16:13:46,295 - INFO - EVAL!!! 
 [{'precision': 0, 'recall': 0.0, 'hmean': 0, 'pairs': [], 'iouMat': [[0.0]], 'gtPolPoints': [tensor([[599.,   1.],
        [658.,   1.],
        [658.,  49.],
        [599.,  49.]])], 'detPolPoints': [], 'gtCare': 1, 'detCare': 0, 'gtDontCare': [], 'detDontCare': [], 'detMatched': 0, 'evaluationLog': 'GT polygons: 1\nDET polygons: 0\n'}]
2020-06-23 16:13:49,494 - INFO - [{'precision': 0, 'recall': 0.0, 'hmean': 0, 'pairs': [], 'iouMat': [[0.0]], 'gtPolPoints': [tensor([[599.,   1.],
        [658.,   1.],
        [658.,  49.],
        [599.,  49.]])], 'detPolPoints': [], 'gtCare': 1, 'detCare': 0, 'gtDontCare': [], 'detDontCare': [], 'detMatched': 0, 'evaluationLog': 'GT polygons: 1\nDET polygons: 0\n'}]
2020-06-23 16:13:49,495 - INFO - Train, Iter 10, LR [0.001] loss 0.18421676754951477
2020-06-23 16:13:49,496 - INFO - bce:	0.10406872630119324
2020-06-23 16:13:49,496 - INFO - mask l1:	0.07319720089435577
2020-06-23 16:13:49,496 - INFO - dice loss:	0.00695084361359477
2020-06-23 16:13:49,673 - INFO - Iteration 11, Start validating
2020-06-23 16:13:51,718 - INFO - EVAL!!! 
 [{'precision': 0, 'recall': 0.0, 'hmean': 0, 'pairs': [], 'iouMat': [[9.4216613119e-312]], 'gtPolPoints': [tensor([[599.,   1.],
        [658.,   1.],
        [658.,  49.],
        [599.,  49.]])], 'detPolPoints': [], 'gtCare': 1, 'detCare': 0, 'gtDontCare': [], 'detDontCare': [], 'detMatched': 0, 'evaluationLog': 'GT polygons: 1\nDET polygons: 0\n'}]
