2020-06-23 16:09:21,388 - INFO - Assemble, Step 1, Build Dataset
2020-06-23 16:09:21,391 - INFO - current dataset length is 14 in D:\DB-master\dataset\ours\train_images
2020-06-23 16:09:21,394 - INFO - current dataset length is 14 in D:\DB-master\dataset\ours\train_images
2020-06-23 16:09:21,394 - INFO - Assemble, Step 2, Build Dataloader
2020-06-23 16:09:21,394 - INFO - Assemble, Step 3, Build Model
2020-06-23 16:09:21,524 - INFO - ResNet init weights from pretreain
2020-06-23 16:09:21,832 - INFO - GFPN init weights
2020-06-23 16:09:21,874 - INFO - Using GPU 0
2020-06-23 16:09:22,863 - INFO - Assemble, Step 5, Build Criterion
2020-06-23 16:09:22,863 - INFO - Assemble, Step 6, Build Optimizer
2020-06-23 16:09:22,865 - INFO - Assemble, Step 7, Build LR scheduler
2020-06-23 16:09:22,866 - INFO - Assemble, Step 8, Build Runner
2020-06-23 16:09:22,866 - INFO - Start train...
2020-06-23 16:09:36,807 - INFO - [{'precision': 0, 'recall': 0.0, 'hmean': 0, 'pairs': [], 'iouMat': [[0.0]], 'gtPolPoints': [tensor([[  0., 159.],
        [ 11., 159.],
        [ 11., 203.],
        [  0., 203.]])], 'detPolPoints': [], 'gtCare': 1, 'detCare': 0, 'gtDontCare': [], 'detDontCare': [], 'detMatched': 0, 'evaluationLog': 'GT polygons: 1\nDET polygons: 0\n'}]
2020-06-23 16:09:36,808 - INFO - Train, Iter 10, LR [0.001] loss 0.7386600375175476
2020-06-23 16:09:36,808 - INFO - bce:	0.5374997854232788
2020-06-23 16:09:36,809 - INFO - mask l1:	0.11542884260416031
2020-06-23 16:09:36,809 - INFO - dice loss:	0.0857313796877861
2020-06-23 16:09:37,599 - INFO - Iteration 14, Start validating
2020-06-23 16:09:55,862 - INFO - EVAL!!! 
 [{'precision': 0, 'recall': 0.0, 'hmean': 0, 'pairs': [], 'iouMat': [[0.0]], 'gtPolPoints': [tensor([[  2., 270.],
        [ 29., 270.],
        [ 29., 373.],
        [  2., 373.]])], 'detPolPoints': [], 'gtCare': 1, 'detCare': 0, 'gtDontCare': [], 'detDontCare': [], 'detMatched': 0, 'evaluationLog': 'GT polygons: 1\nDET polygons: 0\n'}]
