2020-06-23 16:10:23,103 - INFO - Assemble, Step 1, Build Dataset
2020-06-23 16:10:23,106 - INFO - current dataset length is 14 in D:\DB-master\dataset\ours\train_images
2020-06-23 16:10:23,109 - INFO - current dataset length is 14 in D:\DB-master\dataset\ours\train_images
2020-06-23 16:10:23,109 - INFO - Assemble, Step 2, Build Dataloader
2020-06-23 16:10:23,110 - INFO - Assemble, Step 3, Build Model
2020-06-23 16:10:23,237 - INFO - ResNet init weights from pretreain
2020-06-23 16:10:23,356 - INFO - GFPN init weights
2020-06-23 16:10:23,395 - INFO - Using GPU 0
2020-06-23 16:10:24,386 - INFO - Assemble, Step 5, Build Criterion
2020-06-23 16:10:24,387 - INFO - Assemble, Step 6, Build Optimizer
2020-06-23 16:10:24,389 - INFO - Assemble, Step 7, Build LR scheduler
2020-06-23 16:10:24,389 - INFO - Assemble, Step 8, Build Runner
2020-06-23 16:10:24,390 - INFO - Start train...
2020-06-23 16:10:37,782 - INFO - [{'precision': 0, 'recall': 0.0, 'hmean': 0, 'pairs': [], 'iouMat': [[6.02646804679e-312]], 'gtPolPoints': [tensor([[  0., 159.],
        [ 11., 159.],
        [ 11., 203.],
        [  0., 203.]])], 'detPolPoints': [], 'gtCare': 1, 'detCare': 0, 'gtDontCare': [], 'detDontCare': [], 'detMatched': 0, 'evaluationLog': 'GT polygons: 1\nDET polygons: 0\n'}]
2020-06-23 16:10:37,782 - INFO - Train, Iter 10, LR [0.001] loss 0.755264163017273
2020-06-23 16:10:37,783 - INFO - bce:	0.5539311766624451
2020-06-23 16:10:37,783 - INFO - mask l1:	0.11318819969892502
2020-06-23 16:10:37,783 - INFO - dice loss:	0.08814477175474167
2020-06-23 16:10:38,576 - INFO - Iteration 14, Start validating
2020-06-23 16:10:44,010 - INFO - EVAL!!! 
 [{'precision': 0, 'recall': 0.0, 'hmean': 0, 'pairs': [], 'iouMat': [[0.0]], 'gtPolPoints': [tensor([[  2., 270.],
        [ 29., 270.],
        [ 29., 373.],
        [  2., 373.]])], 'detPolPoints': [], 'gtCare': 1, 'detCare': 0, 'gtDontCare': [], 'detDontCare': [], 'detMatched': 0, 'evaluationLog': 'GT polygons: 1\nDET polygons: 0\n'}]
