2020-06-23 16:05:35,410 - INFO - Assemble, Step 1, Build Dataset
2020-06-23 16:05:35,413 - INFO - current dataset length is 14 in D:\DB-master\dataset\ours\train_images
2020-06-23 16:05:35,416 - INFO - current dataset length is 14 in D:\DB-master\dataset\ours\train_images
2020-06-23 16:05:35,416 - INFO - Assemble, Step 2, Build Dataloader
2020-06-23 16:05:35,417 - INFO - Assemble, Step 3, Build Model
2020-06-23 16:05:35,542 - INFO - ResNet init weights from pretreain
2020-06-23 16:05:35,674 - INFO - GFPN init weights
2020-06-23 16:05:35,711 - INFO - Using GPU 0
2020-06-23 16:05:36,706 - INFO - Assemble, Step 5, Build Criterion
2020-06-23 16:05:36,707 - INFO - Assemble, Step 6, Build Optimizer
2020-06-23 16:05:36,709 - INFO - Assemble, Step 7, Build LR scheduler
2020-06-23 16:05:36,710 - INFO - Assemble, Step 8, Build Runner
2020-06-23 16:05:36,710 - INFO - Start train...
2020-06-23 16:06:06,065 - INFO - [{'precision': 0, 'recall': 0.0, 'hmean': 0, 'pairs': [], 'iouMat': [[6.09012792174e-312]], 'gtPolPoints': [tensor([[  0., 159.],
        [ 11., 159.],
        [ 11., 203.],
        [  0., 203.]])], 'detPolPoints': [], 'gtCare': 1, 'detCare': 0, 'gtDontCare': [], 'detDontCare': [], 'detMatched': 0, 'evaluationLog': 'GT polygons: 1\nDET polygons: 0\n'}]
2020-06-23 16:06:06,076 - INFO - Train, Iter 10, LR [0.001] loss 0.773010790348053
2020-06-23 16:06:06,077 - INFO - bce:	0.5708964467048645
2020-06-23 16:06:06,077 - INFO - mask l1:	0.11417721956968307
2020-06-23 16:06:06,077 - INFO - dice loss:	0.0879371389746666
2020-06-23 16:06:06,872 - INFO - Iteration 14, Start validating
2020-06-23 16:06:21,223 - INFO - EVAL!!! 
 [{'precision': 0, 'recall': 0.0, 'hmean': 0, 'pairs': [], 'iouMat': [[0.0]], 'gtPolPoints': [tensor([[  2., 270.],
        [ 29., 270.],
        [ 29., 373.],
        [  2., 373.]])], 'detPolPoints': [], 'gtCare': 1, 'detCare': 0, 'gtDontCare': [], 'detDontCare': [], 'detMatched': 0, 'evaluationLog': 'GT polygons: 1\nDET polygons: 0\n'}]
2020-06-23 16:06:22,961 - INFO - EVAL!!! 
 [{'precision': 1.0, 'recall': 1.0, 'hmean': 1.0, 'pairs': [], 'iouMat': [[0.0]], 'gtPolPoints': [tensor([[ 77.,  63.],
        [159.,  63.],
        [159.,  82.],
        [ 77.,  82.]])], 'detPolPoints': [], 'gtCare': 0, 'detCare': 0, 'gtDontCare': [0], 'detDontCare': [], 'detMatched': 0, 'evaluationLog': "GT polygons: 1 (1 don't care)\nDET polygons: 0\n"}]
2020-06-23 16:06:23,884 - INFO - EVAL!!! 
 [{'precision': 1.0, 'recall': 1.0, 'hmean': 1.0, 'pairs': [], 'iouMat': [[0.0]], 'gtPolPoints': [tensor([[ 73.,  78.],
        [171.,  78.],
        [171., 120.],
        [ 73., 120.]])], 'detPolPoints': [], 'gtCare': 0, 'detCare': 0, 'gtDontCare': [0], 'detDontCare': [], 'detMatched': 0, 'evaluationLog': "GT polygons: 1 (1 don't care)\nDET polygons: 0\n"}]
2020-06-23 16:06:24,806 - INFO - EVAL!!! 
 [{'precision': 1.0, 'recall': 1.0, 'hmean': 1.0, 'pairs': [], 'iouMat': [[0.3]], 'gtPolPoints': [tensor([[137.,  55.],
        [188.,  55.],
        [188.,  89.],
        [137.,  89.]])], 'detPolPoints': [], 'gtCare': 0, 'detCare': 0, 'gtDontCare': [0], 'detDontCare': [], 'detMatched': 0, 'evaluationLog': "GT polygons: 1 (1 don't care)\nDET polygons: 0\n"}]
2020-06-23 16:06:25,423 - INFO - EVAL!!! 
 [{'precision': 1.0, 'recall': 1.0, 'hmean': 1.0, 'pairs': [], 'iouMat': [[0.3]], 'gtPolPoints': [tensor([[125.,  41.],
        [174.,  41.],
        [174.,  73.],
        [125.,  73.]])], 'detPolPoints': [], 'gtCare': 0, 'detCare': 0, 'gtDontCare': [0], 'detDontCare': [], 'detMatched': 0, 'evaluationLog': "GT polygons: 1 (1 don't care)\nDET polygons: 0\n"}]
2020-06-23 16:06:25,969 - INFO - EVAL!!! 
 [{'precision': 1.0, 'recall': 1.0, 'hmean': 1.0, 'pairs': [], 'iouMat': [[0.3]], 'gtPolPoints': [tensor([[120.,  55.],
        [168.,  55.],
        [168.,  85.],
        [120.,  85.]])], 'detPolPoints': [], 'gtCare': 0, 'detCare': 0, 'gtDontCare': [0], 'detDontCare': [], 'detMatched': 0, 'evaluationLog': "GT polygons: 1 (1 don't care)\nDET polygons: 0\n"}]
2020-06-23 16:06:26,502 - INFO - EVAL!!! 
 [{'precision': 1.0, 'recall': 1.0, 'hmean': 1.0, 'pairs': [], 'iouMat': [[0.0]], 'gtPolPoints': [tensor([[114., 115.],
        [334., 115.],
        [334., 174.],
        [114., 174.]])], 'detPolPoints': [], 'gtCare': 0, 'detCare': 0, 'gtDontCare': [0], 'detDontCare': [], 'detMatched': 0, 'evaluationLog': "GT polygons: 1 (1 don't care)\nDET polygons: 0\n"}]
2020-06-23 16:06:26,938 - INFO - EVAL!!! 
 [{'precision': 1.0, 'recall': 1.0, 'hmean': 1.0, 'pairs': [], 'iouMat': [[0.0]], 'gtPolPoints': [tensor([[231.,  79.],
        [392.,  79.],
        [392., 134.],
        [231., 134.]])], 'detPolPoints': [], 'gtCare': 0, 'detCare': 0, 'gtDontCare': [0], 'detDontCare': [], 'detMatched': 0, 'evaluationLog': "GT polygons: 1 (1 don't care)\nDET polygons: 0\n"}]
2020-06-23 16:06:27,250 - INFO - EVAL!!! 
 [{'precision': 1.0, 'recall': 1.0, 'hmean': 1.0, 'pairs': [], 'iouMat': [[0.0]], 'gtPolPoints': [tensor([[143.,  33.],
        [262.,  33.],
        [262.,  80.],
        [143.,  80.]])], 'detPolPoints': [], 'gtCare': 0, 'detCare': 0, 'gtDontCare': [0], 'detDontCare': [], 'detMatched': 0, 'evaluationLog': "GT polygons: 1 (1 don't care)\nDET polygons: 0\n"}]
2020-06-23 16:06:27,439 - INFO - EVAL!!! 
 [{'precision': 0, 'recall': 0.0, 'hmean': 0, 'pairs': [], 'iouMat': [[0.0]], 'gtPolPoints': [tensor([[  0., 159.],
        [ 11., 159.],
        [ 11., 203.],
        [  0., 203.]])], 'detPolPoints': [], 'gtCare': 1, 'detCare': 0, 'gtDontCare': [], 'detDontCare': [], 'detMatched': 0, 'evaluationLog': 'GT polygons: 1\nDET polygons: 0\n'}]
2020-06-23 16:06:27,658 - INFO - EVAL!!! 
 [{'precision': 0, 'recall': 0.0, 'hmean': 0, 'pairs': [], 'iouMat': [[0.0]], 'gtPolPoints': [tensor([[-1.,  8.],
        [ 8.,  8.],
        [ 8., 36.],
        [-1., 36.]])], 'detPolPoints': [], 'gtCare': 1, 'detCare': 0, 'gtDontCare': [], 'detDontCare': [], 'detMatched': 0, 'evaluationLog': 'GT polygons: 1\nDET polygons: 0\n'}]
2020-06-23 16:06:27,854 - INFO - EVAL!!! 
 [{'precision': 0, 'recall': 0.0, 'hmean': 0, 'pairs': [], 'iouMat': [[0.0]], 'gtPolPoints': [tensor([[ 0.,  1.],
        [57.,  1.],
        [57., 16.],
        [ 0., 16.]])], 'detPolPoints': [], 'gtCare': 1, 'detCare': 0, 'gtDontCare': [], 'detDontCare': [], 'detMatched': 0, 'evaluationLog': 'GT polygons: 1\nDET polygons: 0\n'}]
2020-06-23 16:06:28,050 - INFO - EVAL!!! 
 [{'precision': 1.0, 'recall': 1.0, 'hmean': 1.0, 'pairs': [], 'iouMat': [[0.3]], 'gtPolPoints': [tensor([[ 90.,  68.],
        [187.,  68.],
        [187., 105.],
        [ 90., 105.]])], 'detPolPoints': [], 'gtCare': 0, 'detCare': 0, 'gtDontCare': [0], 'detDontCare': [], 'detMatched': 0, 'evaluationLog': "GT polygons: 1 (1 don't care)\nDET polygons: 0\n"}]
2020-06-23 16:06:28,253 - INFO - EVAL!!! 
 [{'precision': 0, 'recall': 0.0, 'hmean': 0, 'pairs': [], 'iouMat': [[0.0]], 'gtPolPoints': [tensor([[599.,   1.],
        [658.,   1.],
        [658.,  49.],
        [599.,  49.]])], 'detPolPoints': [], 'gtCare': 1, 'detCare': 0, 'gtDontCare': [], 'detDontCare': [], 'detMatched': 0, 'evaluationLog': 'GT polygons: 1\nDET polygons: 0\n'}]
2020-06-23 16:06:31,425 - INFO - [{'precision': 1.0, 'recall': 1.0, 'hmean': 1.0, 'pairs': [], 'iouMat': [[0.3]], 'gtPolPoints': [tensor([[120.,  55.],
        [168.,  55.],
        [168.,  85.],
        [120.,  85.]])], 'detPolPoints': [], 'gtCare': 0, 'detCare': 0, 'gtDontCare': [0], 'detDontCare': [], 'detMatched': 0, 'evaluationLog': "GT polygons: 1 (1 don't care)\nDET polygons: 0\n"}]
2020-06-23 16:06:31,426 - INFO - Train, Iter 20, LR [0.001] loss 0.6594989895820618
2020-06-23 16:06:31,426 - INFO - bce:	0.46784454584121704
2020-06-23 16:06:31,426 - INFO - mask l1:	0.1422392576932907
2020-06-23 16:06:31,427 - INFO - dice loss:	0.049415141344070435
2020-06-23 16:06:33,576 - INFO - [{'precision': 1.0, 'recall': 1.0, 'hmean': 1.0, 'pairs': [], 'iouMat': [[2.21e-321]], 'gtPolPoints': [tensor([[ 77.,  63.],
        [159.,  63.],
        [159.,  82.],
        [ 77.,  82.]])], 'detPolPoints': [], 'gtCare': 0, 'detCare': 0, 'gtDontCare': [0], 'detDontCare': [], 'detMatched': 0, 'evaluationLog': "GT polygons: 1 (1 don't care)\nDET polygons: 0\n"}]
2020-06-23 16:06:33,577 - INFO - Train, Iter 30, LR [0.001] loss 0.799188494682312
2020-06-23 16:06:33,577 - INFO - bce:	0.6224512457847595
2020-06-23 16:06:33,577 - INFO - mask l1:	0.11925948411226273
2020-06-23 16:06:33,577 - INFO - dice loss:	0.05747779831290245
2020-06-23 16:06:35,715 - INFO - [{'precision': 0, 'recall': 0.0, 'hmean': 0, 'pairs': [], 'iouMat': [[0.0]], 'gtPolPoints': [tensor([[ 0.,  1.],
        [57.,  1.],
        [57., 16.],
        [ 0., 16.]])], 'detPolPoints': [], 'gtCare': 1, 'detCare': 0, 'gtDontCare': [], 'detDontCare': [], 'detMatched': 0, 'evaluationLog': 'GT polygons: 1\nDET polygons: 0\n'}]
2020-06-23 16:06:35,716 - INFO - Train, Iter 40, LR [0.001] loss 0.5026858448982239
2020-06-23 16:06:35,716 - INFO - bce:	0.3680814802646637
2020-06-23 16:06:35,716 - INFO - mask l1:	0.09883284568786621
2020-06-23 16:06:35,716 - INFO - dice loss:	0.03577151894569397
2020-06-23 16:06:37,876 - INFO - [{'precision': 1.0, 'recall': 1.0, 'hmean': 1.0, 'pairs': [], 'iouMat': [[0.0]], 'gtPolPoints': [tensor([[231.,  79.],
        [392.,  79.],
        [392., 134.],
        [231., 134.]])], 'detPolPoints': [], 'gtCare': 0, 'detCare': 0, 'gtDontCare': [0], 'detDontCare': [], 'detMatched': 0, 'evaluationLog': "GT polygons: 1 (1 don't care)\nDET polygons: 0\n"}]
2020-06-23 16:06:37,876 - INFO - Train, Iter 50, LR [0.001] loss 0.5260680913925171
2020-06-23 16:06:37,876 - INFO - bce:	0.371703565120697
2020-06-23 16:06:37,876 - INFO - mask l1:	0.09738338738679886
2020-06-23 16:06:37,876 - INFO - dice loss:	0.05698114633560181
2020-06-23 16:06:40,006 - INFO - [{'precision': 1.0, 'recall': 1.0, 'hmean': 1.0, 'pairs': [], 'iouMat': [[0.3]], 'gtPolPoints': [tensor([[137.,  55.],
        [188.,  55.],
        [188.,  89.],
        [137.,  89.]])], 'detPolPoints': [], 'gtCare': 0, 'detCare': 0, 'gtDontCare': [0], 'detDontCare': [], 'detMatched': 0, 'evaluationLog': "GT polygons: 1 (1 don't care)\nDET polygons: 0\n"}]
2020-06-23 16:06:40,006 - INFO - Train, Iter 60, LR [0.001] loss 0.6953065991401672
2020-06-23 16:06:40,007 - INFO - bce:	0.5426090955734253
2020-06-23 16:06:40,007 - INFO - mask l1:	0.10369294136762619
2020-06-23 16:06:40,007 - INFO - dice loss:	0.04900456219911575
2020-06-23 16:06:42,146 - INFO - [{'precision': 0, 'recall': 0.0, 'hmean': 0, 'pairs': [], 'iouMat': [[0.0]], 'gtPolPoints': [tensor([[599.,   1.],
        [658.,   1.],
        [658.,  49.],
        [599.,  49.]])], 'detPolPoints': [], 'gtCare': 1, 'detCare': 0, 'gtDontCare': [], 'detDontCare': [], 'detMatched': 0, 'evaluationLog': 'GT polygons: 1\nDET polygons: 0\n'}]
2020-06-23 16:06:42,146 - INFO - Train, Iter 70, LR [0.001] loss 0.5890650749206543
2020-06-23 16:06:42,147 - INFO - bce:	0.44967225193977356
2020-06-23 16:06:42,147 - INFO - mask l1:	0.09075412899255753
2020-06-23 16:06:42,147 - INFO - dice loss:	0.048638682812452316
2020-06-23 16:06:44,289 - INFO - [{'precision': 0, 'recall': 0.0, 'hmean': 0, 'pairs': [], 'iouMat': [[0.0]], 'gtPolPoints': [tensor([[  0., 159.],
        [ 11., 159.],
        [ 11., 203.],
        [  0., 203.]])], 'detPolPoints': [], 'gtCare': 1, 'detCare': 0, 'gtDontCare': [], 'detDontCare': [], 'detMatched': 0, 'evaluationLog': 'GT polygons: 1\nDET polygons: 0\n'}]
2020-06-23 16:06:44,290 - INFO - Train, Iter 80, LR [0.001] loss 0.38140591979026794
2020-06-23 16:06:44,290 - INFO - bce:	0.25781533122062683
2020-06-23 16:06:44,290 - INFO - mask l1:	0.0962967798113823
2020-06-23 16:06:44,290 - INFO - dice loss:	0.02729380689561367
2020-06-23 16:06:46,464 - INFO - [{'precision': 1.0, 'recall': 1.0, 'hmean': 1.0, 'pairs': [], 'iouMat': [[0.3]], 'gtPolPoints': [tensor([[120.,  55.],
        [168.,  55.],
        [168.,  85.],
        [120.,  85.]])], 'detPolPoints': [], 'gtCare': 0, 'detCare': 0, 'gtDontCare': [0], 'detDontCare': [], 'detMatched': 0, 'evaluationLog': "GT polygons: 1 (1 don't care)\nDET polygons: 0\n"}]
2020-06-23 16:06:46,465 - INFO - Train, Iter 90, LR [0.001] loss 0.5431597828865051
2020-06-23 16:06:46,465 - INFO - bce:	0.4049367606639862
2020-06-23 16:06:46,466 - INFO - mask l1:	0.09718970954418182
2020-06-23 16:06:46,466 - INFO - dice loss:	0.04103332757949829
2020-06-23 16:06:48,615 - INFO - [{'precision': 1.0, 'recall': 1.0, 'hmean': 1.0, 'pairs': [], 'iouMat': [[0.0]], 'gtPolPoints': [tensor([[ 77.,  63.],
        [159.,  63.],
        [159.,  82.],
        [ 77.,  82.]])], 'detPolPoints': [], 'gtCare': 0, 'detCare': 0, 'gtDontCare': [0], 'detDontCare': [], 'detMatched': 0, 'evaluationLog': "GT polygons: 1 (1 don't care)\nDET polygons: 0\n"}]
2020-06-23 16:06:48,615 - INFO - Train, Iter 100, LR [0.001] loss 0.5808454751968384
2020-06-23 16:06:48,616 - INFO - bce:	0.42536571621894836
2020-06-23 16:06:48,616 - INFO - mask l1:	0.10700388252735138
2020-06-23 16:06:48,616 - INFO - dice loss:	0.04847588762640953
2020-06-23 16:06:50,751 - INFO - [{'precision': 0, 'recall': 0.0, 'hmean': 0, 'pairs': [], 'iouMat': [[0.0]], 'gtPolPoints': [tensor([[ 0.,  1.],
        [57.,  1.],
        [57., 16.],
        [ 0., 16.]])], 'detPolPoints': [], 'gtCare': 1, 'detCare': 0, 'gtDontCare': [], 'detDontCare': [], 'detMatched': 0, 'evaluationLog': 'GT polygons: 1\nDET polygons: 0\n'}]
2020-06-23 16:06:50,751 - INFO - Train, Iter 110, LR [0.001] loss 0.4669215679168701
2020-06-23 16:06:50,752 - INFO - bce:	0.3448964059352875
2020-06-23 16:06:50,752 - INFO - mask l1:	0.08823549002408981
2020-06-23 16:06:50,752 - INFO - dice loss:	0.03378966078162193
2020-06-23 16:06:52,895 - INFO - [{'precision': 1.0, 'recall': 1.0, 'hmean': 1.0, 'pairs': [], 'iouMat': [[0.0]], 'gtPolPoints': [tensor([[231.,  79.],
        [392.,  79.],
        [392., 134.],
        [231., 134.]])], 'detPolPoints': [], 'gtCare': 0, 'detCare': 0, 'gtDontCare': [0], 'detDontCare': [], 'detMatched': 0, 'evaluationLog': "GT polygons: 1 (1 don't care)\nDET polygons: 0\n"}]
2020-06-23 16:06:52,897 - INFO - Train, Iter 120, LR [0.001] loss 0.23802489042282104
2020-06-23 16:06:52,897 - INFO - bce:	0.13212598860263824
2020-06-23 16:06:52,897 - INFO - mask l1:	0.08192943781614304
2020-06-23 16:06:52,897 - INFO - dice loss:	0.023969465866684914
2020-06-23 16:06:55,057 - INFO - [{'precision': 1.0, 'recall': 1.0, 'hmean': 1.0, 'pairs': [], 'iouMat': [[0.3]], 'gtPolPoints': [tensor([[137.,  55.],
        [188.,  55.],
        [188.,  89.],
        [137.,  89.]])], 'detPolPoints': [], 'gtCare': 0, 'detCare': 0, 'gtDontCare': [0], 'detDontCare': [], 'detMatched': 0, 'evaluationLog': "GT polygons: 1 (1 don't care)\nDET polygons: 0\n"}]
2020-06-23 16:06:55,057 - INFO - Train, Iter 130, LR [0.001] loss 0.38998687267303467
2020-06-23 16:06:55,057 - INFO - bce:	0.27129921317100525
2020-06-23 16:06:55,058 - INFO - mask l1:	0.09033085405826569
2020-06-23 16:06:55,058 - INFO - dice loss:	0.028356803581118584
2020-06-23 16:06:57,207 - INFO - [{'precision': 0, 'recall': 0.0, 'hmean': 0, 'pairs': [], 'iouMat': [[0.0]], 'gtPolPoints': [tensor([[599.,   1.],
        [658.,   1.],
        [658.,  49.],
        [599.,  49.]])], 'detPolPoints': [], 'gtCare': 1, 'detCare': 0, 'gtDontCare': [], 'detDontCare': [], 'detMatched': 0, 'evaluationLog': 'GT polygons: 1\nDET polygons: 0\n'}]
2020-06-23 16:06:57,207 - INFO - Train, Iter 140, LR [0.001] loss 0.25140446424484253
2020-06-23 16:06:57,208 - INFO - bce:	0.16322559118270874
2020-06-23 16:06:57,208 - INFO - mask l1:	0.07501696050167084
2020-06-23 16:06:57,208 - INFO - dice loss:	0.013161897659301758
2020-06-23 16:06:59,362 - INFO - [{'precision': 0, 'recall': 0.0, 'hmean': 0, 'pairs': [], 'iouMat': [[0.0]], 'gtPolPoints': [tensor([[  0., 159.],
        [ 11., 159.],
        [ 11., 203.],
        [  0., 203.]])], 'detPolPoints': [], 'gtCare': 1, 'detCare': 0, 'gtDontCare': [], 'detDontCare': [], 'detMatched': 0, 'evaluationLog': 'GT polygons: 1\nDET polygons: 0\n'}]
2020-06-23 16:06:59,362 - INFO - Train, Iter 150, LR [0.001] loss 0.289051353931427
2020-06-23 16:06:59,362 - INFO - bce:	0.1817844659090042
2020-06-23 16:06:59,363 - INFO - mask l1:	0.08578702062368393
2020-06-23 16:06:59,363 - INFO - dice loss:	0.021479858085513115
2020-06-23 16:07:00,166 - INFO - Iteration 154, Start validating
2020-06-23 16:07:00,282 - INFO - EVAL!!! 
 [{'precision': 0, 'recall': 0.0, 'hmean': 0, 'pairs': [], 'iouMat': [[0.0]], 'gtPolPoints': [tensor([[  2., 270.],
        [ 29., 270.],
        [ 29., 373.],
        [  2., 373.]])], 'detPolPoints': [], 'gtCare': 1, 'detCare': 0, 'gtDontCare': [], 'detDontCare': [], 'detMatched': 0, 'evaluationLog': 'GT polygons: 1\nDET polygons: 0\n'}]
2020-06-23 16:07:00,333 - INFO - EVAL!!! 
 [{'precision': 1.0, 'recall': 1.0, 'hmean': 1.0, 'pairs': [], 'iouMat': [[0.3]], 'gtPolPoints': [tensor([[ 77.,  63.],
        [159.,  63.],
        [159.,  82.],
        [ 77.,  82.]])], 'detPolPoints': [], 'gtCare': 0, 'detCare': 0, 'gtDontCare': [0], 'detDontCare': [], 'detMatched': 0, 'evaluationLog': "GT polygons: 1 (1 don't care)\nDET polygons: 0\n"}]
2020-06-23 16:07:00,384 - INFO - EVAL!!! 
 [{'precision': 1.0, 'recall': 1.0, 'hmean': 1.0, 'pairs': [], 'iouMat': [[0.0]], 'gtPolPoints': [tensor([[ 73.,  78.],
        [171.,  78.],
        [171., 120.],
        [ 73., 120.]])], 'detPolPoints': [], 'gtCare': 0, 'detCare': 0, 'gtDontCare': [0], 'detDontCare': [], 'detMatched': 0, 'evaluationLog': "GT polygons: 1 (1 don't care)\nDET polygons: 0\n"}]
2020-06-23 16:07:00,437 - INFO - EVAL!!! 
 [{'precision': 1.0, 'recall': 1.0, 'hmean': 1.0, 'pairs': [], 'iouMat': [[0.3]], 'gtPolPoints': [tensor([[137.,  55.],
        [188.,  55.],
        [188.,  89.],
        [137.,  89.]])], 'detPolPoints': [], 'gtCare': 0, 'detCare': 0, 'gtDontCare': [0], 'detDontCare': [], 'detMatched': 0, 'evaluationLog': "GT polygons: 1 (1 don't care)\nDET polygons: 0\n"}]
2020-06-23 16:07:00,485 - INFO - EVAL!!! 
 [{'precision': 1.0, 'recall': 1.0, 'hmean': 1.0, 'pairs': [], 'iouMat': [[0.3]], 'gtPolPoints': [tensor([[125.,  41.],
        [174.,  41.],
        [174.,  73.],
        [125.,  73.]])], 'detPolPoints': [], 'gtCare': 0, 'detCare': 0, 'gtDontCare': [0], 'detDontCare': [], 'detMatched': 0, 'evaluationLog': "GT polygons: 1 (1 don't care)\nDET polygons: 0\n"}]
2020-06-23 16:07:00,536 - INFO - EVAL!!! 
 [{'precision': 1.0, 'recall': 1.0, 'hmean': 1.0, 'pairs': [], 'iouMat': [[0.3]], 'gtPolPoints': [tensor([[120.,  55.],
        [168.,  55.],
        [168.,  85.],
        [120.,  85.]])], 'detPolPoints': [], 'gtCare': 0, 'detCare': 0, 'gtDontCare': [0], 'detDontCare': [], 'detMatched': 0, 'evaluationLog': "GT polygons: 1 (1 don't care)\nDET polygons: 0\n"}]
2020-06-23 16:07:00,589 - INFO - EVAL!!! 
 [{'precision': 1.0, 'recall': 1.0, 'hmean': 1.0, 'pairs': [], 'iouMat': [[0.0]], 'gtPolPoints': [tensor([[114., 115.],
        [334., 115.],
        [334., 174.],
        [114., 174.]])], 'detPolPoints': [], 'gtCare': 0, 'detCare': 0, 'gtDontCare': [0], 'detDontCare': [], 'detMatched': 0, 'evaluationLog': "GT polygons: 1 (1 don't care)\nDET polygons: 0\n"}]
2020-06-23 16:07:00,641 - INFO - EVAL!!! 
 [{'precision': 1.0, 'recall': 1.0, 'hmean': 1.0, 'pairs': [], 'iouMat': [[0.0]], 'gtPolPoints': [tensor([[231.,  79.],
        [392.,  79.],
        [392., 134.],
        [231., 134.]])], 'detPolPoints': [], 'gtCare': 0, 'detCare': 0, 'gtDontCare': [0], 'detDontCare': [], 'detMatched': 0, 'evaluationLog': "GT polygons: 1 (1 don't care)\nDET polygons: 0\n"}]
2020-06-23 16:07:00,692 - INFO - EVAL!!! 
 [{'precision': 1.0, 'recall': 1.0, 'hmean': 1.0, 'pairs': [], 'iouMat': [[0.0]], 'gtPolPoints': [tensor([[143.,  33.],
        [262.,  33.],
        [262.,  80.],
        [143.,  80.]])], 'detPolPoints': [], 'gtCare': 0, 'detCare': 0, 'gtDontCare': [0], 'detDontCare': [], 'detMatched': 0, 'evaluationLog': "GT polygons: 1 (1 don't care)\nDET polygons: 0\n"}]
2020-06-23 16:07:00,740 - INFO - EVAL!!! 
 [{'precision': 0, 'recall': 0.0, 'hmean': 0, 'pairs': [], 'iouMat': [[0.0]], 'gtPolPoints': [tensor([[  0., 159.],
        [ 11., 159.],
        [ 11., 203.],
        [  0., 203.]])], 'detPolPoints': [], 'gtCare': 1, 'detCare': 0, 'gtDontCare': [], 'detDontCare': [], 'detMatched': 0, 'evaluationLog': 'GT polygons: 1\nDET polygons: 0\n'}]
2020-06-23 16:07:00,791 - INFO - EVAL!!! 
 [{'precision': 0, 'recall': 0.0, 'hmean': 0, 'pairs': [], 'iouMat': [[0.0]], 'gtPolPoints': [tensor([[-1.,  8.],
        [ 8.,  8.],
        [ 8., 36.],
        [-1., 36.]])], 'detPolPoints': [], 'gtCare': 1, 'detCare': 0, 'gtDontCare': [], 'detDontCare': [], 'detMatched': 0, 'evaluationLog': 'GT polygons: 1\nDET polygons: 0\n'}]
2020-06-23 16:07:00,849 - INFO - EVAL!!! 
 [{'precision': 0, 'recall': 0.0, 'hmean': 0, 'pairs': [], 'iouMat': [[0.0]], 'gtPolPoints': [tensor([[ 0.,  1.],
        [57.,  1.],
        [57., 16.],
        [ 0., 16.]])], 'detPolPoints': [], 'gtCare': 1, 'detCare': 0, 'gtDontCare': [], 'detDontCare': [], 'detMatched': 0, 'evaluationLog': 'GT polygons: 1\nDET polygons: 0\n'}]
2020-06-23 16:07:00,899 - INFO - EVAL!!! 
 [{'precision': 1.0, 'recall': 1.0, 'hmean': 1.0, 'pairs': [], 'iouMat': [[0.3]], 'gtPolPoints': [tensor([[ 90.,  68.],
        [187.,  68.],
        [187., 105.],
        [ 90., 105.]])], 'detPolPoints': [], 'gtCare': 0, 'detCare': 0, 'gtDontCare': [0], 'detDontCare': [], 'detMatched': 0, 'evaluationLog': "GT polygons: 1 (1 don't care)\nDET polygons: 0\n"}]
2020-06-23 16:07:00,969 - INFO - EVAL!!! 
 [{'precision': 0, 'recall': 0.0, 'hmean': 0, 'pairs': [], 'iouMat': [[0.0]], 'gtPolPoints': [tensor([[599.,   1.],
        [658.,   1.],
        [658.,  49.],
        [599.,  49.]])], 'detPolPoints': [], 'gtCare': 1, 'detCare': 0, 'gtDontCare': [], 'detDontCare': [], 'detMatched': 0, 'evaluationLog': 'GT polygons: 1\nDET polygons: 0\n'}]
2020-06-23 16:07:02,287 - INFO - [{'precision': 0.0, 'recall': 1.0, 'hmean': 0.0, 'pairs': [], 'iouMat': [[0.6112054329371817, 0.0]], 'gtPolPoints': [tensor([[120.,  55.],
        [168.,  55.],
        [168.,  85.],
        [120.,  85.]])], 'detPolPoints': [[[116.0, 51.0], [178.0, 51.0], [178.0, 89.0], [116.0, 89.0]], [[220.0, 51.0], [279.0, 51.0], [279.0, 90.0], [220.0, 90.0]]], 'gtCare': 0, 'detCare': 1, 'gtDontCare': [0], 'detDontCare': [0], 'detMatched': 0, 'evaluationLog': "GT polygons: 1 (1 don't care)\nDET polygons: 2 (1 don't care)\n"}]
2020-06-23 16:07:02,288 - INFO - Train, Iter 160, LR [0.001] loss 0.298104465007782
2020-06-23 16:07:02,288 - INFO - bce:	0.2022007703781128
2020-06-23 16:07:02,288 - INFO - mask l1:	0.07240897417068481
2020-06-23 16:07:02,288 - INFO - dice loss:	0.023494739085435867
2020-06-23 16:07:04,425 - INFO - [{'precision': 1.0, 'recall': 1.0, 'hmean': 1.0, 'pairs': [], 'iouMat': [[0.0]], 'gtPolPoints': [tensor([[ 77.,  63.],
        [159.,  63.],
        [159.,  82.],
        [ 77.,  82.]])], 'detPolPoints': [], 'gtCare': 0, 'detCare': 0, 'gtDontCare': [0], 'detDontCare': [], 'detMatched': 0, 'evaluationLog': "GT polygons: 1 (1 don't care)\nDET polygons: 0\n"}]
2020-06-23 16:07:04,425 - INFO - Train, Iter 170, LR [0.001] loss 0.25775039196014404
2020-06-23 16:07:04,426 - INFO - bce:	0.1700679361820221
2020-06-23 16:07:04,426 - INFO - mask l1:	0.06576327234506607
2020-06-23 16:07:04,426 - INFO - dice loss:	0.021919185295701027
2020-06-23 16:07:06,575 - INFO - [{'precision': 0, 'recall': 0.0, 'hmean': 0, 'pairs': [], 'iouMat': [[0.0]], 'gtPolPoints': [tensor([[ 0.,  1.],
        [57.,  1.],
        [57., 16.],
        [ 0., 16.]])], 'detPolPoints': [], 'gtCare': 1, 'detCare': 0, 'gtDontCare': [], 'detDontCare': [], 'detMatched': 0, 'evaluationLog': 'GT polygons: 1\nDET polygons: 0\n'}]
2020-06-23 16:07:06,575 - INFO - Train, Iter 180, LR [0.001] loss 0.30839115381240845
2020-06-23 16:07:06,575 - INFO - bce:	0.21208630502223969
2020-06-23 16:07:06,576 - INFO - mask l1:	0.07484960556030273
2020-06-23 16:07:06,576 - INFO - dice loss:	0.021455246955156326
2020-06-23 16:07:08,719 - INFO - [{'precision': 1.0, 'recall': 1.0, 'hmean': 1.0, 'pairs': [], 'iouMat': [[0.8580426356589147]], 'gtPolPoints': [tensor([[231.,  79.],
        [392.,  79.],
        [392., 134.],
        [231., 134.]])], 'detPolPoints': [[[228.0, 78.0], [400.0, 78.0], [400.0, 138.0], [228.0, 138.0]]], 'gtCare': 0, 'detCare': 0, 'gtDontCare': [0], 'detDontCare': [0], 'detMatched': 0, 'evaluationLog': "GT polygons: 1 (1 don't care)\nDET polygons: 1 (1 don't care)\n"}]
2020-06-23 16:07:08,719 - INFO - Train, Iter 190, LR [0.001] loss 0.22871392965316772
2020-06-23 16:07:08,720 - INFO - bce:	0.1291542798280716
2020-06-23 16:07:08,720 - INFO - mask l1:	0.07920172065496445
2020-06-23 16:07:08,720 - INFO - dice loss:	0.020357942208647728
2020-06-23 16:07:10,864 - INFO - [{'precision': 0.0, 'recall': 1.0, 'hmean': 0.0, 'pairs': [], 'iouMat': [[0.0, 0.0]], 'gtPolPoints': [tensor([[137.,  55.],
        [188.,  55.],
        [188.,  89.],
        [137.,  89.]])], 'detPolPoints': [[[136.0, 100.0], [190.0, 100.0], [190.0, 135.0], [136.0, 135.0]], [[251.0, 96.0], [317.0, 96.0], [317.0, 131.0], [251.0, 131.0]]], 'gtCare': 0, 'detCare': 2, 'gtDontCare': [0], 'detDontCare': [], 'detMatched': 0, 'evaluationLog': "GT polygons: 1 (1 don't care)\nDET polygons: 2\n"}]
2020-06-23 16:07:10,865 - INFO - Train, Iter 200, LR [0.001] loss 0.34294313192367554
2020-06-23 16:07:10,865 - INFO - bce:	0.24534064531326294
2020-06-23 16:07:10,865 - INFO - mask l1:	0.07446104288101196
2020-06-23 16:07:10,865 - INFO - dice loss:	0.02314143255352974
2020-06-23 16:07:13,005 - INFO - [{'precision': 0.0, 'recall': 0.0, 'hmean': 0, 'pairs': [], 'iouMat': [[0.0]], 'gtPolPoints': [tensor([[599.,   1.],
        [658.,   1.],
        [658.,  49.],
        [599.,  49.]])], 'detPolPoints': [[[56.0, 77.0], [636.0, 77.0], [636.0, 227.0], [56.0, 227.0]]], 'gtCare': 1, 'detCare': 1, 'gtDontCare': [], 'detDontCare': [], 'detMatched': 0, 'evaluationLog': 'GT polygons: 1\nDET polygons: 1\n'}]
2020-06-23 16:07:13,006 - INFO - Train, Iter 210, LR [0.001] loss 0.14634846150875092
2020-06-23 16:07:13,006 - INFO - bce:	0.08058562874794006
2020-06-23 16:07:13,006 - INFO - mask l1:	0.05712291970849037
2020-06-23 16:07:13,007 - INFO - dice loss:	0.008639913983643055
