2020-06-23 14:49:19,406 - INFO - Assemble, Step 1, Build Dataset
2020-06-23 14:49:19,407 - INFO - current dataset length is 1 in D:\DB-master\dataset\ours\train_images
2020-06-23 14:49:19,407 - INFO - Assemble, Step 2, Build Dataloader
2020-06-23 14:49:19,407 - INFO - Assemble, Step 3, Build Model
2020-06-23 14:49:19,534 - INFO - ResNet init weights from pretreain
2020-06-23 14:49:20,088 - INFO - GFPN init weights
2020-06-23 14:49:20,125 - INFO - Using GPU 0
2020-06-23 14:49:21,114 - INFO - Assemble, Step 5, Build Criterion
2020-06-23 14:49:21,114 - INFO - Assemble, Step 6, Build Optimizer
2020-06-23 14:49:21,116 - INFO - Assemble, Step 7, Build LR scheduler
2020-06-23 14:49:21,116 - INFO - Assemble, Step 8, Build Runner
2020-06-23 14:49:21,117 - INFO - Start train...
2020-06-23 14:49:24,767 - INFO - [{'precision': 0.0, 'recall': 0.0, 'hmean': 0, 'pairs': [], 'iouMat': [[0.0, 0.0]], 'gtPolPoints': [tensor([[  2., 270.],
        [ 29., 270.],
        [ 29., 373.],
        [  2., 373.]])], 'detPolPoints': [[[0.0, 43.0], [224.0, 43.0], [224.0, 224.0], [0.0, 224.0]], [[54.0, 28.0], [204.0, 28.0], [204.0, 75.0], [54.0, 75.0]]], 'gtCare': 1, 'detCare': 2, 'gtDontCare': [], 'detDontCare': [], 'detMatched': 0, 'evaluationLog': 'GT polygons: 1\nDET polygons: 2\n'}]
2020-06-23 14:49:24,767 - INFO - Train, Iter 10, LR [0.001] loss 0.10678231716156006
2020-06-23 14:49:24,768 - INFO - bce:	0.047619618475437164
2020-06-23 14:49:24,768 - INFO - mask l1:	0.02596411481499672
2020-06-23 14:49:24,768 - INFO - dice loss:	0.033198583871126175
2020-06-23 14:49:26,878 - INFO - [{'precision': 0.0, 'recall': 0.0, 'hmean': 0, 'pairs': [], 'iouMat': [[0.0, 0.0]], 'gtPolPoints': [tensor([[  2., 270.],
        [ 29., 270.],
        [ 29., 373.],
        [  2., 373.]])], 'detPolPoints': [[[0.0, 64.0], [224.0, 64.0], [224.0, 224.0], [0.0, 224.0]], [[61.0, 30.0], [202.0, 30.0], [202.0, 72.0], [61.0, 72.0]]], 'gtCare': 1, 'detCare': 2, 'gtDontCare': [], 'detDontCare': [], 'detMatched': 0, 'evaluationLog': 'GT polygons: 1\nDET polygons: 2\n'}]
2020-06-23 14:49:26,879 - INFO - Train, Iter 20, LR [0.001] loss 0.07211240381002426
2020-06-23 14:49:26,879 - INFO - bce:	0.022479593753814697
2020-06-23 14:49:26,880 - INFO - mask l1:	0.018082046881318092
2020-06-23 14:49:26,880 - INFO - dice loss:	0.03155076503753662
2020-06-23 14:49:28,782 - INFO - [{'precision': 0.0, 'recall': 0.0, 'hmean': 0, 'pairs': [], 'iouMat': [[0.0, 0.0]], 'gtPolPoints': [tensor([[  2., 270.],
        [ 29., 270.],
        [ 29., 373.],
        [  2., 373.]])], 'detPolPoints': [[[0.0, 67.0], [224.0, 67.0], [224.0, 224.0], [0.0, 224.0]], [[62.0, 31.0], [200.0, 31.0], [200.0, 74.0], [62.0, 74.0]]], 'gtCare': 1, 'detCare': 2, 'gtDontCare': [], 'detDontCare': [], 'detMatched': 0, 'evaluationLog': 'GT polygons: 1\nDET polygons: 2\n'}]
2020-06-23 14:49:28,783 - INFO - Train, Iter 30, LR [0.001] loss 0.05674543231725693
2020-06-23 14:49:28,783 - INFO - bce:	0.014990666881203651
2020-06-23 14:49:28,784 - INFO - mask l1:	0.010703879408538342
2020-06-23 14:49:28,784 - INFO - dice loss:	0.03105088509619236
2020-06-23 14:49:30,701 - INFO - [{'precision': 0.0, 'recall': 0.0, 'hmean': 0, 'pairs': [], 'iouMat': [[0.0, 0.0]], 'gtPolPoints': [tensor([[  2., 270.],
        [ 29., 270.],
        [ 29., 373.],
        [  2., 373.]])], 'detPolPoints': [[[0.0, 67.0], [224.0, 67.0], [224.0, 224.0], [0.0, 224.0]], [[63.0, 31.0], [200.0, 31.0], [200.0, 73.0], [63.0, 73.0]]], 'gtCare': 1, 'detCare': 2, 'gtDontCare': [], 'detDontCare': [], 'detMatched': 0, 'evaluationLog': 'GT polygons: 1\nDET polygons: 2\n'}]
2020-06-23 14:49:30,702 - INFO - Train, Iter 40, LR [0.001] loss 0.05518295243382454
2020-06-23 14:49:30,702 - INFO - bce:	0.016918979585170746
2020-06-23 14:49:30,702 - INFO - mask l1:	0.0072380052879452705
2020-06-23 14:49:30,703 - INFO - dice loss:	0.031025970354676247
2020-06-23 14:49:32,542 - INFO - [{'precision': 0.0, 'recall': 0.0, 'hmean': 0, 'pairs': [], 'iouMat': [[0.0, 0.0]], 'gtPolPoints': [tensor([[  2., 270.],
        [ 29., 270.],
        [ 29., 373.],
        [  2., 373.]])], 'detPolPoints': [[[0.0, 67.0], [224.0, 67.0], [224.0, 224.0], [0.0, 224.0]], [[64.0, 31.0], [198.0, 31.0], [198.0, 70.0], [64.0, 70.0]]], 'gtCare': 1, 'detCare': 2, 'gtDontCare': [], 'detDontCare': [], 'detMatched': 0, 'evaluationLog': 'GT polygons: 1\nDET polygons: 2\n'}]
2020-06-23 14:49:32,542 - INFO - Train, Iter 50, LR [0.001] loss 0.04502823203802109
2020-06-23 14:49:32,543 - INFO - bce:	0.009041924960911274
2020-06-23 14:49:32,543 - INFO - mask l1:	0.00509464368224144
2020-06-23 14:49:32,543 - INFO - dice loss:	0.0308916624635458
2020-06-23 14:49:34,301 - INFO - [{'precision': 0.0, 'recall': 0.0, 'hmean': 0, 'pairs': [], 'iouMat': [[0.0, 0.0]], 'gtPolPoints': [tensor([[  2., 270.],
        [ 29., 270.],
        [ 29., 373.],
        [  2., 373.]])], 'detPolPoints': [[[0.0, 69.0], [224.0, 69.0], [224.0, 224.0], [0.0, 224.0]], [[63.0, 29.0], [199.0, 29.0], [199.0, 71.0], [63.0, 71.0]]], 'gtCare': 1, 'detCare': 2, 'gtDontCare': [], 'detDontCare': [], 'detMatched': 0, 'evaluationLog': 'GT polygons: 1\nDET polygons: 2\n'}]
2020-06-23 14:49:34,302 - INFO - Train, Iter 60, LR [0.001] loss 0.04035007953643799
2020-06-23 14:49:34,302 - INFO - bce:	0.005998548585921526
2020-06-23 14:49:34,302 - INFO - mask l1:	0.003795524826273322
2020-06-23 14:49:34,303 - INFO - dice loss:	0.030556006357073784
2020-06-23 14:49:36,095 - INFO - [{'precision': 0.0, 'recall': 0.0, 'hmean': 0, 'pairs': [], 'iouMat': [[0.0, 0.0, 0.0]], 'gtPolPoints': [tensor([[  2., 270.],
        [ 29., 270.],
        [ 29., 373.],
        [  2., 373.]])], 'detPolPoints': [[[0.0, 69.0], [224.0, 69.0], [224.0, 224.0], [0.0, 224.0]], [[54.0, 85.0], [68.0, 85.0], [68.0, 118.0], [54.0, 118.0]], [[63.0, 29.0], [199.0, 29.0], [199.0, 71.0], [63.0, 71.0]]], 'gtCare': 1, 'detCare': 3, 'gtDontCare': [], 'detDontCare': [], 'detMatched': 0, 'evaluationLog': 'GT polygons: 1\nDET polygons: 3\n'}]
2020-06-23 14:49:36,095 - INFO - Train, Iter 70, LR [0.0009] loss 0.03838520497083664
2020-06-23 14:49:36,096 - INFO - bce:	0.00410750787705183
2020-06-23 14:49:36,096 - INFO - mask l1:	0.003840205492451787
2020-06-23 14:49:36,096 - INFO - dice loss:	0.030437493696808815
2020-06-23 14:49:37,919 - INFO - [{'precision': 0.0, 'recall': 0.0, 'hmean': 0, 'pairs': [], 'iouMat': [[0.0, 0.0, 0.0]], 'gtPolPoints': [tensor([[  2., 270.],
        [ 29., 270.],
        [ 29., 373.],
        [  2., 373.]])], 'detPolPoints': [[[0.0, 69.0], [224.0, 69.0], [224.0, 224.0], [0.0, 224.0]], [[54.0, 86.0], [68.0, 86.0], [68.0, 117.0], [54.0, 117.0]], [[66.0, 32.0], [199.0, 32.0], [199.0, 71.0], [66.0, 71.0]]], 'gtCare': 1, 'detCare': 3, 'gtDontCare': [], 'detDontCare': [], 'detMatched': 0, 'evaluationLog': 'GT polygons: 1\nDET polygons: 3\n'}]
2020-06-23 14:49:37,920 - INFO - Train, Iter 80, LR [0.0009] loss 0.03701723366975784
2020-06-23 14:49:37,920 - INFO - bce:	0.0032212533988058567
2020-06-23 14:49:37,920 - INFO - mask l1:	0.00349874934181571
2020-06-23 14:49:37,921 - INFO - dice loss:	0.030297232791781425
2020-06-23 14:49:39,694 - INFO - [{'precision': 0.0, 'recall': 0.0, 'hmean': 0, 'pairs': [], 'iouMat': [[0.0, 0.0, 0.0]], 'gtPolPoints': [tensor([[  2., 270.],
        [ 29., 270.],
        [ 29., 373.],
        [  2., 373.]])], 'detPolPoints': [[[0.0, 69.0], [224.0, 69.0], [224.0, 224.0], [0.0, 224.0]], [[55.0, 87.0], [66.0, 87.0], [66.0, 116.0], [55.0, 116.0]], [[64.0, 31.0], [198.0, 31.0], [198.0, 70.0], [64.0, 70.0]]], 'gtCare': 1, 'detCare': 3, 'gtDontCare': [], 'detDontCare': [], 'detMatched': 0, 'evaluationLog': 'GT polygons: 1\nDET polygons: 3\n'}]
2020-06-23 14:49:39,695 - INFO - Train, Iter 90, LR [0.0009] loss 0.03631622716784477
2020-06-23 14:49:39,695 - INFO - bce:	0.002279949374496937
2020-06-23 14:49:39,695 - INFO - mask l1:	0.0037906295619904995
2020-06-23 14:49:39,696 - INFO - dice loss:	0.030245650559663773
2020-06-23 14:49:41,422 - INFO - [{'precision': 0.0, 'recall': 0.0, 'hmean': 0, 'pairs': [], 'iouMat': [[0.0, 0.0, 0.0]], 'gtPolPoints': [tensor([[  2., 270.],
        [ 29., 270.],
        [ 29., 373.],
        [  2., 373.]])], 'detPolPoints': [[[0.0, 69.0], [224.0, 69.0], [224.0, 224.0], [0.0, 224.0]], [[55.0, 87.0], [66.0, 87.0], [66.0, 116.0], [55.0, 116.0]], [[64.0, 30.0], [200.0, 30.0], [200.0, 73.0], [64.0, 73.0]]], 'gtCare': 1, 'detCare': 3, 'gtDontCare': [], 'detDontCare': [], 'detMatched': 0, 'evaluationLog': 'GT polygons: 1\nDET polygons: 3\n'}]
2020-06-23 14:49:41,423 - INFO - Train, Iter 100, LR [0.0009] loss 0.03575463220477104
2020-06-23 14:49:41,423 - INFO - bce:	0.002810221165418625
2020-06-23 14:49:41,424 - INFO - mask l1:	0.00267223734408617
2020-06-23 14:49:41,424 - INFO - dice loss:	0.03027217462658882
2020-06-23 14:49:43,167 - INFO - [{'precision': 0.0, 'recall': 0.0, 'hmean': 0, 'pairs': [], 'iouMat': [[0.0, 0.0, 0.0]], 'gtPolPoints': [tensor([[  2., 270.],
        [ 29., 270.],
        [ 29., 373.],
        [  2., 373.]])], 'detPolPoints': [[[0.0, 69.0], [224.0, 69.0], [224.0, 224.0], [0.0, 224.0]], [[55.0, 87.0], [66.0, 87.0], [66.0, 116.0], [55.0, 116.0]], [[63.0, 30.0], [199.0, 30.0], [199.0, 72.0], [63.0, 72.0]]], 'gtCare': 1, 'detCare': 3, 'gtDontCare': [], 'detDontCare': [], 'detMatched': 0, 'evaluationLog': 'GT polygons: 1\nDET polygons: 3\n'}]
2020-06-23 14:49:43,168 - INFO - Train, Iter 110, LR [0.0009] loss 0.03507191315293312
2020-06-23 14:49:43,168 - INFO - bce:	0.001603838987648487
2020-06-23 14:49:43,168 - INFO - mask l1:	0.0033241393975913525
2020-06-23 14:49:43,169 - INFO - dice loss:	0.03014393523335457
2020-06-23 14:49:45,839 - INFO - [{'precision': 0.0, 'recall': 0.0, 'hmean': 0, 'pairs': [], 'iouMat': [[0.0, 0.0, 0.0]], 'gtPolPoints': [tensor([[  2., 270.],
        [ 29., 270.],
        [ 29., 373.],
        [  2., 373.]])], 'detPolPoints': [[[0.0, 69.0], [224.0, 69.0], [224.0, 224.0], [0.0, 224.0]], [[55.0, 87.0], [66.0, 87.0], [66.0, 116.0], [55.0, 116.0]], [[65.0, 31.0], [197.0, 31.0], [197.0, 70.0], [65.0, 70.0]]], 'gtCare': 1, 'detCare': 3, 'gtDontCare': [], 'detDontCare': [], 'detMatched': 0, 'evaluationLog': 'GT polygons: 1\nDET polygons: 3\n'}]
2020-06-23 14:49:45,839 - INFO - Train, Iter 120, LR [0.0009] loss 0.033805567771196365
2020-06-23 14:49:45,840 - INFO - bce:	0.0009953953558579087
2020-06-23 14:49:45,840 - INFO - mask l1:	0.002779135014861822
2020-06-23 14:49:45,840 - INFO - dice loss:	0.03003103844821453
2020-06-23 14:49:58,494 - INFO - [{'precision': 0.0, 'recall': 0.0, 'hmean': 0, 'pairs': [], 'iouMat': [[0.0, 0.0, 0.0]], 'gtPolPoints': [tensor([[  2., 270.],
        [ 29., 270.],
        [ 29., 373.],
        [  2., 373.]])], 'detPolPoints': [[[0.0, 69.0], [224.0, 69.0], [224.0, 224.0], [0.0, 224.0]], [[53.0, 86.0], [67.0, 86.0], [67.0, 116.0], [53.0, 116.0]], [[65.0, 31.0], [198.0, 31.0], [198.0, 70.0], [65.0, 70.0]]], 'gtCare': 1, 'detCare': 3, 'gtDontCare': [], 'detDontCare': [], 'detMatched': 0, 'evaluationLog': 'GT polygons: 1\nDET polygons: 3\n'}]
2020-06-23 14:49:58,494 - INFO - Train, Iter 130, LR [0.0009] loss 0.033080462366342545
2020-06-23 14:49:58,495 - INFO - bce:	0.0007837298326194286
2020-06-23 14:49:58,495 - INFO - mask l1:	0.0022619457449764013
2020-06-23 14:49:58,495 - INFO - dice loss:	0.030034786090254784
2020-06-23 14:50:00,174 - INFO - [{'precision': 0.0, 'recall': 0.0, 'hmean': 0, 'pairs': [], 'iouMat': [[0.0, 0.0, 0.0]], 'gtPolPoints': [tensor([[  2., 270.],
        [ 29., 270.],
        [ 29., 373.],
        [  2., 373.]])], 'detPolPoints': [[[0.0, 69.0], [224.0, 69.0], [224.0, 224.0], [0.0, 224.0]], [[55.0, 88.0], [66.0, 88.0], [66.0, 116.0], [55.0, 116.0]], [[65.0, 31.0], [197.0, 31.0], [197.0, 70.0], [65.0, 70.0]]], 'gtCare': 1, 'detCare': 3, 'gtDontCare': [], 'detDontCare': [], 'detMatched': 0, 'evaluationLog': 'GT polygons: 1\nDET polygons: 3\n'}]
2020-06-23 14:50:00,174 - INFO - Train, Iter 140, LR [0.0009] loss 0.033019036054611206
2020-06-23 14:50:00,174 - INFO - bce:	0.0006382485735230148
2020-06-23 14:50:00,175 - INFO - mask l1:	0.0023549823090434074
2020-06-23 14:50:00,175 - INFO - dice loss:	0.030025804415345192
2020-06-23 14:50:01,319 - INFO - [{'precision': 0.0, 'recall': 0.0, 'hmean': 0, 'pairs': [], 'iouMat': [[0.0, 0.0, 0.0]], 'gtPolPoints': [tensor([[  2., 270.],
        [ 29., 270.],
        [ 29., 373.],
        [  2., 373.]])], 'detPolPoints': [[[0.0, 69.0], [224.0, 69.0], [224.0, 224.0], [0.0, 224.0]], [[55.0, 88.0], [66.0, 88.0], [66.0, 115.0], [55.0, 115.0]], [[65.0, 31.0], [197.0, 31.0], [197.0, 70.0], [65.0, 70.0]]], 'gtCare': 1, 'detCare': 3, 'gtDontCare': [], 'detDontCare': [], 'detMatched': 0, 'evaluationLog': 'GT polygons: 1\nDET polygons: 3\n'}]
2020-06-23 14:50:01,320 - INFO - Train, Iter 150, LR [0.0009] loss 0.033433765172958374
2020-06-23 14:50:01,320 - INFO - bce:	0.0005099389818497002
2020-06-23 14:50:01,320 - INFO - mask l1:	0.002916553756222129
2020-06-23 14:50:01,320 - INFO - dice loss:	0.030007272958755493
2020-06-23 14:50:02,467 - INFO - [{'precision': 0.0, 'recall': 0.0, 'hmean': 0, 'pairs': [], 'iouMat': [[0.0, 0.0, 0.0]], 'gtPolPoints': [tensor([[  2., 270.],
        [ 29., 270.],
        [ 29., 373.],
        [  2., 373.]])], 'detPolPoints': [[[0.0, 69.0], [224.0, 69.0], [224.0, 224.0], [0.0, 224.0]], [[55.0, 88.0], [66.0, 88.0], [66.0, 115.0], [55.0, 115.0]], [[65.0, 31.0], [197.0, 31.0], [197.0, 70.0], [65.0, 70.0]]], 'gtCare': 1, 'detCare': 3, 'gtDontCare': [], 'detDontCare': [], 'detMatched': 0, 'evaluationLog': 'GT polygons: 1\nDET polygons: 3\n'}]
2020-06-23 14:50:02,468 - INFO - Train, Iter 160, LR [0.0009] loss 0.03347424045205116
2020-06-23 14:50:02,468 - INFO - bce:	0.0004595103964675218
2020-06-23 14:50:02,468 - INFO - mask l1:	0.0030759526416659355
2020-06-23 14:50:02,468 - INFO - dice loss:	0.029938776046037674
2020-06-23 14:50:04,575 - INFO - [{'precision': 0.0, 'recall': 0.0, 'hmean': 0, 'pairs': [], 'iouMat': [[0.0, 0.0, 0.0]], 'gtPolPoints': [tensor([[  2., 270.],
        [ 29., 270.],
        [ 29., 373.],
        [  2., 373.]])], 'detPolPoints': [[[0.0, 69.0], [224.0, 69.0], [224.0, 224.0], [0.0, 224.0]], [[55.0, 88.0], [66.0, 88.0], [66.0, 115.0], [55.0, 115.0]], [[65.0, 31.0], [197.0, 31.0], [197.0, 70.0], [65.0, 70.0]]], 'gtCare': 1, 'detCare': 3, 'gtDontCare': [], 'detDontCare': [], 'detMatched': 0, 'evaluationLog': 'GT polygons: 1\nDET polygons: 3\n'}]
2020-06-23 14:50:04,576 - INFO - Train, Iter 170, LR [0.0009] loss 0.033618755638599396
2020-06-23 14:50:04,576 - INFO - bce:	0.0003974863502662629
2020-06-23 14:50:04,576 - INFO - mask l1:	0.003172260010614991
2020-06-23 14:50:04,577 - INFO - dice loss:	0.03004900924861431
2020-06-23 14:50:05,745 - INFO - [{'precision': 0.0, 'recall': 0.0, 'hmean': 0, 'pairs': [], 'iouMat': [[0.0, 0.0, 0.0]], 'gtPolPoints': [tensor([[  2., 270.],
        [ 29., 270.],
        [ 29., 373.],
        [  2., 373.]])], 'detPolPoints': [[[0.0, 69.0], [224.0, 69.0], [224.0, 224.0], [0.0, 224.0]], [[55.0, 88.0], [66.0, 88.0], [66.0, 115.0], [55.0, 115.0]], [[65.0, 31.0], [197.0, 31.0], [197.0, 70.0], [65.0, 70.0]]], 'gtCare': 1, 'detCare': 3, 'gtDontCare': [], 'detDontCare': [], 'detMatched': 0, 'evaluationLog': 'GT polygons: 1\nDET polygons: 3\n'}]
2020-06-23 14:50:05,745 - INFO - Train, Iter 180, LR [0.0009] loss 0.032824330031871796
2020-06-23 14:50:05,746 - INFO - bce:	0.00033122565946541727
2020-06-23 14:50:05,746 - INFO - mask l1:	0.0025867423973977566
2020-06-23 14:50:05,746 - INFO - dice loss:	0.029906362295150757
2020-06-23 14:50:06,931 - INFO - [{'precision': 0.0, 'recall': 0.0, 'hmean': 0, 'pairs': [], 'iouMat': [[0.0, 0.0, 0.0]], 'gtPolPoints': [tensor([[  2., 270.],
        [ 29., 270.],
        [ 29., 373.],
        [  2., 373.]])], 'detPolPoints': [[[0.0, 69.0], [224.0, 69.0], [224.0, 224.0], [0.0, 224.0]], [[55.0, 88.0], [66.0, 88.0], [66.0, 115.0], [55.0, 115.0]], [[65.0, 31.0], [197.0, 31.0], [197.0, 70.0], [65.0, 70.0]]], 'gtCare': 1, 'detCare': 3, 'gtDontCare': [], 'detDontCare': [], 'detMatched': 0, 'evaluationLog': 'GT polygons: 1\nDET polygons: 3\n'}]
2020-06-23 14:50:06,932 - INFO - Train, Iter 190, LR [0.0009] loss 0.0324542298913002
2020-06-23 14:50:06,932 - INFO - bce:	0.0002875070204026997
2020-06-23 14:50:06,932 - INFO - mask l1:	0.0021965790074318647
2020-06-23 14:50:06,932 - INFO - dice loss:	0.029970144852995872
2020-06-23 14:50:08,068 - INFO - [{'precision': 0.0, 'recall': 0.0, 'hmean': 0, 'pairs': [], 'iouMat': [[0.0, 0.0, 0.0]], 'gtPolPoints': [tensor([[  2., 270.],
        [ 29., 270.],
        [ 29., 373.],
        [  2., 373.]])], 'detPolPoints': [[[0.0, 69.0], [224.0, 69.0], [224.0, 224.0], [0.0, 224.0]], [[55.0, 88.0], [66.0, 88.0], [66.0, 115.0], [55.0, 115.0]], [[65.0, 31.0], [197.0, 31.0], [197.0, 70.0], [65.0, 70.0]]], 'gtCare': 1, 'detCare': 3, 'gtDontCare': [], 'detDontCare': [], 'detMatched': 0, 'evaluationLog': 'GT polygons: 1\nDET polygons: 3\n'}]
2020-06-23 14:50:08,068 - INFO - Train, Iter 200, LR [0.0008] loss 0.032114122062921524
2020-06-23 14:50:08,068 - INFO - bce:	0.00025529193226248026
2020-06-23 14:50:08,068 - INFO - mask l1:	0.0018971904646605253
2020-06-23 14:50:08,068 - INFO - dice loss:	0.029961640015244484
2020-06-23 14:50:09,212 - INFO - [{'precision': 0.0, 'recall': 0.0, 'hmean': 0, 'pairs': [], 'iouMat': [[0.0, 0.0, 0.0]], 'gtPolPoints': [tensor([[  2., 270.],
        [ 29., 270.],
        [ 29., 373.],
        [  2., 373.]])], 'detPolPoints': [[[0.0, 69.0], [224.0, 69.0], [224.0, 224.0], [0.0, 224.0]], [[55.0, 88.0], [66.0, 88.0], [66.0, 115.0], [55.0, 115.0]], [[65.0, 31.0], [197.0, 31.0], [197.0, 70.0], [65.0, 70.0]]], 'gtCare': 1, 'detCare': 3, 'gtDontCare': [], 'detDontCare': [], 'detMatched': 0, 'evaluationLog': 'GT polygons: 1\nDET polygons: 3\n'}]
2020-06-23 14:50:09,213 - INFO - Train, Iter 210, LR [0.0008] loss 0.032082412391901016
2020-06-23 14:50:09,213 - INFO - bce:	0.00024043126904871315
2020-06-23 14:50:09,213 - INFO - mask l1:	0.001894747605547309
2020-06-23 14:50:09,213 - INFO - dice loss:	0.02994723431766033
2020-06-23 14:50:10,376 - INFO - [{'precision': 0.0, 'recall': 0.0, 'hmean': 0, 'pairs': [], 'iouMat': [[0.0, 0.0, 0.0]], 'gtPolPoints': [tensor([[  2., 270.],
        [ 29., 270.],
        [ 29., 373.],
        [  2., 373.]])], 'detPolPoints': [[[0.0, 69.0], [224.0, 69.0], [224.0, 224.0], [0.0, 224.0]], [[55.0, 88.0], [66.0, 88.0], [66.0, 115.0], [55.0, 115.0]], [[65.0, 31.0], [197.0, 31.0], [197.0, 70.0], [65.0, 70.0]]], 'gtCare': 1, 'detCare': 3, 'gtDontCare': [], 'detDontCare': [], 'detMatched': 0, 'evaluationLog': 'GT polygons: 1\nDET polygons: 3\n'}]
2020-06-23 14:50:10,377 - INFO - Train, Iter 220, LR [0.0008] loss 0.03265206143260002
2020-06-23 14:50:10,377 - INFO - bce:	0.00023230270016938448
2020-06-23 14:50:10,377 - INFO - mask l1:	0.0024825213477015495
2020-06-23 14:50:10,377 - INFO - dice loss:	0.02993723750114441
