2020-06-23 16:12:34,366 - INFO - Assemble, Step 1, Build Dataset
2020-06-23 16:12:34,367 - INFO - current dataset length is 1 in D:\DB-master\dataset\ours\train_images
2020-06-23 16:12:34,368 - INFO - current dataset length is 1 in D:\DB-master\dataset\ours\train_images
2020-06-23 16:12:34,368 - INFO - Assemble, Step 2, Build Dataloader
2020-06-23 16:12:34,368 - INFO - Assemble, Step 3, Build Model
2020-06-23 16:12:34,493 - INFO - ResNet init weights from pretreain
2020-06-23 16:12:34,614 - INFO - GFPN init weights
2020-06-23 16:12:34,648 - INFO - Using GPU 0
2020-06-23 16:12:35,656 - INFO - Assemble, Step 5, Build Criterion
2020-06-23 16:12:35,657 - INFO - Assemble, Step 6, Build Optimizer
2020-06-23 16:12:35,658 - INFO - Assemble, Step 7, Build LR scheduler
2020-06-23 16:12:35,659 - INFO - Assemble, Step 8, Build Runner
2020-06-23 16:12:35,660 - INFO - Start train...
2020-06-23 16:12:36,550 - INFO - Iteration 1, Start validating
2020-06-23 16:12:41,527 - INFO - EVAL!!! 
 [{'precision': 0, 'recall': 0.0, 'hmean': 0, 'pairs': [], 'iouMat': [[0.0]], 'gtPolPoints': [tensor([[599.,   1.],
        [658.,   1.],
        [658.,  49.],
        [599.,  49.]])], 'detPolPoints': [], 'gtCare': 1, 'detCare': 0, 'gtDontCare': [], 'detDontCare': [], 'detMatched': 0, 'evaluationLog': 'GT polygons: 1\nDET polygons: 0\n'}]
2020-06-23 16:12:44,166 - INFO - [{'precision': 0, 'recall': 0.0, 'hmean': 0, 'pairs': [], 'iouMat': [[0.0]], 'gtPolPoints': [tensor([[599.,   1.],
        [658.,   1.],
        [658.,  49.],
        [599.,  49.]])], 'detPolPoints': [], 'gtCare': 1, 'detCare': 0, 'gtDontCare': [], 'detDontCare': [], 'detMatched': 0, 'evaluationLog': 'GT polygons: 1\nDET polygons: 0\n'}]
2020-06-23 16:12:44,167 - INFO - Train, Iter 10, LR [0.001] loss 0.1833791434764862
2020-06-23 16:12:44,167 - INFO - bce:	0.1049877479672432
2020-06-23 16:12:44,168 - INFO - mask l1:	0.07119250297546387
2020-06-23 16:12:44,168 - INFO - dice loss:	0.0071988883428275585
2020-06-23 16:12:44,337 - INFO - Iteration 11, Start validating
2020-06-23 16:12:46,231 - INFO - EVAL!!! 
 [{'precision': 0, 'recall': 0.0, 'hmean': 0, 'pairs': [], 'iouMat': [[0.0]], 'gtPolPoints': [tensor([[599.,   1.],
        [658.,   1.],
        [658.,  49.],
        [599.,  49.]])], 'detPolPoints': [], 'gtCare': 1, 'detCare': 0, 'gtDontCare': [], 'detDontCare': [], 'detMatched': 0, 'evaluationLog': 'GT polygons: 1\nDET polygons: 0\n'}]
