2020-06-23 17:01:51,251 - INFO - Assemble, Step 1, Build Dataset
2020-06-23 17:01:51,251 - INFO - current dataset length is 1 in D:\DB-master\dataset\ours\train_images
2020-06-23 17:01:51,252 - INFO - current dataset length is 1 in D:\DB-master\dataset\ours\train_images
2020-06-23 17:01:51,252 - INFO - Assemble, Step 2, Build Dataloader
2020-06-23 17:01:51,253 - INFO - Assemble, Step 3, Build Model
2020-06-23 17:01:51,378 - INFO - ResNet init weights from pretreain
2020-06-23 17:01:51,495 - INFO - GFPN init weights
2020-06-23 17:01:51,534 - INFO - Using GPU 0
2020-06-23 17:01:52,531 - INFO - Assemble, Step 5, Build Criterion
2020-06-23 17:01:52,532 - INFO - Assemble, Step 6, Build Optimizer
2020-06-23 17:01:52,534 - INFO - Assemble, Step 7, Build LR scheduler
2020-06-23 17:01:52,535 - INFO - Assemble, Step 8, Build Runner
2020-06-23 17:01:52,535 - INFO - Start train...
2020-06-23 17:01:53,411 - INFO - Iteration 1, Start validating
2020-06-23 17:01:53,502 - INFO - EVAL!!! 
 [{'precision': 0, 'recall': 0.0, 'hmean': 0, 'pairs': [], 'iouMat': [[2.610054822996e-312]], 'gtPolPoints': [tensor([[599,   1],
        [658,   1],
        [658,  49],
        [599,  49]], dtype=torch.int32), tensor([[ 87, 103],
        [597, 103],
        [597, 201],
        [ 87, 201]], dtype=torch.int32)], 'detPolPoints': [], 'gtCare': 1, 'detCare': 0, 'gtDontCare': [0], 'detDontCare': [], 'detMatched': 0, 'evaluationLog': "GT polygons: 2 (1 don't care)\nDET polygons: 0\n"}]
2020-06-23 17:01:55,444 - INFO - [{'precision': 0, 'recall': 0.0, 'hmean': 0, 'pairs': [], 'iouMat': [[0.0]], 'gtPolPoints': [tensor([[599,   1],
        [658,   1],
        [658,  49],
        [599,  49]], dtype=torch.int32), tensor([[ 87, 103],
        [597, 103],
        [597, 201],
        [ 87, 201]], dtype=torch.int32)], 'detPolPoints': [], 'gtCare': 1, 'detCare': 0, 'gtDontCare': [0], 'detDontCare': [], 'detMatched': 0, 'evaluationLog': "GT polygons: 2 (1 don't care)\nDET polygons: 0\n"}]
2020-06-23 17:01:55,445 - INFO - Train, Iter 10, LR [0.001] loss 0.18446053564548492
2020-06-23 17:01:55,445 - INFO - bce:	0.10457701981067657
2020-06-23 17:01:55,445 - INFO - mask l1:	0.0727897435426712
2020-06-23 17:01:55,445 - INFO - dice loss:	0.007093769498169422
2020-06-23 17:01:55,615 - INFO - Iteration 11, Start validating
2020-06-23 17:01:55,736 - INFO - EVAL!!! 
 [{'precision': 0.0, 'recall': 0.0, 'hmean': 0, 'pairs': [], 'iouMat': [[0.0], [0.4493715272158386]], 'gtPolPoints': [tensor([[599,   1],
        [658,   1],
        [658,  49],
        [599,  49]], dtype=torch.int32), tensor([[ 87, 103],
        [597, 103],
        [597, 201],
        [ 87, 201]], dtype=torch.int32)], 'detPolPoints': [[[0.0, 71.0], [666.0, 71.0], [666.0, 238.0], [0.0, 238.0]]], 'gtCare': 1, 'detCare': 1, 'gtDontCare': [0], 'detDontCare': [], 'detMatched': 0, 'evaluationLog': "GT polygons: 2 (1 don't care)\nDET polygons: 1\n"}]
2020-06-23 17:01:57,664 - INFO - [{'precision': 1.0, 'recall': 1.0, 'hmean': 1.0, 'pairs': [{'gt': 1, 'det': 0}], 'iouMat': [[0.0], [0.6123949322420174]], 'gtPolPoints': [tensor([[599,   1],
        [658,   1],
        [658,  49],
        [599,  49]], dtype=torch.int32), tensor([[ 87, 103],
        [597, 103],
        [597, 201],
        [ 87, 201]], dtype=torch.int32)], 'detPolPoints': [[[62.0, 80.0], [621.0, 80.0], [621.0, 226.0], [62.0, 226.0]]], 'gtCare': 1, 'detCare': 1, 'gtDontCare': [0], 'detDontCare': [], 'detMatched': 1, 'evaluationLog': "GT polygons: 2 (1 don't care)\nDET polygons: 1\nMatch GT #1 with Det #0\n"}]
2020-06-23 17:01:57,664 - INFO - Train, Iter 20, LR [0.001] loss 0.05114896595478058
2020-06-23 17:01:57,664 - INFO - bce:	0.015619980171322823
2020-06-23 17:01:57,664 - INFO - mask l1:	0.03033355250954628
2020-06-23 17:01:57,665 - INFO - dice loss:	0.005195432808250189
2020-06-23 17:01:57,838 - INFO - Iteration 21, Start validating
2020-06-23 17:01:57,957 - INFO - EVAL!!! 
 [{'precision': 1.0, 'recall': 1.0, 'hmean': 1.0, 'pairs': [{'gt': 1, 'det': 0}], 'iouMat': [[0.0], [0.5592105263157895]], 'gtPolPoints': [tensor([[599,   1],
        [658,   1],
        [658,  49],
        [599,  49]], dtype=torch.int32), tensor([[ 87, 103],
        [597, 103],
        [597, 201],
        [ 87, 201]], dtype=torch.int32)], 'detPolPoints': [[[56.0, 77.0], [644.0, 77.0], [644.0, 229.0], [56.0, 229.0]]], 'gtCare': 1, 'detCare': 1, 'gtDontCare': [0], 'detDontCare': [], 'detMatched': 1, 'evaluationLog': "GT polygons: 2 (1 don't care)\nDET polygons: 1\nMatch GT #1 with Det #0\n"}]
2020-06-23 17:01:59,882 - INFO - [{'precision': 1.0, 'recall': 1.0, 'hmean': 1.0, 'pairs': [{'gt': 1, 'det': 0}], 'iouMat': [[0.0], [0.6432432432432432]], 'gtPolPoints': [tensor([[599,   1],
        [658,   1],
        [658,  49],
        [599,  49]], dtype=torch.int32), tensor([[ 87, 103],
        [597, 103],
        [597, 201],
        [ 87, 201]], dtype=torch.int32)], 'detPolPoints': [[[65.0, 82.0], [620.0, 82.0], [620.0, 222.0], [65.0, 222.0]]], 'gtCare': 1, 'detCare': 1, 'gtDontCare': [0], 'detDontCare': [], 'detMatched': 1, 'evaluationLog': "GT polygons: 2 (1 don't care)\nDET polygons: 1\nMatch GT #1 with Det #0\n"}]
2020-06-23 17:01:59,882 - INFO - Train, Iter 30, LR [0.001] loss 0.027592534199357033
2020-06-23 17:01:59,883 - INFO - bce:	0.005194278433918953
2020-06-23 17:01:59,883 - INFO - mask l1:	0.018690166994929314
2020-06-23 17:01:59,883 - INFO - dice loss:	0.0037080885376781225
2020-06-23 17:02:00,059 - INFO - Iteration 31, Start validating
2020-06-23 17:02:00,178 - INFO - EVAL!!! 
 [{'precision': 1.0, 'recall': 1.0, 'hmean': 1.0, 'pairs': [{'gt': 1, 'det': 0}], 'iouMat': [[0.0], [0.6091259201481987]], 'gtPolPoints': [tensor([[599,   1],
        [658,   1],
        [658,  49],
        [599,  49]], dtype=torch.int32), tensor([[ 87, 103],
        [597, 103],
        [597, 201],
        [ 87, 201]], dtype=torch.int32)], 'detPolPoints': [[[62.0, 80.0], [624.0, 80.0], [624.0, 226.0], [62.0, 226.0]]], 'gtCare': 1, 'detCare': 1, 'gtDontCare': [0], 'detDontCare': [], 'detMatched': 1, 'evaluationLog': "GT polygons: 2 (1 don't care)\nDET polygons: 1\nMatch GT #1 with Det #0\n"}]
2020-06-23 17:02:02,100 - INFO - [{'precision': 1.0, 'recall': 1.0, 'hmean': 1.0, 'pairs': [{'gt': 1, 'det': 0}], 'iouMat': [[0.0], [0.6432432432432432]], 'gtPolPoints': [tensor([[599,   1],
        [658,   1],
        [658,  49],
        [599,  49]], dtype=torch.int32), tensor([[ 87, 103],
        [597, 103],
        [597, 201],
        [ 87, 201]], dtype=torch.int32)], 'detPolPoints': [[[65.0, 83.0], [620.0, 83.0], [620.0, 223.0], [65.0, 223.0]]], 'gtCare': 1, 'detCare': 1, 'gtDontCare': [0], 'detDontCare': [], 'detMatched': 1, 'evaluationLog': "GT polygons: 2 (1 don't care)\nDET polygons: 1\nMatch GT #1 with Det #0\n"}]
2020-06-23 17:02:02,100 - INFO - Train, Iter 40, LR [0.001] loss 0.018014706671237946
2020-06-23 17:02:02,100 - INFO - bce:	0.0027494945097714663
2020-06-23 17:02:02,101 - INFO - mask l1:	0.011286142282187939
2020-06-23 17:02:02,101 - INFO - dice loss:	0.00397906918078661
2020-06-23 17:02:02,273 - INFO - Iteration 41, Start validating
2020-06-23 17:02:02,389 - INFO - EVAL!!! 
 [{'precision': 1.0, 'recall': 1.0, 'hmean': 1.0, 'pairs': [{'gt': 1, 'det': 0}], 'iouMat': [[0.0], [0.644404332129964]], 'gtPolPoints': [tensor([[599,   1],
        [658,   1],
        [658,  49],
        [599,  49]], dtype=torch.int32), tensor([[ 87, 103],
        [597, 103],
        [597, 201],
        [ 87, 201]], dtype=torch.int32)], 'detPolPoints': [[[64.0, 82.0], [618.0, 82.0], [618.0, 222.0], [64.0, 222.0]]], 'gtCare': 1, 'detCare': 1, 'gtDontCare': [0], 'detDontCare': [], 'detMatched': 1, 'evaluationLog': "GT polygons: 2 (1 don't care)\nDET polygons: 1\nMatch GT #1 with Det #0\n"}]
2020-06-23 17:02:04,313 - INFO - [{'precision': 1.0, 'recall': 1.0, 'hmean': 1.0, 'pairs': [{'gt': 1, 'det': 0}], 'iouMat': [[0.0], [0.6731313131313131]], 'gtPolPoints': [tensor([[599,   1],
        [658,   1],
        [658,  49],
        [599,  49]], dtype=torch.int32), tensor([[ 87, 103],
        [597, 103],
        [597, 201],
        [ 87, 201]], dtype=torch.int32)], 'detPolPoints': [[[67.0, 85.0], [617.0, 85.0], [617.0, 220.0], [67.0, 220.0]]], 'gtCare': 1, 'detCare': 1, 'gtDontCare': [0], 'detDontCare': [], 'detMatched': 1, 'evaluationLog': "GT polygons: 2 (1 don't care)\nDET polygons: 1\nMatch GT #1 with Det #0\n"}]
2020-06-23 17:02:04,313 - INFO - Train, Iter 50, LR [0.001] loss 0.014655876904726028
2020-06-23 17:02:04,313 - INFO - bce:	0.0016729605849832296
2020-06-23 17:02:04,314 - INFO - mask l1:	0.009505540132522583
2020-06-23 17:02:04,314 - INFO - dice loss:	0.003477376652881503
2020-06-23 17:02:04,491 - INFO - Iteration 51, Start validating
2020-06-23 17:02:04,608 - INFO - EVAL!!! 
 [{'precision': 1.0, 'recall': 1.0, 'hmean': 1.0, 'pairs': [{'gt': 1, 'det': 0}], 'iouMat': [[0.0], [0.6455696202531646]], 'gtPolPoints': [tensor([[599,   1],
        [658,   1],
        [658,  49],
        [599,  49]], dtype=torch.int32), tensor([[ 87, 103],
        [597, 103],
        [597, 201],
        [ 87, 201]], dtype=torch.int32)], 'detPolPoints': [[[65.0, 83.0], [618.0, 83.0], [618.0, 223.0], [65.0, 223.0]]], 'gtCare': 1, 'detCare': 1, 'gtDontCare': [0], 'detDontCare': [], 'detMatched': 1, 'evaluationLog': "GT polygons: 2 (1 don't care)\nDET polygons: 1\nMatch GT #1 with Det #0\n"}]
2020-06-23 17:02:06,526 - INFO - [{'precision': 1.0, 'recall': 1.0, 'hmean': 1.0, 'pairs': [{'gt': 1, 'det': 0}], 'iouMat': [[0.0], [0.6731313131313131]], 'gtPolPoints': [tensor([[599,   1],
        [658,   1],
        [658,  49],
        [599,  49]], dtype=torch.int32), tensor([[ 87, 103],
        [597, 103],
        [597, 201],
        [ 87, 201]], dtype=torch.int32)], 'detPolPoints': [[[67.0, 85.0], [617.0, 85.0], [617.0, 220.0], [67.0, 220.0]]], 'gtCare': 1, 'detCare': 1, 'gtDontCare': [0], 'detDontCare': [], 'detMatched': 1, 'evaluationLog': "GT polygons: 2 (1 don't care)\nDET polygons: 1\nMatch GT #1 with Det #0\n"}]
2020-06-23 17:02:06,526 - INFO - Train, Iter 60, LR [0.001] loss 0.017113566398620605
2020-06-23 17:02:06,526 - INFO - bce:	0.0011630648514255881
2020-06-23 17:02:06,527 - INFO - mask l1:	0.013177593238651752
2020-06-23 17:02:06,527 - INFO - dice loss:	0.0027729093562811613
2020-06-23 17:02:06,701 - INFO - Iteration 61, Start validating
2020-06-23 17:02:06,820 - INFO - EVAL!!! 
 [{'precision': 1.0, 'recall': 1.0, 'hmean': 1.0, 'pairs': [{'gt': 1, 'det': 0}], 'iouMat': [[0.0], [0.6731313131313131]], 'gtPolPoints': [tensor([[599,   1],
        [658,   1],
        [658,  49],
        [599,  49]], dtype=torch.int32), tensor([[ 87, 103],
        [597, 103],
        [597, 201],
        [ 87, 201]], dtype=torch.int32)], 'detPolPoints': [[[67.0, 85.0], [617.0, 85.0], [617.0, 220.0], [67.0, 220.0]]], 'gtCare': 1, 'detCare': 1, 'gtDontCare': [0], 'detDontCare': [], 'detMatched': 1, 'evaluationLog': "GT polygons: 2 (1 don't care)\nDET polygons: 1\nMatch GT #1 with Det #0\n"}]
2020-06-23 17:02:08,765 - INFO - [{'precision': 1.0, 'recall': 1.0, 'hmean': 1.0, 'pairs': [{'gt': 1, 'det': 0}], 'iouMat': [[0.0], [0.67558799675588]], 'gtPolPoints': [tensor([[599,   1],
        [658,   1],
        [658,  49],
        [599,  49]], dtype=torch.int32), tensor([[ 87, 103],
        [597, 103],
        [597, 201],
        [ 87, 201]], dtype=torch.int32)], 'detPolPoints': [[[67.0, 85.0], [615.0, 85.0], [615.0, 220.0], [67.0, 220.0]]], 'gtCare': 1, 'detCare': 1, 'gtDontCare': [0], 'detDontCare': [], 'detMatched': 1, 'evaluationLog': "GT polygons: 2 (1 don't care)\nDET polygons: 1\nMatch GT #1 with Det #0\n"}]
2020-06-23 17:02:08,765 - INFO - Train, Iter 70, LR [0.0009] loss 0.01702192984521389
2020-06-23 17:02:08,766 - INFO - bce:	0.0008626743801869452
2020-06-23 17:02:08,766 - INFO - mask l1:	0.013747943565249443
2020-06-23 17:02:08,766 - INFO - dice loss:	0.0024113119579851627
2020-06-23 17:02:08,939 - INFO - Iteration 71, Start validating
2020-06-23 17:02:09,054 - INFO - EVAL!!! 
 [{'precision': 1.0, 'recall': 1.0, 'hmean': 1.0, 'pairs': [{'gt': 1, 'det': 0}], 'iouMat': [[0.0], [0.67558799675588]], 'gtPolPoints': [tensor([[599,   1],
        [658,   1],
        [658,  49],
        [599,  49]], dtype=torch.int32), tensor([[ 87, 103],
        [597, 103],
        [597, 201],
        [ 87, 201]], dtype=torch.int32)], 'detPolPoints': [[[67.0, 85.0], [615.0, 85.0], [615.0, 220.0], [67.0, 220.0]]], 'gtCare': 1, 'detCare': 1, 'gtDontCare': [0], 'detDontCare': [], 'detMatched': 1, 'evaluationLog': "GT polygons: 2 (1 don't care)\nDET polygons: 1\nMatch GT #1 with Det #0\n"}]
