2020-06-23 15:14:38,783 - INFO - Assemble, Step 1, Build Dataset
2020-06-23 15:14:38,784 - INFO - current dataset length is 1 in D:\DB-master\dataset\ours\train_images
2020-06-23 15:14:38,784 - INFO - Assemble, Step 2, Build Dataloader
2020-06-23 15:14:38,785 - INFO - Assemble, Step 3, Build Model
2020-06-23 15:14:38,909 - INFO - ResNet init weights from pretreain
2020-06-23 15:14:39,038 - INFO - GFPN init weights
2020-06-23 15:14:39,076 - INFO - Using GPU 0
2020-06-23 15:14:40,058 - INFO - Assemble, Step 5, Build Criterion
2020-06-23 15:14:40,058 - INFO - Assemble, Step 6, Build Optimizer
2020-06-23 15:14:40,060 - INFO - Assemble, Step 7, Build LR scheduler
2020-06-23 15:14:40,060 - INFO - Assemble, Step 8, Build Runner
2020-06-23 15:14:40,061 - INFO - Start train...
2020-06-23 15:14:45,494 - INFO - [{'precision': 1.0, 'recall': 1.0, 'hmean': 1.0, 'pairs': [], 'iouMat': [[0.0]], 'gtPolPoints': [tensor([[  2., 270.],
        [ 29., 270.],
        [ 29., 373.],
        [  2., 373.]])], 'detPolPoints': [], 'gtCare': 0, 'detCare': 0, 'gtDontCare': [0], 'detDontCare': [], 'detMatched': 0, 'evaluationLog': "GT polygons: 1 (1 don't care)\nDET polygons: 0\n"}]
2020-06-23 15:14:45,495 - INFO - Train, Iter 10, LR [0.001] loss 0.32797256112098694
2020-06-23 15:14:45,495 - INFO - bce:	0.22357448935508728
2020-06-23 15:14:45,495 - INFO - mask l1:	0.08448384702205658
2020-06-23 15:14:45,496 - INFO - dice loss:	0.01991422288119793
2020-06-23 15:14:50,530 - INFO - [{'precision': 0.0, 'recall': 1.0, 'hmean': 0.0, 'pairs': [], 'iouMat': [[0.0]], 'gtPolPoints': [tensor([[  2., 270.],
        [ 29., 270.],
        [ 29., 373.],
        [  2., 373.]])], 'detPolPoints': [[[203.0, 51.0], [636.0, 51.0], [636.0, 125.0], [203.0, 125.0]]], 'gtCare': 0, 'detCare': 1, 'gtDontCare': [0], 'detDontCare': [], 'detMatched': 0, 'evaluationLog': "GT polygons: 1 (1 don't care)\nDET polygons: 1\n"}]
2020-06-23 15:14:50,531 - INFO - Train, Iter 20, LR [0.001] loss 0.10953549295663834
2020-06-23 15:14:50,531 - INFO - bce:	0.06035653501749039
2020-06-23 15:14:50,531 - INFO - mask l1:	0.04015322029590607
2020-06-23 15:14:50,531 - INFO - dice loss:	0.009025740437209606
2020-06-23 15:14:52,695 - INFO - [{'precision': 0.0, 'recall': 1.0, 'hmean': 0.0, 'pairs': [], 'iouMat': [[0.0]], 'gtPolPoints': [tensor([[  2., 270.],
        [ 29., 270.],
        [ 29., 373.],
        [  2., 373.]])], 'detPolPoints': [[[204.0, 51.0], [634.0, 51.0], [634.0, 125.0], [204.0, 125.0]]], 'gtCare': 0, 'detCare': 1, 'gtDontCare': [0], 'detDontCare': [], 'detMatched': 0, 'evaluationLog': "GT polygons: 1 (1 don't care)\nDET polygons: 1\n"}]
2020-06-23 15:14:52,696 - INFO - Train, Iter 30, LR [0.001] loss 0.0639890730381012
2020-06-23 15:14:52,696 - INFO - bce:	0.033980730921030045
2020-06-23 15:14:52,696 - INFO - mask l1:	0.02303997240960598
2020-06-23 15:14:52,696 - INFO - dice loss:	0.006968367379158735
2020-06-23 15:14:54,857 - INFO - [{'precision': 0.0, 'recall': 1.0, 'hmean': 0.0, 'pairs': [], 'iouMat': [[0.0, 0.0]], 'gtPolPoints': [tensor([[  2., 270.],
        [ 29., 270.],
        [ 29., 373.],
        [  2., 373.]])], 'detPolPoints': [[[168.0, 147.0], [214.0, 147.0], [214.0, 200.0], [168.0, 200.0]], [[204.0, 53.0], [631.0, 53.0], [631.0, 123.0], [204.0, 123.0]]], 'gtCare': 0, 'detCare': 2, 'gtDontCare': [0], 'detDontCare': [], 'detMatched': 0, 'evaluationLog': "GT polygons: 1 (1 don't care)\nDET polygons: 2\n"}]
2020-06-23 15:14:54,858 - INFO - Train, Iter 40, LR [0.001] loss 0.038746386766433716
2020-06-23 15:14:54,858 - INFO - bce:	0.01896488107740879
2020-06-23 15:14:54,858 - INFO - mask l1:	0.015146935358643532
2020-06-23 15:14:54,858 - INFO - dice loss:	0.004634571261703968
2020-06-23 15:14:57,013 - INFO - [{'precision': 0.0, 'recall': 1.0, 'hmean': 0.0, 'pairs': [], 'iouMat': [[0.0, 0.0]], 'gtPolPoints': [tensor([[  2., 270.],
        [ 29., 270.],
        [ 29., 373.],
        [  2., 373.]])], 'detPolPoints': [[[171.0, 148.0], [211.0, 148.0], [211.0, 200.0], [171.0, 200.0]], [[201.0, 51.0], [631.0, 51.0], [631.0, 124.0], [201.0, 124.0]]], 'gtCare': 0, 'detCare': 2, 'gtDontCare': [0], 'detDontCare': [], 'detMatched': 0, 'evaluationLog': "GT polygons: 1 (1 don't care)\nDET polygons: 2\n"}]
2020-06-23 15:14:57,013 - INFO - Train, Iter 50, LR [0.001] loss 0.03249518573284149
2020-06-23 15:14:57,014 - INFO - bce:	0.013503951020538807
2020-06-23 15:14:57,014 - INFO - mask l1:	0.014713268727064133
2020-06-23 15:14:57,014 - INFO - dice loss:	0.004277968313544989
2020-06-23 15:14:59,161 - INFO - [{'precision': 0.0, 'recall': 1.0, 'hmean': 0.0, 'pairs': [], 'iouMat': [[0.0, 0.0]], 'gtPolPoints': [tensor([[  2., 270.],
        [ 29., 270.],
        [ 29., 373.],
        [  2., 373.]])], 'detPolPoints': [[[170.0, 148.0], [211.0, 148.0], [211.0, 200.0], [170.0, 200.0]], [[203.0, 51.0], [632.0, 51.0], [632.0, 125.0], [203.0, 125.0]]], 'gtCare': 0, 'detCare': 2, 'gtDontCare': [0], 'detDontCare': [], 'detMatched': 0, 'evaluationLog': "GT polygons: 1 (1 don't care)\nDET polygons: 2\n"}]
2020-06-23 15:14:59,162 - INFO - Train, Iter 60, LR [0.001] loss 0.02307889610528946
2020-06-23 15:14:59,162 - INFO - bce:	0.008747157640755177
2020-06-23 15:14:59,162 - INFO - mask l1:	0.010698971338570118
2020-06-23 15:14:59,162 - INFO - dice loss:	0.0036327659618109465
2020-06-23 15:15:01,301 - INFO - [{'precision': 0.0, 'recall': 1.0, 'hmean': 0.0, 'pairs': [], 'iouMat': [[0.0, 0.0, 0.0, 0.0]], 'gtPolPoints': [tensor([[  2., 270.],
        [ 29., 270.],
        [ 29., 373.],
        [  2., 373.]])], 'detPolPoints': [[[171.0, 148.0], [211.0, 148.0], [211.0, 199.0], [171.0, 199.0]], [[119.0, 149.0], [136.0, 149.0], [136.0, 196.0], [119.0, 196.0]], [[49.0, 147.0], [76.0, 147.0], [76.0, 199.0], [49.0, 199.0]], [[201.0, 51.0], [631.0, 51.0], [631.0, 123.0], [201.0, 123.0]]], 'gtCare': 0, 'detCare': 4, 'gtDontCare': [0], 'detDontCare': [], 'detMatched': 0, 'evaluationLog': "GT polygons: 1 (1 don't care)\nDET polygons: 4\n"}]
2020-06-23 15:15:01,301 - INFO - Train, Iter 70, LR [0.0009] loss 0.02814434841275215
2020-06-23 15:15:01,301 - INFO - bce:	0.006813113112002611
2020-06-23 15:15:01,302 - INFO - mask l1:	0.01811789534986019
2020-06-23 15:15:01,302 - INFO - dice loss:	0.0032133401837199926
2020-06-23 15:15:03,444 - INFO - [{'precision': 0.0, 'recall': 1.0, 'hmean': 0.0, 'pairs': [], 'iouMat': [[0.0, 0.0, 0.0]], 'gtPolPoints': [tensor([[  2., 270.],
        [ 29., 270.],
        [ 29., 373.],
        [  2., 373.]])], 'detPolPoints': [[[171.0, 147.0], [211.0, 147.0], [211.0, 198.0], [171.0, 198.0]], [[50.0, 148.0], [73.0, 147.0], [76.0, 198.0], [54.0, 198.0]], [[203.0, 52.0], [628.0, 52.0], [628.0, 123.0], [203.0, 123.0]]], 'gtCare': 0, 'detCare': 3, 'gtDontCare': [0], 'detDontCare': [], 'detMatched': 0, 'evaluationLog': "GT polygons: 1 (1 don't care)\nDET polygons: 3\n"}]
2020-06-23 15:15:03,444 - INFO - Train, Iter 80, LR [0.0009] loss 0.019790267571806908
2020-06-23 15:15:03,444 - INFO - bce:	0.004582306835800409
2020-06-23 15:15:03,445 - INFO - mask l1:	0.012259647250175476
2020-06-23 15:15:03,445 - INFO - dice loss:	0.0029483139514923096
2020-06-23 15:15:05,587 - INFO - [{'precision': 0.0, 'recall': 1.0, 'hmean': 0.0, 'pairs': [], 'iouMat': [[0.0, 0.0, 0.0, 0.0]], 'gtPolPoints': [tensor([[  2., 270.],
        [ 29., 270.],
        [ 29., 373.],
        [  2., 373.]])], 'detPolPoints': [[[171.0, 148.0], [211.0, 148.0], [211.0, 199.0], [171.0, 199.0]], [[55.0, 150.0], [73.0, 150.0], [73.0, 198.0], [55.0, 198.0]], [[122.0, 150.0], [133.0, 150.0], [133.0, 195.0], [122.0, 195.0]], [[204.0, 52.0], [628.0, 52.0], [628.0, 123.0], [204.0, 123.0]]], 'gtCare': 0, 'detCare': 4, 'gtDontCare': [0], 'detDontCare': [], 'detMatched': 0, 'evaluationLog': "GT polygons: 1 (1 don't care)\nDET polygons: 4\n"}]
2020-06-23 15:15:05,587 - INFO - Train, Iter 90, LR [0.0009] loss 0.019963383674621582
2020-06-23 15:15:05,587 - INFO - bce:	0.003436627797782421
2020-06-23 15:15:05,587 - INFO - mask l1:	0.013694516383111477
2020-06-23 15:15:05,588 - INFO - dice loss:	0.0028322399593889713
