2020-06-23 17:00:28,581 - INFO - Assemble, Step 1, Build Dataset
2020-06-23 17:00:28,582 - INFO - current dataset length is 1 in D:\DB-master\dataset\ours\train_images
2020-06-23 17:00:28,583 - INFO - current dataset length is 1 in D:\DB-master\dataset\ours\train_images
2020-06-23 17:00:28,583 - INFO - Assemble, Step 2, Build Dataloader
2020-06-23 17:00:28,584 - INFO - Assemble, Step 3, Build Model
2020-06-23 17:00:28,711 - INFO - ResNet init weights from pretreain
2020-06-23 17:00:28,844 - INFO - GFPN init weights
2020-06-23 17:00:28,880 - INFO - Using GPU 0
2020-06-23 17:00:29,867 - INFO - Assemble, Step 5, Build Criterion
2020-06-23 17:00:29,868 - INFO - Assemble, Step 6, Build Optimizer
2020-06-23 17:00:29,870 - INFO - Assemble, Step 7, Build LR scheduler
2020-06-23 17:00:29,870 - INFO - Assemble, Step 8, Build Runner
2020-06-23 17:00:29,871 - INFO - Start train...
2020-06-23 17:00:32,686 - INFO - [{'precision': 0, 'recall': 0.0, 'hmean': 0, 'pairs': [], 'iouMat': [[0.0]], 'gtPolPoints': [tensor([[599,   1],
        [658,   1],
        [658,  49],
        [599,  49]], dtype=torch.int32), tensor([[ 87, 103],
        [597, 103],
        [597, 201],
        [ 87, 201]], dtype=torch.int32)], 'detPolPoints': [], 'gtCare': 1, 'detCare': 0, 'gtDontCare': [0], 'detDontCare': [], 'detMatched': 0, 'evaluationLog': "GT polygons: 2 (1 don't care)\nDET polygons: 0\n"}]
2020-06-23 17:00:32,687 - INFO - Train, Iter 10, LR [0.001] loss 0.18375179171562195
2020-06-23 17:00:32,687 - INFO - bce:	0.10511370748281479
2020-06-23 17:00:32,687 - INFO - mask l1:	0.0714648962020874
2020-06-23 17:00:32,688 - INFO - dice loss:	0.007173198740929365
2020-06-23 17:00:34,842 - INFO - [{'precision': 1.0, 'recall': 1.0, 'hmean': 1.0, 'pairs': [{'gt': 1, 'det': 0}], 'iouMat': [[0.0], [0.6123949322420174]], 'gtPolPoints': [tensor([[599,   1],
        [658,   1],
        [658,  49],
        [599,  49]], dtype=torch.int32), tensor([[ 87, 103],
        [597, 103],
        [597, 201],
        [ 87, 201]], dtype=torch.int32)], 'detPolPoints': [[[62.0, 80.0], [621.0, 80.0], [621.0, 226.0], [62.0, 226.0]]], 'gtCare': 1, 'detCare': 1, 'gtDontCare': [0], 'detDontCare': [], 'detMatched': 1, 'evaluationLog': "GT polygons: 2 (1 don't care)\nDET polygons: 1\nMatch GT #1 with Det #0\n"}]
2020-06-23 17:00:34,843 - INFO - Train, Iter 20, LR [0.001] loss 0.048436373472213745
2020-06-23 17:00:34,843 - INFO - bce:	0.01784711331129074
2020-06-23 17:00:34,843 - INFO - mask l1:	0.02584880404174328
2020-06-23 17:00:34,843 - INFO - dice loss:	0.0047404589131474495
2020-06-23 17:00:36,994 - INFO - [{'precision': 1.0, 'recall': 1.0, 'hmean': 1.0, 'pairs': [{'gt': 1, 'det': 0}], 'iouMat': [[0.0], [0.671909659205485]], 'gtPolPoints': [tensor([[599,   1],
        [658,   1],
        [658,  49],
        [599,  49]], dtype=torch.int32), tensor([[ 87, 103],
        [597, 103],
        [597, 201],
        [ 87, 201]], dtype=torch.int32)], 'detPolPoints': [[[67.0, 85.0], [618.0, 85.0], [618.0, 220.0], [67.0, 220.0]]], 'gtCare': 1, 'detCare': 1, 'gtDontCare': [0], 'detDontCare': [], 'detMatched': 1, 'evaluationLog': "GT polygons: 2 (1 don't care)\nDET polygons: 1\nMatch GT #1 with Det #0\n"}]
2020-06-23 17:00:36,994 - INFO - Train, Iter 30, LR [0.001] loss 0.02720249444246292
2020-06-23 17:00:36,994 - INFO - bce:	0.005255470052361488
2020-06-23 17:00:36,995 - INFO - mask l1:	0.01821739599108696
2020-06-23 17:00:36,995 - INFO - dice loss:	0.0037296295631676912
2020-06-23 17:00:39,137 - INFO - [{'precision': 1.0, 'recall': 1.0, 'hmean': 1.0, 'pairs': [{'gt': 1, 'det': 0}], 'iouMat': [[0.0], [0.671909659205485]], 'gtPolPoints': [tensor([[599,   1],
        [658,   1],
        [658,  49],
        [599,  49]], dtype=torch.int32), tensor([[ 87, 103],
        [597, 103],
        [597, 201],
        [ 87, 201]], dtype=torch.int32)], 'detPolPoints': [[[67.0, 85.0], [618.0, 85.0], [618.0, 220.0], [67.0, 220.0]]], 'gtCare': 1, 'detCare': 1, 'gtDontCare': [0], 'detDontCare': [], 'detMatched': 1, 'evaluationLog': "GT polygons: 2 (1 don't care)\nDET polygons: 1\nMatch GT #1 with Det #0\n"}]
2020-06-23 17:00:39,137 - INFO - Train, Iter 40, LR [0.001] loss 0.02046974003314972
2020-06-23 17:00:39,138 - INFO - bce:	0.002812448190525174
2020-06-23 17:00:39,138 - INFO - mask l1:	0.014072430320084095
2020-06-23 17:00:39,138 - INFO - dice loss:	0.0035848617553710938
2020-06-23 17:00:41,273 - INFO - [{'precision': 1.0, 'recall': 1.0, 'hmean': 1.0, 'pairs': [{'gt': 1, 'det': 0}], 'iouMat': [[0.0], [0.6731313131313131]], 'gtPolPoints': [tensor([[599,   1],
        [658,   1],
        [658,  49],
        [599,  49]], dtype=torch.int32), tensor([[ 87, 103],
        [597, 103],
        [597, 201],
        [ 87, 201]], dtype=torch.int32)], 'detPolPoints': [[[67.0, 85.0], [617.0, 85.0], [617.0, 220.0], [67.0, 220.0]]], 'gtCare': 1, 'detCare': 1, 'gtDontCare': [0], 'detDontCare': [], 'detMatched': 1, 'evaluationLog': "GT polygons: 2 (1 don't care)\nDET polygons: 1\nMatch GT #1 with Det #0\n"}]
2020-06-23 17:00:41,274 - INFO - Train, Iter 50, LR [0.001] loss 0.015132851898670197
2020-06-23 17:00:41,274 - INFO - bce:	0.0018757497891783714
2020-06-23 17:00:41,274 - INFO - mask l1:	0.010013429448008537
2020-06-23 17:00:41,274 - INFO - dice loss:	0.0032436728943139315
2020-06-23 17:00:43,405 - INFO - [{'precision': 1.0, 'recall': 1.0, 'hmean': 1.0, 'pairs': [{'gt': 1, 'det': 0}], 'iouMat': [[0.0], [0.6731313131313131]], 'gtPolPoints': [tensor([[599,   1],
        [658,   1],
        [658,  49],
        [599,  49]], dtype=torch.int32), tensor([[ 87, 103],
        [597, 103],
        [597, 201],
        [ 87, 201]], dtype=torch.int32)], 'detPolPoints': [[[67.0, 85.0], [617.0, 85.0], [617.0, 220.0], [67.0, 220.0]]], 'gtCare': 1, 'detCare': 1, 'gtDontCare': [0], 'detDontCare': [], 'detMatched': 1, 'evaluationLog': "GT polygons: 2 (1 don't care)\nDET polygons: 1\nMatch GT #1 with Det #0\n"}]
2020-06-23 17:00:43,405 - INFO - Train, Iter 60, LR [0.001] loss 0.02302069030702114
2020-06-23 17:00:43,406 - INFO - bce:	0.0011981152929365635
2020-06-23 17:00:43,406 - INFO - mask l1:	0.018624285236001015
2020-06-23 17:00:43,406 - INFO - dice loss:	0.0031982900109142065
2020-06-23 17:00:45,529 - INFO - [{'precision': 1.0, 'recall': 1.0, 'hmean': 1.0, 'pairs': [{'gt': 1, 'det': 0}], 'iouMat': [[0.0], [0.6731313131313131]], 'gtPolPoints': [tensor([[599,   1],
        [658,   1],
        [658,  49],
        [599,  49]], dtype=torch.int32), tensor([[ 87, 103],
        [597, 103],
        [597, 201],
        [ 87, 201]], dtype=torch.int32)], 'detPolPoints': [[[67.0, 85.0], [617.0, 85.0], [617.0, 220.0], [67.0, 220.0]]], 'gtCare': 1, 'detCare': 1, 'gtDontCare': [0], 'detDontCare': [], 'detMatched': 1, 'evaluationLog': "GT polygons: 2 (1 don't care)\nDET polygons: 1\nMatch GT #1 with Det #0\n"}]
2020-06-23 17:00:45,530 - INFO - Train, Iter 70, LR [0.0009] loss 0.01340780034661293
2020-06-23 17:00:45,530 - INFO - bce:	0.0010105603141710162
2020-06-23 17:00:45,530 - INFO - mask l1:	0.009768818505108356
2020-06-23 17:00:45,531 - INFO - dice loss:	0.002628421876579523
2020-06-23 17:00:47,663 - INFO - [{'precision': 1.0, 'recall': 1.0, 'hmean': 1.0, 'pairs': [{'gt': 1, 'det': 0}], 'iouMat': [[0.0], [0.6731313131313131]], 'gtPolPoints': [tensor([[599,   1],
        [658,   1],
        [658,  49],
        [599,  49]], dtype=torch.int32), tensor([[ 87, 103],
        [597, 103],
        [597, 201],
        [ 87, 201]], dtype=torch.int32)], 'detPolPoints': [[[67.0, 85.0], [617.0, 85.0], [617.0, 220.0], [67.0, 220.0]]], 'gtCare': 1, 'detCare': 1, 'gtDontCare': [0], 'detDontCare': [], 'detMatched': 1, 'evaluationLog': "GT polygons: 2 (1 don't care)\nDET polygons: 1\nMatch GT #1 with Det #0\n"}]
2020-06-23 17:00:47,663 - INFO - Train, Iter 80, LR [0.0009] loss 0.011570524424314499
2020-06-23 17:00:47,663 - INFO - bce:	0.0007558070356026292
2020-06-23 17:00:47,664 - INFO - mask l1:	0.008232601918280125
2020-06-23 17:00:47,664 - INFO - dice loss:	0.002582114888355136
2020-06-23 17:00:49,808 - INFO - [{'precision': 1.0, 'recall': 1.0, 'hmean': 1.0, 'pairs': [{'gt': 1, 'det': 0}], 'iouMat': [[0.0], [0.6731313131313131]], 'gtPolPoints': [tensor([[599,   1],
        [658,   1],
        [658,  49],
        [599,  49]], dtype=torch.int32), tensor([[ 87, 103],
        [597, 103],
        [597, 201],
        [ 87, 201]], dtype=torch.int32)], 'detPolPoints': [[[67.0, 85.0], [617.0, 85.0], [617.0, 220.0], [67.0, 220.0]]], 'gtCare': 1, 'detCare': 1, 'gtDontCare': [0], 'detDontCare': [], 'detMatched': 1, 'evaluationLog': "GT polygons: 2 (1 don't care)\nDET polygons: 1\nMatch GT #1 with Det #0\n"}]
2020-06-23 17:00:49,809 - INFO - Train, Iter 90, LR [0.0009] loss 0.011611627414822578
2020-06-23 17:00:49,809 - INFO - bce:	0.0005520833074115217
2020-06-23 17:00:49,809 - INFO - mask l1:	0.008514699526131153
2020-06-23 17:00:49,809 - INFO - dice loss:	0.002544844290241599
2020-06-23 17:00:51,977 - INFO - [{'precision': 1.0, 'recall': 1.0, 'hmean': 1.0, 'pairs': [{'gt': 1, 'det': 0}], 'iouMat': [[0.0], [0.6743574175268164]], 'gtPolPoints': [tensor([[599,   1],
        [658,   1],
        [658,  49],
        [599,  49]], dtype=torch.int32), tensor([[ 87, 103],
        [597, 103],
        [597, 201],
        [ 87, 201]], dtype=torch.int32)], 'detPolPoints': [[[68.0, 85.0], [617.0, 85.0], [617.0, 220.0], [68.0, 220.0]]], 'gtCare': 1, 'detCare': 1, 'gtDontCare': [0], 'detDontCare': [], 'detMatched': 1, 'evaluationLog': "GT polygons: 2 (1 don't care)\nDET polygons: 1\nMatch GT #1 with Det #0\n"}]
2020-06-23 17:00:51,978 - INFO - Train, Iter 100, LR [0.0009] loss 0.01326235756278038
2020-06-23 17:00:51,978 - INFO - bce:	0.0004915139288641512
2020-06-23 17:00:51,978 - INFO - mask l1:	0.010332023724913597
2020-06-23 17:00:51,978 - INFO - dice loss:	0.0024388195015490055
2020-06-23 17:00:54,130 - INFO - [{'precision': 1.0, 'recall': 1.0, 'hmean': 1.0, 'pairs': [{'gt': 1, 'det': 0}], 'iouMat': [[0.0], [0.6731313131313131]], 'gtPolPoints': [tensor([[599,   1],
        [658,   1],
        [658,  49],
        [599,  49]], dtype=torch.int32), tensor([[ 87, 103],
        [597, 103],
        [597, 201],
        [ 87, 201]], dtype=torch.int32)], 'detPolPoints': [[[67.0, 85.0], [617.0, 85.0], [617.0, 220.0], [67.0, 220.0]]], 'gtCare': 1, 'detCare': 1, 'gtDontCare': [0], 'detDontCare': [], 'detMatched': 1, 'evaluationLog': "GT polygons: 2 (1 don't care)\nDET polygons: 1\nMatch GT #1 with Det #0\n"}]
2020-06-23 17:00:54,131 - INFO - Train, Iter 110, LR [0.0009] loss 0.012835200875997543
2020-06-23 17:00:54,131 - INFO - bce:	0.00036357861245051026
2020-06-23 17:00:54,131 - INFO - mask l1:	0.010226702317595482
2020-06-23 17:00:54,131 - INFO - dice loss:	0.002244919538497925
2020-06-23 17:00:56,290 - INFO - [{'precision': 1.0, 'recall': 1.0, 'hmean': 1.0, 'pairs': [{'gt': 1, 'det': 0}], 'iouMat': [[0.0], [0.6731313131313131]], 'gtPolPoints': [tensor([[599,   1],
        [658,   1],
        [658,  49],
        [599,  49]], dtype=torch.int32), tensor([[ 87, 103],
        [597, 103],
        [597, 201],
        [ 87, 201]], dtype=torch.int32)], 'detPolPoints': [[[67.0, 85.0], [617.0, 85.0], [617.0, 220.0], [67.0, 220.0]]], 'gtCare': 1, 'detCare': 1, 'gtDontCare': [0], 'detDontCare': [], 'detMatched': 1, 'evaluationLog': "GT polygons: 2 (1 don't care)\nDET polygons: 1\nMatch GT #1 with Det #0\n"}]
2020-06-23 17:00:56,291 - INFO - Train, Iter 120, LR [0.0009] loss 0.011621850542724133
2020-06-23 17:00:56,291 - INFO - bce:	0.00032748840749263763
2020-06-23 17:00:56,291 - INFO - mask l1:	0.009291419759392738
2020-06-23 17:00:56,292 - INFO - dice loss:	0.0020029426086694
2020-06-23 17:00:58,411 - INFO - [{'precision': 1.0, 'recall': 1.0, 'hmean': 1.0, 'pairs': [{'gt': 1, 'det': 0}], 'iouMat': [[0.0], [0.6768230753605525]], 'gtPolPoints': [tensor([[599,   1],
        [658,   1],
        [658,  49],
        [599,  49]], dtype=torch.int32), tensor([[ 87, 103],
        [597, 103],
        [597, 201],
        [ 87, 201]], dtype=torch.int32)], 'detPolPoints': [[[68.0, 85.0], [615.0, 85.0], [615.0, 220.0], [68.0, 220.0]]], 'gtCare': 1, 'detCare': 1, 'gtDontCare': [0], 'detDontCare': [], 'detMatched': 1, 'evaluationLog': "GT polygons: 2 (1 don't care)\nDET polygons: 1\nMatch GT #1 with Det #0\n"}]
2020-06-23 17:00:58,411 - INFO - Train, Iter 130, LR [0.0009] loss 0.011206183582544327
2020-06-23 17:00:58,411 - INFO - bce:	0.0002569553325884044
2020-06-23 17:00:58,412 - INFO - mask l1:	0.008757809177041054
2020-06-23 17:00:58,412 - INFO - dice loss:	0.0021914185490459204
2020-06-23 17:01:00,568 - INFO - [{'precision': 1.0, 'recall': 1.0, 'hmean': 1.0, 'pairs': [{'gt': 1, 'det': 0}], 'iouMat': [[0.0], [0.67558799675588]], 'gtPolPoints': [tensor([[599,   1],
        [658,   1],
        [658,  49],
        [599,  49]], dtype=torch.int32), tensor([[ 87, 103],
        [597, 103],
        [597, 201],
        [ 87, 201]], dtype=torch.int32)], 'detPolPoints': [[[67.0, 85.0], [615.0, 85.0], [615.0, 220.0], [67.0, 220.0]]], 'gtCare': 1, 'detCare': 1, 'gtDontCare': [0], 'detDontCare': [], 'detMatched': 1, 'evaluationLog': "GT polygons: 2 (1 don't care)\nDET polygons: 1\nMatch GT #1 with Det #0\n"}]
2020-06-23 17:01:00,569 - INFO - Train, Iter 140, LR [0.0009] loss 0.01071140542626381
2020-06-23 17:01:00,569 - INFO - bce:	0.00023166523897089064
2020-06-23 17:01:00,569 - INFO - mask l1:	0.00828487053513527
2020-06-23 17:01:00,569 - INFO - dice loss:	0.002194869564846158
2020-06-23 17:01:02,721 - INFO - [{'precision': 1.0, 'recall': 1.0, 'hmean': 1.0, 'pairs': [{'gt': 1, 'det': 0}], 'iouMat': [[0.0], [0.6743574175268164]], 'gtPolPoints': [tensor([[599,   1],
        [658,   1],
        [658,  49],
        [599,  49]], dtype=torch.int32), tensor([[ 87, 103],
        [597, 103],
        [597, 201],
        [ 87, 201]], dtype=torch.int32)], 'detPolPoints': [[[68.0, 85.0], [617.0, 85.0], [617.0, 220.0], [68.0, 220.0]]], 'gtCare': 1, 'detCare': 1, 'gtDontCare': [0], 'detDontCare': [], 'detMatched': 1, 'evaluationLog': "GT polygons: 2 (1 don't care)\nDET polygons: 1\nMatch GT #1 with Det #0\n"}]
2020-06-23 17:01:02,721 - INFO - Train, Iter 150, LR [0.0009] loss 0.012098222970962524
2020-06-23 17:01:02,722 - INFO - bce:	0.0002383988758083433
2020-06-23 17:01:02,722 - INFO - mask l1:	0.010021384805440903
2020-06-23 17:01:02,722 - INFO - dice loss:	0.0018384397262707353
2020-06-23 17:01:04,874 - INFO - [{'precision': 1.0, 'recall': 1.0, 'hmean': 1.0, 'pairs': [{'gt': 1, 'det': 0}], 'iouMat': [[0.0], [0.6768230753605525]], 'gtPolPoints': [tensor([[599,   1],
        [658,   1],
        [658,  49],
        [599,  49]], dtype=torch.int32), tensor([[ 87, 103],
        [597, 103],
        [597, 201],
        [ 87, 201]], dtype=torch.int32)], 'detPolPoints': [[[68.0, 85.0], [615.0, 85.0], [615.0, 220.0], [68.0, 220.0]]], 'gtCare': 1, 'detCare': 1, 'gtDontCare': [0], 'detDontCare': [], 'detMatched': 1, 'evaluationLog': "GT polygons: 2 (1 don't care)\nDET polygons: 1\nMatch GT #1 with Det #0\n"}]
2020-06-23 17:01:04,875 - INFO - Train, Iter 160, LR [0.0009] loss 0.008453656919300556
2020-06-23 17:01:04,875 - INFO - bce:	0.00017160903371404856
2020-06-23 17:01:04,875 - INFO - mask l1:	0.006410313304513693
2020-06-23 17:01:04,875 - INFO - dice loss:	0.001871734857559204
2020-06-23 17:01:07,024 - INFO - [{'precision': 1.0, 'recall': 1.0, 'hmean': 1.0, 'pairs': [{'gt': 1, 'det': 0}], 'iouMat': [[0.0], [0.6768230753605525]], 'gtPolPoints': [tensor([[599,   1],
        [658,   1],
        [658,  49],
        [599,  49]], dtype=torch.int32), tensor([[ 87, 103],
        [597, 103],
        [597, 201],
        [ 87, 201]], dtype=torch.int32)], 'detPolPoints': [[[68.0, 85.0], [615.0, 85.0], [615.0, 220.0], [68.0, 220.0]]], 'gtCare': 1, 'detCare': 1, 'gtDontCare': [0], 'detDontCare': [], 'detMatched': 1, 'evaluationLog': "GT polygons: 2 (1 don't care)\nDET polygons: 1\nMatch GT #1 with Det #0\n"}]
2020-06-23 17:01:07,025 - INFO - Train, Iter 170, LR [0.0009] loss 0.010523113422095776
2020-06-23 17:01:07,025 - INFO - bce:	0.00015097179857548326
2020-06-23 17:01:07,025 - INFO - mask l1:	0.008500132709741592
2020-06-23 17:01:07,025 - INFO - dice loss:	0.0018720090156421065
2020-06-23 17:01:09,151 - INFO - [{'precision': 1.0, 'recall': 1.0, 'hmean': 1.0, 'pairs': [{'gt': 1, 'det': 0}], 'iouMat': [[0.0], [0.6768230753605525]], 'gtPolPoints': [tensor([[599,   1],
        [658,   1],
        [658,  49],
        [599,  49]], dtype=torch.int32), tensor([[ 87, 103],
        [597, 103],
        [597, 201],
        [ 87, 201]], dtype=torch.int32)], 'detPolPoints': [[[68.0, 85.0], [615.0, 85.0], [615.0, 220.0], [68.0, 220.0]]], 'gtCare': 1, 'detCare': 1, 'gtDontCare': [0], 'detDontCare': [], 'detMatched': 1, 'evaluationLog': "GT polygons: 2 (1 don't care)\nDET polygons: 1\nMatch GT #1 with Det #0\n"}]
2020-06-23 17:01:09,152 - INFO - Train, Iter 180, LR [0.0009] loss 0.009843115694820881
2020-06-23 17:01:09,152 - INFO - bce:	0.00013262922584544867
2020-06-23 17:01:09,152 - INFO - mask l1:	0.00786212831735611
2020-06-23 17:01:09,153 - INFO - dice loss:	0.0018483579624444246
2020-06-23 17:01:11,279 - INFO - [{'precision': 1.0, 'recall': 1.0, 'hmean': 1.0, 'pairs': [{'gt': 1, 'det': 0}], 'iouMat': [[0.0], [0.6768230753605525]], 'gtPolPoints': [tensor([[599,   1],
        [658,   1],
        [658,  49],
        [599,  49]], dtype=torch.int32), tensor([[ 87, 103],
        [597, 103],
        [597, 201],
        [ 87, 201]], dtype=torch.int32)], 'detPolPoints': [[[68.0, 85.0], [615.0, 85.0], [615.0, 220.0], [68.0, 220.0]]], 'gtCare': 1, 'detCare': 1, 'gtDontCare': [0], 'detDontCare': [], 'detMatched': 1, 'evaluationLog': "GT polygons: 2 (1 don't care)\nDET polygons: 1\nMatch GT #1 with Det #0\n"}]
2020-06-23 17:01:11,279 - INFO - Train, Iter 190, LR [0.0009] loss 0.009517068043351173
2020-06-23 17:01:11,280 - INFO - bce:	0.00013122396194376051
2020-06-23 17:01:11,280 - INFO - mask l1:	0.007628479041159153
2020-06-23 17:01:11,280 - INFO - dice loss:	0.0017573655350133777
