2020-06-23 14:24:08,195 - INFO - Assemble, Step 1, Build Dataset
2020-06-23 14:24:08,197 - INFO - current dataset length is 2 in D:\DB-master\dataset\ours\train_images
2020-06-23 14:24:08,197 - INFO - Assemble, Step 2, Build Dataloader
2020-06-23 14:24:08,197 - INFO - Assemble, Step 3, Build Model
2020-06-23 14:24:08,323 - INFO - ResNet init weights from pretreain
2020-06-23 14:24:08,711 - INFO - GFPN init weights
2020-06-23 14:24:08,745 - INFO - Using GPU 0
2020-06-23 14:24:09,733 - INFO - Assemble, Step 5, Build Criterion
2020-06-23 14:24:09,734 - INFO - Assemble, Step 6, Build Optimizer
2020-06-23 14:24:09,735 - INFO - Assemble, Step 7, Build LR scheduler
2020-06-23 14:24:09,736 - INFO - Assemble, Step 8, Build Runner
2020-06-23 14:24:09,737 - INFO - Start train...
2020-06-23 14:24:53,394 - INFO - [{'precision': 1.0, 'recall': 1.0, 'hmean': 1.0, 'pairs': [], 'iouMat': [[0.3]], 'gtPolPoints': [tensor([[ 77.,  63.],
        [159.,  63.],
        [159.,  82.],
        [ 77.,  82.]])], 'detPolPoints': [], 'gtCare': 0, 'detCare': 0, 'gtDontCare': [0], 'detDontCare': [], 'detMatched': 0, 'evaluationLog': "GT polygons: 1 (1 don't care)\nDET polygons: 0\n"}]
2020-06-23 14:24:53,734 - INFO - Train, Iter 10, LR [0.001] loss 0.7582443356513977
2020-06-23 14:24:54,388 - INFO - bce:	0.5563849806785583
2020-06-23 14:24:55,072 - INFO - mask l1:	0.11174480617046356
2020-06-23 14:24:55,647 - INFO - dice loss:	0.0901145413517952
