2020-06-23 15:34:57,292 - INFO - Assemble, Step 1, Build Dataset
2020-06-23 15:34:57,293 - INFO - current dataset length is 1 in D:\DB-master\dataset\ours\train_images
2020-06-23 15:34:57,294 - INFO - current dataset length is 1 in D:\DB-master\dataset\ours\train_images
2020-06-23 15:34:57,294 - INFO - Assemble, Step 2, Build Dataloader
2020-06-23 15:34:57,294 - INFO - Assemble, Step 3, Build Model
2020-06-23 15:34:57,421 - INFO - ResNet init weights from pretreain
2020-06-23 15:34:57,564 - INFO - GFPN init weights
2020-06-23 15:34:57,603 - INFO - Using GPU 0
2020-06-23 15:34:58,611 - INFO - Assemble, Step 5, Build Criterion
2020-06-23 15:34:58,611 - INFO - Assemble, Step 6, Build Optimizer
2020-06-23 15:34:58,613 - INFO - Assemble, Step 7, Build LR scheduler
2020-06-23 15:34:58,614 - INFO - Assemble, Step 8, Build Runner
2020-06-23 15:34:58,614 - INFO - Start train...
2020-06-23 15:34:59,522 - INFO - Iteration 1, Start validating
2020-06-23 15:34:59,610 - INFO - EVAL!!! 
 [{'precision': 0, 'recall': 0.0, 'hmean': 0, 'pairs': [], 'iouMat': [[2.185655665954e-312]], 'gtPolPoints': [tensor([[  2., 270.],
        [ 29., 270.],
        [ 29., 373.],
        [  2., 373.]])], 'detPolPoints': [], 'gtCare': 1, 'detCare': 0, 'gtDontCare': [], 'detDontCare': [], 'detMatched': 0, 'evaluationLog': 'GT polygons: 1\nDET polygons: 0\n'}]
2020-06-23 15:34:59,816 - INFO - Iteration 2, Start validating
2020-06-23 15:34:59,928 - INFO - EVAL!!! 
 [{'precision': 0, 'recall': 0.0, 'hmean': 0, 'pairs': [], 'iouMat': [[0.0]], 'gtPolPoints': [tensor([[  2., 270.],
        [ 29., 270.],
        [ 29., 373.],
        [  2., 373.]])], 'detPolPoints': [], 'gtCare': 1, 'detCare': 0, 'gtDontCare': [], 'detDontCare': [], 'detMatched': 0, 'evaluationLog': 'GT polygons: 1\nDET polygons: 0\n'}]
2020-06-23 15:35:00,136 - INFO - Iteration 3, Start validating
2020-06-23 15:35:00,249 - INFO - EVAL!!! 
 [{'precision': 0, 'recall': 0.0, 'hmean': 0, 'pairs': [], 'iouMat': [[1.90979621317e-312]], 'gtPolPoints': [tensor([[  2., 270.],
        [ 29., 270.],
        [ 29., 373.],
        [  2., 373.]])], 'detPolPoints': [], 'gtCare': 1, 'detCare': 0, 'gtDontCare': [], 'detDontCare': [], 'detMatched': 0, 'evaluationLog': 'GT polygons: 1\nDET polygons: 0\n'}]
2020-06-23 15:35:00,470 - INFO - Iteration 4, Start validating
2020-06-23 15:35:00,580 - INFO - EVAL!!! 
 [{'precision': 0, 'recall': 0.0, 'hmean': 0, 'pairs': [], 'iouMat': [[3.45885313986e-312]], 'gtPolPoints': [tensor([[  2., 270.],
        [ 29., 270.],
        [ 29., 373.],
        [  2., 373.]])], 'detPolPoints': [], 'gtCare': 1, 'detCare': 0, 'gtDontCare': [], 'detDontCare': [], 'detMatched': 0, 'evaluationLog': 'GT polygons: 1\nDET polygons: 0\n'}]
2020-06-23 15:35:00,786 - INFO - Iteration 5, Start validating
2020-06-23 15:35:00,900 - INFO - EVAL!!! 
 [{'precision': 0, 'recall': 0.0, 'hmean': 0, 'pairs': [], 'iouMat': [[0.0]], 'gtPolPoints': [tensor([[  2., 270.],
        [ 29., 270.],
        [ 29., 373.],
        [  2., 373.]])], 'detPolPoints': [], 'gtCare': 1, 'detCare': 0, 'gtDontCare': [], 'detDontCare': [], 'detMatched': 0, 'evaluationLog': 'GT polygons: 1\nDET polygons: 0\n'}]
2020-06-23 15:35:01,108 - INFO - Iteration 6, Start validating
2020-06-23 15:35:01,222 - INFO - EVAL!!! 
 [{'precision': 0, 'recall': 0.0, 'hmean': 0, 'pairs': [], 'iouMat': [[0.0]], 'gtPolPoints': [tensor([[  2., 270.],
        [ 29., 270.],
        [ 29., 373.],
        [  2., 373.]])], 'detPolPoints': [], 'gtCare': 1, 'detCare': 0, 'gtDontCare': [], 'detDontCare': [], 'detMatched': 0, 'evaluationLog': 'GT polygons: 1\nDET polygons: 0\n'}]
2020-06-23 15:35:01,424 - INFO - Iteration 7, Start validating
2020-06-23 15:35:01,536 - INFO - EVAL!!! 
 [{'precision': 0, 'recall': 0.0, 'hmean': 0, 'pairs': [], 'iouMat': [[0.0]], 'gtPolPoints': [tensor([[  2., 270.],
        [ 29., 270.],
        [ 29., 373.],
        [  2., 373.]])], 'detPolPoints': [], 'gtCare': 1, 'detCare': 0, 'gtDontCare': [], 'detDontCare': [], 'detMatched': 0, 'evaluationLog': 'GT polygons: 1\nDET polygons: 0\n'}]
2020-06-23 15:35:01,763 - INFO - Iteration 8, Start validating
2020-06-23 15:35:01,876 - INFO - EVAL!!! 
 [{'precision': 0, 'recall': 0.0, 'hmean': 0, 'pairs': [], 'iouMat': [[0.0]], 'gtPolPoints': [tensor([[  2., 270.],
        [ 29., 270.],
        [ 29., 373.],
        [  2., 373.]])], 'detPolPoints': [], 'gtCare': 1, 'detCare': 0, 'gtDontCare': [], 'detDontCare': [], 'detMatched': 0, 'evaluationLog': 'GT polygons: 1\nDET polygons: 0\n'}]
2020-06-23 15:35:02,096 - INFO - Iteration 9, Start validating
2020-06-23 15:35:02,208 - INFO - EVAL!!! 
 [{'precision': 0, 'recall': 0.0, 'hmean': 0, 'pairs': [], 'iouMat': [[0.0]], 'gtPolPoints': [tensor([[  2., 270.],
        [ 29., 270.],
        [ 29., 373.],
        [  2., 373.]])], 'detPolPoints': [], 'gtCare': 1, 'detCare': 0, 'gtDontCare': [], 'detDontCare': [], 'detMatched': 0, 'evaluationLog': 'GT polygons: 1\nDET polygons: 0\n'}]
2020-06-23 15:35:02,480 - INFO - [{'precision': 0, 'recall': 0.0, 'hmean': 0, 'pairs': [], 'iouMat': [[0.0]], 'gtPolPoints': [tensor([[  2., 270.],
        [ 29., 270.],
        [ 29., 373.],
        [  2., 373.]])], 'detPolPoints': [], 'gtCare': 1, 'detCare': 0, 'gtDontCare': [], 'detDontCare': [], 'detMatched': 0, 'evaluationLog': 'GT polygons: 1\nDET polygons: 0\n'}]
2020-06-23 15:35:02,481 - INFO - Train, Iter 10, LR [0.001] loss 0.574155330657959
2020-06-23 15:35:02,481 - INFO - bce:	0.43694645166397095
2020-06-23 15:35:02,481 - INFO - mask l1:	0.0904916450381279
2020-06-23 15:35:02,482 - INFO - dice loss:	0.04671724513173103
2020-06-23 15:35:02,482 - INFO - Iteration 10, Start validating
2020-06-23 15:35:02,550 - INFO - EVAL!!! 
 [{'precision': 0.0, 'recall': 0.0, 'hmean': 0, 'pairs': [], 'iouMat': [[0.0]], 'gtPolPoints': [tensor([[  2., 270.],
        [ 29., 270.],
        [ 29., 373.],
        [  2., 373.]])], 'detPolPoints': [[[0.0, 16.0], [313.0, 12.0], [314.0, 121.0], [0.0, 125.0]]], 'gtCare': 1, 'detCare': 1, 'gtDontCare': [], 'detDontCare': [], 'detMatched': 0, 'evaluationLog': 'GT polygons: 1\nDET polygons: 1\n'}]
2020-06-23 15:35:02,771 - INFO - Iteration 11, Start validating
2020-06-23 15:35:02,887 - INFO - EVAL!!! 
 [{'precision': 0.0, 'recall': 0.0, 'hmean': 0, 'pairs': [], 'iouMat': [[0.0, 0.0]], 'gtPolPoints': [tensor([[  2., 270.],
        [ 29., 270.],
        [ 29., 373.],
        [  2., 373.]])], 'detPolPoints': [[[0.0, 76.0], [120.0, 80.0], [117.0, 170.0], [0.0, 165.0]], [[0.0, 17.0], [310.0, 13.0], [311.0, 113.0], [0.0, 117.0]]], 'gtCare': 1, 'detCare': 2, 'gtDontCare': [], 'detDontCare': [], 'detMatched': 0, 'evaluationLog': 'GT polygons: 1\nDET polygons: 2\n'}]
2020-06-23 15:35:03,123 - INFO - Iteration 12, Start validating
2020-06-23 15:35:03,236 - INFO - EVAL!!! 
 [{'precision': 0.0, 'recall': 0.0, 'hmean': 0, 'pairs': [], 'iouMat': [[0.0]], 'gtPolPoints': [tensor([[  2., 270.],
        [ 29., 270.],
        [ 29., 373.],
        [  2., 373.]])], 'detPolPoints': [[[0.0, 17.0], [309.0, 14.0], [310.0, 109.0], [0.0, 112.0]]], 'gtCare': 1, 'detCare': 1, 'gtDontCare': [], 'detDontCare': [], 'detMatched': 0, 'evaluationLog': 'GT polygons: 1\nDET polygons: 1\n'}]
2020-06-23 15:35:03,452 - INFO - Iteration 13, Start validating
2020-06-23 15:35:03,561 - INFO - EVAL!!! 
 [{'precision': 0.0, 'recall': 0.0, 'hmean': 0, 'pairs': [], 'iouMat': [[0.0]], 'gtPolPoints': [tensor([[  2., 270.],
        [ 29., 270.],
        [ 29., 373.],
        [  2., 373.]])], 'detPolPoints': [[[0.0, 18.0], [308.0, 16.0], [309.0, 109.0], [0.0, 111.0]]], 'gtCare': 1, 'detCare': 1, 'gtDontCare': [], 'detDontCare': [], 'detMatched': 0, 'evaluationLog': 'GT polygons: 1\nDET polygons: 1\n'}]
