2020-06-23 16:21:33,639 - INFO - Assemble, Step 1, Build Dataset
2020-06-23 16:21:33,640 - INFO - current dataset length is 1 in D:\DB-master\dataset\ours\train_images
2020-06-23 16:21:33,640 - INFO - current dataset length is 1 in D:\DB-master\dataset\ours\train_images
2020-06-23 16:21:33,641 - INFO - Assemble, Step 2, Build Dataloader
2020-06-23 16:21:33,641 - INFO - Assemble, Step 3, Build Model
2020-06-23 16:21:33,765 - INFO - ResNet init weights from pretreain
2020-06-23 16:21:33,881 - INFO - GFPN init weights
2020-06-23 16:21:33,920 - INFO - Using GPU 0
2020-06-23 16:21:34,901 - INFO - Assemble, Step 5, Build Criterion
2020-06-23 16:21:34,901 - INFO - Assemble, Step 6, Build Optimizer
2020-06-23 16:21:34,903 - INFO - Assemble, Step 7, Build LR scheduler
2020-06-23 16:21:34,904 - INFO - Assemble, Step 8, Build Runner
2020-06-23 16:21:34,904 - INFO - Start train...
2020-06-23 16:21:35,775 - INFO - Iteration 1, Start validating
2020-06-23 16:21:42,718 - INFO - EVAL!!! 
 [{'precision': 0, 'recall': 0.0, 'hmean': 0, 'pairs': [], 'iouMat': [[0.0]], 'gtPolPoints': [tensor([[599.,   1.],
        [658.,   1.],
        [658.,  49.],
        [599.,  49.]])], 'detPolPoints': [], 'gtCare': 1, 'detCare': 0, 'gtDontCare': [], 'detDontCare': [], 'detMatched': 0, 'evaluationLog': 'GT polygons: 1\nDET polygons: 0\n'}]
2020-06-23 16:21:50,624 - INFO - [{'precision': 0, 'recall': 0.0, 'hmean': 0, 'pairs': [], 'iouMat': [[0.0]], 'gtPolPoints': [tensor([[599.,   1.],
        [658.,   1.],
        [658.,  49.],
        [599.,  49.]])], 'detPolPoints': [], 'gtCare': 1, 'detCare': 0, 'gtDontCare': [], 'detDontCare': [], 'detMatched': 0, 'evaluationLog': 'GT polygons: 1\nDET polygons: 0\n'}]
2020-06-23 16:21:50,625 - INFO - Train, Iter 10, LR [0.001] loss 0.18389390408992767
2020-06-23 16:21:50,625 - INFO - bce:	0.10489185154438019
2020-06-23 16:21:50,626 - INFO - mask l1:	0.07181712985038757
2020-06-23 16:21:50,626 - INFO - dice loss:	0.007184922695159912
2020-06-23 16:21:50,797 - INFO - Iteration 11, Start validating
2020-06-23 16:21:55,608 - INFO - EVAL!!! 
 [{'precision': 0, 'recall': 0.0, 'hmean': 0, 'pairs': [], 'iouMat': [[0.0]], 'gtPolPoints': [tensor([[599.,   1.],
        [658.,   1.],
        [658.,  49.],
        [599.,  49.]])], 'detPolPoints': [], 'gtCare': 1, 'detCare': 0, 'gtDontCare': [], 'detDontCare': [], 'detMatched': 0, 'evaluationLog': 'GT polygons: 1\nDET polygons: 0\n'}]
