2020-06-23 14:53:18,890 - INFO - Assemble, Step 1, Build Dataset
2020-06-23 14:53:18,891 - INFO - current dataset length is 1 in D:\DB-master\dataset\ours\train_images
2020-06-23 14:53:18,891 - INFO - Assemble, Step 2, Build Dataloader
2020-06-23 14:53:18,891 - INFO - Assemble, Step 3, Build Model
2020-06-23 14:53:19,016 - INFO - ResNet init weights from pretreain
2020-06-23 14:53:19,141 - INFO - GFPN init weights
2020-06-23 14:53:19,189 - INFO - Using GPU 0
2020-06-23 14:53:20,177 - INFO - Assemble, Step 5, Build Criterion
2020-06-23 14:53:20,178 - INFO - Assemble, Step 6, Build Optimizer
2020-06-23 14:53:20,179 - INFO - Assemble, Step 7, Build LR scheduler
2020-06-23 14:53:20,180 - INFO - Assemble, Step 8, Build Runner
2020-06-23 14:53:20,181 - INFO - Start train...
2020-06-23 14:53:28,158 - INFO - [{'precision': 0, 'recall': 0.0, 'hmean': 0, 'pairs': [], 'iouMat': [[0.0]], 'gtPolPoints': [tensor([[  2., 270.],
        [ 29., 270.],
        [ 29., 373.],
        [  2., 373.]])], 'detPolPoints': [], 'gtCare': 1, 'detCare': 0, 'gtDontCare': [], 'detDontCare': [], 'detMatched': 0, 'evaluationLog': 'GT polygons: 1\nDET polygons: 0\n'}]
2020-06-23 14:53:28,159 - INFO - Train, Iter 10, LR [0.001] loss 0.3227256238460541
2020-06-23 14:53:28,160 - INFO - bce:	0.21856407821178436
2020-06-23 14:53:28,160 - INFO - mask l1:	0.08456827700138092
2020-06-23 14:53:28,160 - INFO - dice loss:	0.01959327422082424
