2020-06-23 16:11:01,852 - INFO - Assemble, Step 1, Build Dataset
2020-06-23 16:11:01,853 - INFO - current dataset length is 1 in D:\DB-master\dataset\ours\train_images
2020-06-23 16:11:01,853 - INFO - current dataset length is 1 in D:\DB-master\dataset\ours\train_images
2020-06-23 16:11:01,854 - INFO - Assemble, Step 2, Build Dataloader
2020-06-23 16:11:01,854 - INFO - Assemble, Step 3, Build Model
2020-06-23 16:11:01,979 - INFO - ResNet init weights from pretreain
2020-06-23 16:11:02,097 - INFO - GFPN init weights
2020-06-23 16:11:02,133 - INFO - Using GPU 0
2020-06-23 16:11:03,130 - INFO - Assemble, Step 5, Build Criterion
2020-06-23 16:11:03,130 - INFO - Assemble, Step 6, Build Optimizer
2020-06-23 16:11:03,132 - INFO - Assemble, Step 7, Build LR scheduler
2020-06-23 16:11:03,153 - INFO - Assemble, Step 8, Build Runner
2020-06-23 16:11:03,154 - INFO - Start train...
2020-06-23 16:11:04,049 - INFO - Iteration 1, Start validating
2020-06-23 16:11:18,710 - INFO - EVAL!!! 
 [{'precision': 0, 'recall': 0.0, 'hmean': 0, 'pairs': [], 'iouMat': [[0.0]], 'gtPolPoints': [tensor([[599.,   1.],
        [658.,   1.],
        [658.,  49.],
        [599.,  49.]])], 'detPolPoints': [], 'gtCare': 1, 'detCare': 0, 'gtDontCare': [], 'detDontCare': [], 'detMatched': 0, 'evaluationLog': 'GT polygons: 1\nDET polygons: 0\n'}]
2020-06-23 16:11:42,854 - INFO - [{'precision': 0, 'recall': 0.0, 'hmean': 0, 'pairs': [], 'iouMat': [[0.0]], 'gtPolPoints': [tensor([[599.,   1.],
        [658.,   1.],
        [658.,  49.],
        [599.,  49.]])], 'detPolPoints': [], 'gtCare': 1, 'detCare': 0, 'gtDontCare': [], 'detDontCare': [], 'detMatched': 0, 'evaluationLog': 'GT polygons: 1\nDET polygons: 0\n'}]
2020-06-23 16:11:42,864 - INFO - Train, Iter 10, LR [0.001] loss 0.18382787704467773
2020-06-23 16:11:42,864 - INFO - bce:	0.10499003529548645
2020-06-23 16:11:42,865 - INFO - mask l1:	0.07164989411830902
2020-06-23 16:11:42,865 - INFO - dice loss:	0.007187938783317804
2020-06-23 16:11:43,034 - INFO - Iteration 11, Start validating
2020-06-23 16:11:56,854 - INFO - EVAL!!! 
 [{'precision': 0, 'recall': 0.0, 'hmean': 0, 'pairs': [], 'iouMat': [[0.0]], 'gtPolPoints': [tensor([[599.,   1.],
        [658.,   1.],
        [658.,  49.],
        [599.,  49.]])], 'detPolPoints': [], 'gtCare': 1, 'detCare': 0, 'gtDontCare': [], 'detDontCare': [], 'detMatched': 0, 'evaluationLog': 'GT polygons: 1\nDET polygons: 0\n'}]
