2020-06-23 15:08:17,576 - INFO - Assemble, Step 1, Build Dataset
2020-06-23 15:08:17,576 - INFO - current dataset length is 1 in D:\DB-master\dataset\ours\train_images
2020-06-23 15:08:17,577 - INFO - Assemble, Step 2, Build Dataloader
2020-06-23 15:08:17,577 - INFO - Assemble, Step 3, Build Model
2020-06-23 15:08:17,703 - INFO - ResNet init weights from pretreain
2020-06-23 15:08:17,845 - INFO - GFPN init weights
2020-06-23 15:08:17,882 - INFO - Using GPU 0
2020-06-23 15:08:18,870 - INFO - Assemble, Step 5, Build Criterion
2020-06-23 15:08:18,871 - INFO - Assemble, Step 6, Build Optimizer
2020-06-23 15:08:18,873 - INFO - Assemble, Step 7, Build LR scheduler
2020-06-23 15:08:18,873 - INFO - Assemble, Step 8, Build Runner
2020-06-23 15:08:18,874 - INFO - Start train...
2020-06-23 15:08:28,797 - INFO - [{'precision': 0, 'recall': 0.0, 'hmean': 0, 'pairs': [], 'iouMat': [[0.0]], 'gtPolPoints': [tensor([[  2., 270.],
        [ 29., 270.],
        [ 29., 373.],
        [  2., 373.]])], 'detPolPoints': [], 'gtCare': 1, 'detCare': 0, 'gtDontCare': [], 'detDontCare': [], 'detMatched': 0, 'evaluationLog': 'GT polygons: 1\nDET polygons: 0\n'}]
2020-06-23 15:08:28,798 - INFO - Train, Iter 10, LR [0.001] loss 0.32360899448394775
2020-06-23 15:08:28,798 - INFO - bce:	0.21842703223228455
2020-06-23 15:08:28,798 - INFO - mask l1:	0.0851454809308052
2020-06-23 15:08:28,799 - INFO - dice loss:	0.02003648318350315
