2020-06-23 14:41:07,168 - INFO - Assemble, Step 1, Build Dataset
2020-06-23 14:41:07,170 - INFO - current dataset length is 2 in D:\DB-master\dataset\ours\train_images
2020-06-23 14:41:07,170 - INFO - Assemble, Step 2, Build Dataloader
2020-06-23 14:41:07,170 - INFO - Assemble, Step 3, Build Model
2020-06-23 14:41:07,291 - INFO - ResNet init weights from pretreain
2020-06-23 14:41:07,427 - INFO - GFPN init weights
2020-06-23 14:41:07,463 - INFO - Using GPU 0
2020-06-23 14:41:08,456 - INFO - Assemble, Step 5, Build Criterion
2020-06-23 14:41:08,456 - INFO - Assemble, Step 6, Build Optimizer
2020-06-23 14:41:08,458 - INFO - Assemble, Step 7, Build LR scheduler
2020-06-23 14:41:08,459 - INFO - Assemble, Step 8, Build Runner
2020-06-23 14:41:08,460 - INFO - Start train...
2020-06-23 14:41:35,790 - INFO - [{'precision': 1.0, 'recall': 1.0, 'hmean': 1.0, 'pairs': [], 'iouMat': [[0.0]], 'gtPolPoints': [tensor([[ 77.,  63.],
        [159.,  63.],
        [159.,  82.],
        [ 77.,  82.]])], 'detPolPoints': [], 'gtCare': 0, 'detCare': 0, 'gtDontCare': [0], 'detDontCare': [], 'detMatched': 0, 'evaluationLog': "GT polygons: 1 (1 don't care)\nDET polygons: 0\n"}]
2020-06-23 14:41:35,797 - INFO - Train, Iter 10, LR [0.001] loss 0.7564324140548706
2020-06-23 14:41:35,798 - INFO - bce:	0.5547202229499817
2020-06-23 14:41:35,798 - INFO - mask l1:	0.11213889718055725
2020-06-23 14:41:35,798 - INFO - dice loss:	0.08957324177026749
2020-06-23 14:41:51,884 - INFO - [{'precision': 1.0, 'recall': 1.0, 'hmean': 1.0, 'pairs': [], 'iouMat': [[0.0]], 'gtPolPoints': [tensor([[ 77.,  63.],
        [159.,  63.],
        [159.,  82.],
        [ 77.,  82.]])], 'detPolPoints': [], 'gtCare': 0, 'detCare': 0, 'gtDontCare': [0], 'detDontCare': [], 'detMatched': 0, 'evaluationLog': "GT polygons: 1 (1 don't care)\nDET polygons: 0\n"}]
2020-06-23 14:41:51,884 - INFO - Train, Iter 20, LR [0.001] loss 0.7171974182128906
2020-06-23 14:41:51,885 - INFO - bce:	0.5236932039260864
2020-06-23 14:41:51,885 - INFO - mask l1:	0.10831057280302048
2020-06-23 14:41:51,885 - INFO - dice loss:	0.08519360423088074
2020-06-23 14:42:02,415 - INFO - [{'precision': 1.0, 'recall': 1.0, 'hmean': 1.0, 'pairs': [], 'iouMat': [[0.0]], 'gtPolPoints': [tensor([[ 77.,  63.],
        [159.,  63.],
        [159.,  82.],
        [ 77.,  82.]])], 'detPolPoints': [], 'gtCare': 0, 'detCare': 0, 'gtDontCare': [0], 'detDontCare': [], 'detMatched': 0, 'evaluationLog': "GT polygons: 1 (1 don't care)\nDET polygons: 0\n"}]
2020-06-23 14:42:02,415 - INFO - Train, Iter 30, LR [0.001] loss 0.9512869715690613
2020-06-23 14:42:02,416 - INFO - bce:	0.8073541522026062
2020-06-23 14:42:02,416 - INFO - mask l1:	0.08467108756303787
2020-06-23 14:42:02,416 - INFO - dice loss:	0.05926172062754631
2020-06-23 14:42:09,056 - INFO - [{'precision': 1.0, 'recall': 1.0, 'hmean': 1.0, 'pairs': [], 'iouMat': [[0.0]], 'gtPolPoints': [tensor([[ 77.,  63.],
        [159.,  63.],
        [159.,  82.],
        [ 77.,  82.]])], 'detPolPoints': [], 'gtCare': 0, 'detCare': 0, 'gtDontCare': [0], 'detDontCare': [], 'detMatched': 0, 'evaluationLog': "GT polygons: 1 (1 don't care)\nDET polygons: 0\n"}]
2020-06-23 14:42:09,057 - INFO - Train, Iter 40, LR [0.001] loss 0.5182396769523621
2020-06-23 14:42:09,057 - INFO - bce:	0.40291717648506165
2020-06-23 14:42:09,057 - INFO - mask l1:	0.07112332433462143
2020-06-23 14:42:09,058 - INFO - dice loss:	0.044199198484420776
2020-06-23 14:42:14,504 - INFO - [{'precision': 1.0, 'recall': 1.0, 'hmean': 1.0, 'pairs': [], 'iouMat': [[0.0]], 'gtPolPoints': [tensor([[ 77.,  63.],
        [159.,  63.],
        [159.,  82.],
        [ 77.,  82.]])], 'detPolPoints': [], 'gtCare': 0, 'detCare': 0, 'gtDontCare': [0], 'detDontCare': [], 'detMatched': 0, 'evaluationLog': "GT polygons: 1 (1 don't care)\nDET polygons: 0\n"}]
2020-06-23 14:42:14,504 - INFO - Train, Iter 50, LR [0.001] loss 0.3831050992012024
2020-06-23 14:42:14,505 - INFO - bce:	0.25770750641822815
2020-06-23 14:42:14,505 - INFO - mask l1:	0.09120090305805206
2020-06-23 14:42:14,505 - INFO - dice loss:	0.034196700900793076
2020-06-23 14:42:18,973 - INFO - [{'precision': 1.0, 'recall': 1.0, 'hmean': 1.0, 'pairs': [], 'iouMat': [[0.0]], 'gtPolPoints': [tensor([[ 77.,  63.],
        [159.,  63.],
        [159.,  82.],
        [ 77.,  82.]])], 'detPolPoints': [], 'gtCare': 0, 'detCare': 0, 'gtDontCare': [0], 'detDontCare': [], 'detMatched': 0, 'evaluationLog': "GT polygons: 1 (1 don't care)\nDET polygons: 0\n"}]
2020-06-23 14:42:18,974 - INFO - Train, Iter 60, LR [0.001] loss 0.6431512236595154
2020-06-23 14:42:18,974 - INFO - bce:	0.48911890387535095
2020-06-23 14:42:18,974 - INFO - mask l1:	0.09170974045991898
2020-06-23 14:42:18,975 - INFO - dice loss:	0.06232260540127754
2020-06-23 14:42:25,592 - INFO - [{'precision': 1.0, 'recall': 1.0, 'hmean': 1.0, 'pairs': [], 'iouMat': [[0.0]], 'gtPolPoints': [tensor([[ 77.,  63.],
        [159.,  63.],
        [159.,  82.],
        [ 77.,  82.]])], 'detPolPoints': [], 'gtCare': 0, 'detCare': 0, 'gtDontCare': [0], 'detDontCare': [], 'detMatched': 0, 'evaluationLog': "GT polygons: 1 (1 don't care)\nDET polygons: 0\n"}]
2020-06-23 14:42:25,593 - INFO - Train, Iter 70, LR [0.001] loss 0.3746246099472046
2020-06-23 14:42:25,593 - INFO - bce:	0.27357539534568787
2020-06-23 14:42:25,594 - INFO - mask l1:	0.06703174859285355
2020-06-23 14:42:25,594 - INFO - dice loss:	0.034017469733953476
2020-06-23 14:42:29,764 - INFO - [{'precision': 1.0, 'recall': 1.0, 'hmean': 1.0, 'pairs': [], 'iouMat': [[0.0]], 'gtPolPoints': [tensor([[ 77.,  63.],
        [159.,  63.],
        [159.,  82.],
        [ 77.,  82.]])], 'detPolPoints': [], 'gtCare': 0, 'detCare': 0, 'gtDontCare': [0], 'detDontCare': [], 'detMatched': 0, 'evaluationLog': "GT polygons: 1 (1 don't care)\nDET polygons: 0\n"}]
2020-06-23 14:42:29,765 - INFO - Train, Iter 80, LR [0.001] loss 0.30689170956611633
2020-06-23 14:42:29,765 - INFO - bce:	0.2184036523103714
2020-06-23 14:42:29,765 - INFO - mask l1:	0.05787458270788193
2020-06-23 14:42:29,766 - INFO - dice loss:	0.03061348758637905
2020-06-23 14:42:34,521 - INFO - [{'precision': 1.0, 'recall': 1.0, 'hmean': 1.0, 'pairs': [], 'iouMat': [[0.0]], 'gtPolPoints': [tensor([[ 77.,  63.],
        [159.,  63.],
        [159.,  82.],
        [ 77.,  82.]])], 'detPolPoints': [], 'gtCare': 0, 'detCare': 0, 'gtDontCare': [0], 'detDontCare': [], 'detMatched': 0, 'evaluationLog': "GT polygons: 1 (1 don't care)\nDET polygons: 0\n"}]
2020-06-23 14:42:34,522 - INFO - Train, Iter 90, LR [0.001] loss 0.2736732065677643
2020-06-23 14:42:34,522 - INFO - bce:	0.18574269115924835
2020-06-23 14:42:34,523 - INFO - mask l1:	0.059243615716695786
2020-06-23 14:42:34,523 - INFO - dice loss:	0.028686905279755592
