2020-06-23 14:50:40,000 - INFO - Assemble, Step 1, Build Dataset
2020-06-23 14:50:40,001 - INFO - current dataset length is 1 in D:\DB-master\dataset\ours\train_images
2020-06-23 14:50:40,001 - INFO - Assemble, Step 2, Build Dataloader
2020-06-23 14:50:40,002 - INFO - Assemble, Step 3, Build Model
2020-06-23 14:50:40,133 - INFO - ResNet init weights from pretreain
2020-06-23 14:50:40,267 - INFO - GFPN init weights
2020-06-23 14:50:40,312 - INFO - Using GPU 0
2020-06-23 14:50:41,293 - INFO - Assemble, Step 5, Build Criterion
2020-06-23 14:50:41,293 - INFO - Assemble, Step 6, Build Optimizer
2020-06-23 14:50:41,295 - INFO - Assemble, Step 7, Build LR scheduler
2020-06-23 14:50:41,295 - INFO - Assemble, Step 8, Build Runner
2020-06-23 14:50:41,296 - INFO - Start train...
2020-06-23 14:50:46,559 - INFO - [{'precision': 0.0, 'recall': 0.0, 'hmean': 0, 'pairs': [], 'iouMat': [[0.016732046592221793]], 'gtPolPoints': [tensor([[  2., 270.],
        [ 29., 270.],
        [ 29., 373.],
        [  2., 373.]])], 'detPolPoints': [[[0.0, 77.0], [448.0, 77.0], [448.0, 448.0], [0.0, 448.0]]], 'gtCare': 1, 'detCare': 1, 'gtDontCare': [], 'detDontCare': [], 'detMatched': 0, 'evaluationLog': 'GT polygons: 1\nDET polygons: 1\n'}]
2020-06-23 14:50:46,560 - INFO - Train, Iter 10, LR [0.001] loss 0.11866960674524307
2020-06-23 14:50:46,560 - INFO - bce:	0.05775155499577522
2020-06-23 14:50:46,561 - INFO - mask l1:	0.02702697366476059
2020-06-23 14:50:46,561 - INFO - dice loss:	0.03389107808470726
2020-06-23 14:50:48,722 - INFO - [{'precision': 0.0, 'recall': 0.0, 'hmean': 0, 'pairs': [], 'iouMat': [[0.019278227595385982, 0.0]], 'gtPolPoints': [tensor([[  2., 270.],
        [ 29., 270.],
        [ 29., 373.],
        [  2., 373.]])], 'detPolPoints': [[[0.0, 126.0], [448.0, 126.0], [448.0, 448.0], [0.0, 448.0]], [[124.0, 58.0], [404.0, 58.0], [404.0, 147.0], [124.0, 147.0]]], 'gtCare': 1, 'detCare': 2, 'gtDontCare': [], 'detDontCare': [], 'detMatched': 0, 'evaluationLog': 'GT polygons: 1\nDET polygons: 2\n'}]
2020-06-23 14:50:48,722 - INFO - Train, Iter 20, LR [0.001] loss 0.06560830771923065
2020-06-23 14:50:48,722 - INFO - bce:	0.01935485191643238
2020-06-23 14:50:48,723 - INFO - mask l1:	0.015269901603460312
2020-06-23 14:50:48,723 - INFO - dice loss:	0.03098355047404766
2020-06-23 14:50:50,882 - INFO - [{'precision': 0.0, 'recall': 0.0, 'hmean': 0, 'pairs': [], 'iouMat': [[0.01958230058584948, 0.0]], 'gtPolPoints': [tensor([[  2., 270.],
        [ 29., 270.],
        [ 29., 373.],
        [  2., 373.]])], 'detPolPoints': [[[0.0, 131.0], [448.0, 131.0], [448.0, 448.0], [0.0, 448.0]], [[123.0, 56.0], [402.0, 56.0], [402.0, 148.0], [123.0, 148.0]]], 'gtCare': 1, 'detCare': 2, 'gtDontCare': [], 'detDontCare': [], 'detMatched': 0, 'evaluationLog': 'GT polygons: 1\nDET polygons: 2\n'}]
2020-06-23 14:50:50,883 - INFO - Train, Iter 30, LR [0.001] loss 0.05252695083618164
2020-06-23 14:50:50,883 - INFO - bce:	0.013151481747627258
2020-06-23 14:50:50,883 - INFO - mask l1:	0.008745910599827766
2020-06-23 14:50:50,884 - INFO - dice loss:	0.030629558488726616
2020-06-23 14:50:53,044 - INFO - [{'precision': 0.0, 'recall': 0.0, 'hmean': 0, 'pairs': [], 'iouMat': [[0.019832553628480146, 0.0]], 'gtPolPoints': [tensor([[  2., 270.],
        [ 29., 270.],
        [ 29., 373.],
        [  2., 373.]])], 'detPolPoints': [[[0.0, 135.0], [448.0, 135.0], [448.0, 448.0], [0.0, 448.0]], [[126.0, 58.0], [401.0, 58.0], [401.0, 147.0], [126.0, 147.0]]], 'gtCare': 1, 'detCare': 2, 'gtDontCare': [], 'detDontCare': [], 'detMatched': 0, 'evaluationLog': 'GT polygons: 1\nDET polygons: 2\n'}]
2020-06-23 14:50:53,044 - INFO - Train, Iter 40, LR [0.001] loss 0.045632410794496536
2020-06-23 14:50:53,044 - INFO - bce:	0.008606716059148312
2020-06-23 14:50:53,045 - INFO - mask l1:	0.006596843246370554
2020-06-23 14:50:53,045 - INFO - dice loss:	0.030428851023316383
2020-06-23 14:50:55,194 - INFO - [{'precision': 0.0, 'recall': 0.0, 'hmean': 0, 'pairs': [], 'iouMat': [[0.019960094166283877, 0.0, 0.0]], 'gtPolPoints': [tensor([[  2., 270.],
        [ 29., 270.],
        [ 29., 373.],
        [  2., 373.]])], 'detPolPoints': [[[0.0, 137.0], [448.0, 137.0], [448.0, 448.0], [0.0, 448.0]], [[108.0, 169.0], [138.0, 172.0], [132.0, 234.0], [102.0, 231.0]], [[125.0, 57.0], [400.0, 57.0], [400.0, 146.0], [125.0, 146.0]]], 'gtCare': 1, 'detCare': 3, 'gtDontCare': [], 'detDontCare': [], 'detMatched': 0, 'evaluationLog': 'GT polygons: 1\nDET polygons: 3\n'}]
2020-06-23 14:50:55,195 - INFO - Train, Iter 50, LR [0.001] loss 0.04074995964765549
2020-06-23 14:50:55,195 - INFO - bce:	0.00612100912258029
2020-06-23 14:50:55,195 - INFO - mask l1:	0.004372526425868273
2020-06-23 14:50:55,196 - INFO - dice loss:	0.030256425961852074
2020-06-23 14:50:57,343 - INFO - [{'precision': 0.0, 'recall': 0.0, 'hmean': 0, 'pairs': [], 'iouMat': [[0.019832553628480146, 0.0]], 'gtPolPoints': [tensor([[  2., 270.],
        [ 29., 270.],
        [ 29., 373.],
        [  2., 373.]])], 'detPolPoints': [[[0.0, 135.0], [448.0, 135.0], [448.0, 448.0], [0.0, 448.0]], [[128.0, 60.0], [399.0, 60.0], [399.0, 146.0], [128.0, 146.0]]], 'gtCare': 1, 'detCare': 2, 'gtDontCare': [], 'detDontCare': [], 'detMatched': 0, 'evaluationLog': 'GT polygons: 1\nDET polygons: 2\n'}]
2020-06-23 14:50:57,344 - INFO - Train, Iter 60, LR [0.001] loss 0.0405910424888134
2020-06-23 14:50:57,344 - INFO - bce:	0.006659700535237789
2020-06-23 14:50:57,344 - INFO - mask l1:	0.0035174437798559666
2020-06-23 14:50:57,344 - INFO - dice loss:	0.030413895845413208
2020-06-23 14:50:59,490 - INFO - [{'precision': 0.0, 'recall': 0.0, 'hmean': 0, 'pairs': [], 'iouMat': [[0.019832553628480146, 0.0, 0.0]], 'gtPolPoints': [tensor([[  2., 270.],
        [ 29., 270.],
        [ 29., 373.],
        [  2., 373.]])], 'detPolPoints': [[[0.0, 135.0], [448.0, 135.0], [448.0, 448.0], [0.0, 448.0]], [[108.0, 173.0], [133.0, 173.0], [133.0, 232.0], [108.0, 232.0]], [[128.0, 61.0], [399.0, 61.0], [399.0, 146.0], [128.0, 146.0]]], 'gtCare': 1, 'detCare': 3, 'gtDontCare': [], 'detDontCare': [], 'detMatched': 0, 'evaluationLog': 'GT polygons: 1\nDET polygons: 3\n'}]
2020-06-23 14:50:59,491 - INFO - Train, Iter 70, LR [0.0009] loss 0.03758351132273674
2020-06-23 14:50:59,491 - INFO - bce:	0.004009726457297802
2020-06-23 14:50:59,491 - INFO - mask l1:	0.003364310134202242
2020-06-23 14:50:59,492 - INFO - dice loss:	0.030209476128220558
2020-06-23 14:51:01,640 - INFO - [{'precision': 0.0, 'recall': 0.0, 'hmean': 0, 'pairs': [], 'iouMat': [[0.019960094166283877, 0.0, 0.0]], 'gtPolPoints': [tensor([[  2., 270.],
        [ 29., 270.],
        [ 29., 373.],
        [  2., 373.]])], 'detPolPoints': [[[0.0, 137.0], [448.0, 137.0], [448.0, 448.0], [0.0, 448.0]], [[108.0, 173.0], [133.0, 173.0], [133.0, 232.0], [108.0, 232.0]], [[128.0, 61.0], [399.0, 61.0], [399.0, 146.0], [128.0, 146.0]]], 'gtCare': 1, 'detCare': 3, 'gtDontCare': [], 'detDontCare': [], 'detMatched': 0, 'evaluationLog': 'GT polygons: 1\nDET polygons: 3\n'}]
2020-06-23 14:51:01,641 - INFO - Train, Iter 80, LR [0.0009] loss 0.03591456264257431
2020-06-23 14:51:01,641 - INFO - bce:	0.0029407229740172625
2020-06-23 14:51:01,641 - INFO - mask l1:	0.002894342876970768
2020-06-23 14:51:01,641 - INFO - dice loss:	0.030079497024416924
2020-06-23 14:51:03,787 - INFO - [{'precision': 0.0, 'recall': 0.0, 'hmean': 0, 'pairs': [], 'iouMat': [[0.019960094166283877, 0.0, 0.0, 0.0]], 'gtPolPoints': [tensor([[  2., 270.],
        [ 29., 270.],
        [ 29., 373.],
        [  2., 373.]])], 'detPolPoints': [[[0.0, 137.0], [448.0, 137.0], [448.0, 448.0], [0.0, 448.0]], [[108.0, 171.0], [133.0, 171.0], [133.0, 231.0], [108.0, 231.0]], [[32.0, 173.0], [49.0, 173.0], [49.0, 231.0], [32.0, 231.0]], [[128.0, 60.0], [399.0, 60.0], [399.0, 146.0], [128.0, 146.0]]], 'gtCare': 1, 'detCare': 4, 'gtDontCare': [], 'detDontCare': [], 'detMatched': 0, 'evaluationLog': 'GT polygons: 1\nDET polygons: 4\n'}]
2020-06-23 14:51:03,787 - INFO - Train, Iter 90, LR [0.0009] loss 0.03537673503160477
2020-06-23 14:51:03,787 - INFO - bce:	0.0020515171345323324
2020-06-23 14:51:03,788 - INFO - mask l1:	0.0034183175303041935
2020-06-23 14:51:03,788 - INFO - dice loss:	0.029906898736953735
2020-06-23 14:51:05,929 - INFO - [{'precision': 0.0, 'recall': 0.0, 'hmean': 0, 'pairs': [], 'iouMat': [[0.019960094166283877, 0.0, 0.0]], 'gtPolPoints': [tensor([[  2., 270.],
        [ 29., 270.],
        [ 29., 373.],
        [  2., 373.]])], 'detPolPoints': [[[0.0, 137.0], [448.0, 137.0], [448.0, 448.0], [0.0, 448.0]], [[108.0, 171.0], [133.0, 171.0], [133.0, 231.0], [108.0, 231.0]], [[127.0, 60.0], [398.0, 58.0], [399.0, 144.0], [128.0, 146.0]]], 'gtCare': 1, 'detCare': 3, 'gtDontCare': [], 'detDontCare': [], 'detMatched': 0, 'evaluationLog': 'GT polygons: 1\nDET polygons: 3\n'}]
2020-06-23 14:51:05,930 - INFO - Train, Iter 100, LR [0.0009] loss 0.03412386029958725
2020-06-23 14:51:05,930 - INFO - bce:	0.0017553901998326182
2020-06-23 14:51:05,930 - INFO - mask l1:	0.002433939604088664
2020-06-23 14:51:05,931 - INFO - dice loss:	0.029934531077742577
2020-06-23 14:51:08,078 - INFO - [{'precision': 0.0, 'recall': 0.0, 'hmean': 0, 'pairs': [], 'iouMat': [[0.019960094166283877, 0.0, 0.0, 0.0]], 'gtPolPoints': [tensor([[  2., 270.],
        [ 29., 270.],
        [ 29., 373.],
        [  2., 373.]])], 'detPolPoints': [[[0.0, 137.0], [448.0, 137.0], [448.0, 448.0], [0.0, 448.0]], [[108.0, 171.0], [133.0, 171.0], [133.0, 231.0], [108.0, 231.0]], [[32.0, 172.0], [49.0, 172.0], [49.0, 231.0], [32.0, 231.0]], [[129.0, 61.0], [397.0, 61.0], [397.0, 143.0], [129.0, 143.0]]], 'gtCare': 1, 'detCare': 4, 'gtDontCare': [], 'detDontCare': [], 'detMatched': 0, 'evaluationLog': 'GT polygons: 1\nDET polygons: 4\n'}]
2020-06-23 14:51:08,078 - INFO - Train, Iter 110, LR [0.0009] loss 0.03448008745908737
2020-06-23 14:51:08,078 - INFO - bce:	0.0014618979766964912
2020-06-23 14:51:08,078 - INFO - mask l1:	0.003092198632657528
2020-06-23 14:51:08,078 - INFO - dice loss:	0.029925990849733353
