2020-06-23 15:04:21,358 - INFO - Assemble, Step 1, Build Dataset
2020-06-23 15:04:21,359 - INFO - current dataset length is 1 in D:\DB-master\dataset\ours\train_images
2020-06-23 15:04:21,359 - INFO - Assemble, Step 2, Build Dataloader
2020-06-23 15:04:21,360 - INFO - Assemble, Step 3, Build Model
2020-06-23 15:04:21,484 - INFO - ResNet init weights from pretreain
2020-06-23 15:04:21,619 - INFO - GFPN init weights
2020-06-23 15:04:21,654 - INFO - Using GPU 0
2020-06-23 15:04:22,633 - INFO - Assemble, Step 5, Build Criterion
2020-06-23 15:04:22,633 - INFO - Assemble, Step 6, Build Optimizer
2020-06-23 15:04:22,635 - INFO - Assemble, Step 7, Build LR scheduler
2020-06-23 15:04:22,635 - INFO - Assemble, Step 8, Build Runner
2020-06-23 15:04:22,645 - INFO - Start train...
2020-06-23 15:04:34,695 - INFO - [{'precision': 0, 'recall': 0.0, 'hmean': 0, 'pairs': [], 'iouMat': [[2.5e-323]], 'gtPolPoints': [tensor([[  2., 270.],
        [ 29., 270.],
        [ 29., 373.],
        [  2., 373.]])], 'detPolPoints': [], 'gtCare': 1, 'detCare': 0, 'gtDontCare': [], 'detDontCare': [], 'detMatched': 0, 'evaluationLog': 'GT polygons: 1\nDET polygons: 0\n'}]
2020-06-23 15:04:34,695 - INFO - Train, Iter 10, LR [0.001] loss 0.32874906063079834
2020-06-23 15:04:34,696 - INFO - bce:	0.21940645575523376
2020-06-23 15:04:34,696 - INFO - mask l1:	0.09016390144824982
2020-06-23 15:04:34,696 - INFO - dice loss:	0.019178712740540504
