2020-06-23 16:12:57,166 - INFO - Assemble, Step 1, Build Dataset
2020-06-23 16:12:57,167 - INFO - current dataset length is 1 in D:\DB-master\dataset\ours\train_images
2020-06-23 16:12:57,168 - INFO - current dataset length is 1 in D:\DB-master\dataset\ours\train_images
2020-06-23 16:12:57,168 - INFO - Assemble, Step 2, Build Dataloader
2020-06-23 16:12:57,168 - INFO - Assemble, Step 3, Build Model
2020-06-23 16:12:57,294 - INFO - ResNet init weights from pretreain
2020-06-23 16:12:57,451 - INFO - GFPN init weights
2020-06-23 16:12:57,490 - INFO - Using GPU 0
2020-06-23 16:12:58,478 - INFO - Assemble, Step 5, Build Criterion
2020-06-23 16:12:58,478 - INFO - Assemble, Step 6, Build Optimizer
2020-06-23 16:12:58,480 - INFO - Assemble, Step 7, Build LR scheduler
2020-06-23 16:12:58,481 - INFO - Assemble, Step 8, Build Runner
2020-06-23 16:12:58,481 - INFO - Start train...
2020-06-23 16:12:59,351 - INFO - Iteration 1, Start validating
2020-06-23 16:13:01,094 - INFO - EVAL!!! 
 [{'precision': 0, 'recall': 0.0, 'hmean': 0, 'pairs': [], 'iouMat': [[0.0]], 'gtPolPoints': [tensor([[599.,   1.],
        [658.,   1.],
        [658.,  49.],
        [599.,  49.]])], 'detPolPoints': [], 'gtCare': 1, 'detCare': 0, 'gtDontCare': [], 'detDontCare': [], 'detMatched': 0, 'evaluationLog': 'GT polygons: 1\nDET polygons: 0\n'}]
2020-06-23 16:13:03,024 - INFO - [{'precision': 0, 'recall': 0.0, 'hmean': 0, 'pairs': [], 'iouMat': [[0.0]], 'gtPolPoints': [tensor([[599.,   1.],
        [658.,   1.],
        [658.,  49.],
        [599.,  49.]])], 'detPolPoints': [], 'gtCare': 1, 'detCare': 0, 'gtDontCare': [], 'detDontCare': [], 'detMatched': 0, 'evaluationLog': 'GT polygons: 1\nDET polygons: 0\n'}]
2020-06-23 16:13:03,024 - INFO - Train, Iter 10, LR [0.001] loss 0.18408313393592834
2020-06-23 16:13:03,025 - INFO - bce:	0.10400189459323883
2020-06-23 16:13:03,025 - INFO - mask l1:	0.07316477596759796
2020-06-23 16:13:03,025 - INFO - dice loss:	0.006916457321494818
2020-06-23 16:13:03,195 - INFO - Iteration 11, Start validating
2020-06-23 16:13:05,814 - INFO - EVAL!!! 
 [{'precision': 0, 'recall': 0.0, 'hmean': 0, 'pairs': [], 'iouMat': [[9.4216613119e-312]], 'gtPolPoints': [tensor([[599.,   1.],
        [658.,   1.],
        [658.,  49.],
        [599.,  49.]])], 'detPolPoints': [], 'gtCare': 1, 'detCare': 0, 'gtDontCare': [], 'detDontCare': [], 'detMatched': 0, 'evaluationLog': 'GT polygons: 1\nDET polygons: 0\n'}]
