2020-06-23 15:11:10,800 - INFO - Assemble, Step 1, Build Dataset
2020-06-23 15:11:10,801 - INFO - current dataset length is 1 in D:\DB-master\dataset\ours\train_images
2020-06-23 15:11:10,801 - INFO - Assemble, Step 2, Build Dataloader
2020-06-23 15:11:10,801 - INFO - Assemble, Step 3, Build Model
2020-06-23 15:11:10,927 - INFO - ResNet init weights from pretreain
2020-06-23 15:11:11,060 - INFO - GFPN init weights
2020-06-23 15:11:11,094 - INFO - Using GPU 0
2020-06-23 15:11:12,080 - INFO - Assemble, Step 5, Build Criterion
2020-06-23 15:11:12,080 - INFO - Assemble, Step 6, Build Optimizer
2020-06-23 15:11:12,082 - INFO - Assemble, Step 7, Build LR scheduler
2020-06-23 15:11:12,082 - INFO - Assemble, Step 8, Build Runner
2020-06-23 15:11:12,083 - INFO - Start train...
2020-06-23 15:11:26,211 - INFO - [{'precision': 1.0, 'recall': 1.0, 'hmean': 1.0, 'pairs': [], 'iouMat': [[0.0]], 'gtPolPoints': [tensor([[  2., 270.],
        [ 29., 270.],
        [ 29., 373.],
        [  2., 373.]])], 'detPolPoints': [], 'gtCare': 0, 'detCare': 0, 'gtDontCare': [0], 'detDontCare': [], 'detMatched': 0, 'evaluationLog': "GT polygons: 1 (1 don't care)\nDET polygons: 0\n"}]
2020-06-23 15:11:26,212 - INFO - Train, Iter 10, LR [0.001] loss 0.3254650831222534
2020-06-23 15:11:26,212 - INFO - bce:	0.22045496106147766
2020-06-23 15:11:26,212 - INFO - mask l1:	0.08500846475362778
2020-06-23 15:11:26,213 - INFO - dice loss:	0.020001644268631935
