2020-06-23 16:14:15,760 - INFO - Assemble, Step 1, Build Dataset
2020-06-23 16:14:15,761 - INFO - current dataset length is 1 in D:\DB-master\dataset\ours\train_images
2020-06-23 16:14:15,762 - INFO - current dataset length is 1 in D:\DB-master\dataset\ours\train_images
2020-06-23 16:14:15,762 - INFO - Assemble, Step 2, Build Dataloader
2020-06-23 16:14:15,762 - INFO - Assemble, Step 3, Build Model
2020-06-23 16:14:15,887 - INFO - ResNet init weights from pretreain
2020-06-23 16:14:16,022 - INFO - GFPN init weights
2020-06-23 16:14:16,058 - INFO - Using GPU 0
2020-06-23 16:14:17,051 - INFO - Assemble, Step 5, Build Criterion
2020-06-23 16:14:17,052 - INFO - Assemble, Step 6, Build Optimizer
2020-06-23 16:14:17,054 - INFO - Assemble, Step 7, Build LR scheduler
2020-06-23 16:14:17,055 - INFO - Assemble, Step 8, Build Runner
2020-06-23 16:14:17,055 - INFO - Start train...
2020-06-23 16:14:17,955 - INFO - Iteration 1, Start validating
2020-06-23 16:14:20,294 - INFO - EVAL!!! 
 [{'precision': 0, 'recall': 0.0, 'hmean': 0, 'pairs': [], 'iouMat': [[0.0]], 'gtPolPoints': [tensor([[599.,   1.],
        [658.,   1.],
        [658.,  49.],
        [599.,  49.]])], 'detPolPoints': [], 'gtCare': 1, 'detCare': 0, 'gtDontCare': [], 'detDontCare': [], 'detMatched': 0, 'evaluationLog': 'GT polygons: 1\nDET polygons: 0\n'}]
2020-06-23 16:14:23,878 - INFO - [{'precision': 0, 'recall': 0.0, 'hmean': 0, 'pairs': [], 'iouMat': [[0.0]], 'gtPolPoints': [tensor([[599.,   1.],
        [658.,   1.],
        [658.,  49.],
        [599.,  49.]])], 'detPolPoints': [], 'gtCare': 1, 'detCare': 0, 'gtDontCare': [], 'detDontCare': [], 'detMatched': 0, 'evaluationLog': 'GT polygons: 1\nDET polygons: 0\n'}]
2020-06-23 16:14:23,879 - INFO - Train, Iter 10, LR [0.001] loss 0.18341460824012756
2020-06-23 16:14:23,879 - INFO - bce:	0.10491429269313812
2020-06-23 16:14:23,880 - INFO - mask l1:	0.07132328301668167
2020-06-23 16:14:23,880 - INFO - dice loss:	0.007177025079727173
2020-06-23 16:14:24,052 - INFO - Iteration 11, Start validating
2020-06-23 16:14:26,310 - INFO - EVAL!!! 
 [{'precision': 0, 'recall': 0.0, 'hmean': 0, 'pairs': [], 'iouMat': [[0.0]], 'gtPolPoints': [tensor([[599.,   1.],
        [658.,   1.],
        [658.,  49.],
        [599.,  49.]])], 'detPolPoints': [], 'gtCare': 1, 'detCare': 0, 'gtDontCare': [], 'detDontCare': [], 'detMatched': 0, 'evaluationLog': 'GT polygons: 1\nDET polygons: 0\n'}]
